CRITICAL - 2021-05-18 06:59:18 --> Call to undefined function App\Controllers\creationPanier()
#0 C:\xampp\htdocs\www\Nesti_CodeIngniterdebug\system\CodeIgniter.php(936): App\Controllers\UserController->login()
#1 C:\xampp\htdocs\www\Nesti_CodeIngniterdebug\system\CodeIgniter.php(432): CodeIgniter\CodeIgniter->runController(Object(App\Controllers\UserController))
#2 C:\xampp\htdocs\www\Nesti_CodeIngniterdebug\system\CodeIgniter.php(333): CodeIgniter\CodeIgniter->handleRequest(NULL, Object(Config\Cache), false)
#3 C:\xampp\htdocs\www\Nesti_CodeIngniterdebug\public\index.php(44): CodeIgniter\CodeIgniter->run()
#4 {main}
CRITICAL - 2021-05-18 07:02:10 --> Unexpected character "$".
#0 C:\xampp\htdocs\www\Nesti_CodeIngniterdebug\vendor\twig\twig\src\Lexer.php(290): Twig\Lexer->lexExpression()
#1 C:\xampp\htdocs\www\Nesti_CodeIngniterdebug\vendor\twig\twig\src\Lexer.php(184): Twig\Lexer->lexVar()
#2 C:\xampp\htdocs\www\Nesti_CodeIngniterdebug\vendor\twig\twig\src\Environment.php(460): Twig\Lexer->tokenize(Object(Twig\Source))
#3 C:\xampp\htdocs\www\Nesti_CodeIngniterdebug\vendor\twig\twig\src\Environment.php(507): Twig\Environment->tokenize(Object(Twig\Source))
#4 C:\xampp\htdocs\www\Nesti_CodeIngniterdebug\vendor\twig\twig\src\Environment.php(348): Twig\Environment->compileSource(Object(Twig\Source))
#5 C:\xampp\htdocs\www\Nesti_CodeIngniterdebug\vendor\twig\twig\src\Environment.php(309): Twig\Environment->loadTemplate('__TwigTemplate_...', 'templates/intro...')
#6 C:\xampp\htdocs\www\Nesti_CodeIngniterdebug\vendor\twig\twig\src\Environment.php(277): Twig\Environment->load('templates/intro...')
#7 C:\xampp\htdocs\www\Nesti_CodeIngniterdebug\vendor\kenjis\codeigniter-ss-twig\src\CI4Twig\Twig.php(177): Twig\Environment->render('templates/intro...', Array)
#8 C:\xampp\htdocs\www\Nesti_CodeIngniterdebug\vendor\kenjis\codeigniter-ss-twig\src\CI4Twig\Twig.php(156): Kenjis\CI4Twig\Twig->render('templates/intro...', Array)
#9 C:\xampp\htdocs\www\Nesti_CodeIngniterdebug\app\Controllers\UserController.php(42): Kenjis\CI4Twig\Twig->display('templates/intro...', Array)
#10 C:\xampp\htdocs\www\Nesti_CodeIngniterdebug\system\CodeIgniter.php(936): App\Controllers\UserController->login()
#11 C:\xampp\htdocs\www\Nesti_CodeIngniterdebug\system\CodeIgniter.php(432): CodeIgniter\CodeIgniter->runController(Object(App\Controllers\UserController))
#12 C:\xampp\htdocs\www\Nesti_CodeIngniterdebug\system\CodeIgniter.php(333): CodeIgniter\CodeIgniter->handleRequest(NULL, Object(Config\Cache), false)
#13 C:\xampp\htdocs\www\Nesti_CodeIngniterdebug\public\index.php(44): CodeIgniter\CodeIgniter->run()
#14 {main}
CRITICAL - 2021-05-18 07:12:07 --> Undefined property: App\Controllers\UserController::$session
#0 C:\xampp\htdocs\www\Nesti_CodeIngniterdebug\app\Controllers\UserController.php(43): CodeIgniter\Debug\Exceptions->errorHandler(8, 'Undefined prope...', 'C:\\xampp\\htdocs...', 43, Array)
#1 C:\xampp\htdocs\www\Nesti_CodeIngniterdebug\system\CodeIgniter.php(936): App\Controllers\UserController->login()
#2 C:\xampp\htdocs\www\Nesti_CodeIngniterdebug\system\CodeIgniter.php(432): CodeIgniter\CodeIgniter->runController(Object(App\Controllers\UserController))
#3 C:\xampp\htdocs\www\Nesti_CodeIngniterdebug\system\CodeIgniter.php(333): CodeIgniter\CodeIgniter->handleRequest(NULL, Object(Config\Cache), false)
#4 C:\xampp\htdocs\www\Nesti_CodeIngniterdebug\public\index.php(44): CodeIgniter\CodeIgniter->run()
#5 {main}
CRITICAL - 2021-05-18 07:13:16 --> Undefined property: App\Controllers\UserController::$session
#0 C:\xampp\htdocs\www\Nesti_CodeIngniterdebug\app\Controllers\UserController.php(43): CodeIgniter\Debug\Exceptions->errorHandler(8, 'Undefined prope...', 'C:\\xampp\\htdocs...', 43, Array)
#1 C:\xampp\htdocs\www\Nesti_CodeIngniterdebug\system\CodeIgniter.php(936): App\Controllers\UserController->login()
#2 C:\xampp\htdocs\www\Nesti_CodeIngniterdebug\system\CodeIgniter.php(432): CodeIgniter\CodeIgniter->runController(Object(App\Controllers\UserController))
#3 C:\xampp\htdocs\www\Nesti_CodeIngniterdebug\system\CodeIgniter.php(333): CodeIgniter\CodeIgniter->handleRequest(NULL, Object(Config\Cache), false)
#4 C:\xampp\htdocs\www\Nesti_CodeIngniterdebug\public\index.php(44): CodeIgniter\CodeIgniter->run()
#5 {main}
CRITICAL - 2021-05-18 07:14:57 --> Unknown "dumpt" function. Did you mean "dump"?
#0 C:\xampp\htdocs\www\Nesti_CodeIngniterdebug\vendor\twig\twig\src\ExpressionParser.php(455): Twig\ExpressionParser->getFunctionNodeClass('dumpt', 14)
#1 C:\xampp\htdocs\www\Nesti_CodeIngniterdebug\vendor\twig\twig\src\ExpressionParser.php(235): Twig\ExpressionParser->getFunctionNode('dumpt', 14)
#2 C:\xampp\htdocs\www\Nesti_CodeIngniterdebug\vendor\twig\twig\src\ExpressionParser.php(175): Twig\ExpressionParser->parsePrimaryExpression()
#3 C:\xampp\htdocs\www\Nesti_CodeIngniterdebug\vendor\twig\twig\src\ExpressionParser.php(70): Twig\ExpressionParser->getPrimary()
#4 C:\xampp\htdocs\www\Nesti_CodeIngniterdebug\vendor\twig\twig\src\Parser.php(128): Twig\ExpressionParser->parseExpression()
#5 C:\xampp\htdocs\www\Nesti_CodeIngniterdebug\vendor\twig\twig\src\TokenParser\IfTokenParser.php(41): Twig\Parser->subparse(Array)
#6 C:\xampp\htdocs\www\Nesti_CodeIngniterdebug\vendor\twig\twig\src\Parser.php(171): Twig\TokenParser\IfTokenParser->parse(Object(Twig\Token))
#7 C:\xampp\htdocs\www\Nesti_CodeIngniterdebug\vendor\twig\twig\src\TokenParser\BlockTokenParser.php(47): Twig\Parser->subparse(Array, true)
#8 C:\xampp\htdocs\www\Nesti_CodeIngniterdebug\vendor\twig\twig\src\Parser.php(171): Twig\TokenParser\BlockTokenParser->parse(Object(Twig\Token))
#9 C:\xampp\htdocs\www\Nesti_CodeIngniterdebug\vendor\twig\twig\src\Parser.php(84): Twig\Parser->subparse(NULL, false)
#10 C:\xampp\htdocs\www\Nesti_CodeIngniterdebug\vendor\twig\twig\src\Environment.php(479): Twig\Parser->parse(Object(Twig\TokenStream))
#11 C:\xampp\htdocs\www\Nesti_CodeIngniterdebug\vendor\twig\twig\src\Environment.php(507): Twig\Environment->parse(Object(Twig\TokenStream))
#12 C:\xampp\htdocs\www\Nesti_CodeIngniterdebug\vendor\twig\twig\src\Environment.php(348): Twig\Environment->compileSource(Object(Twig\Source))
#13 C:\xampp\htdocs\www\Nesti_CodeIngniterdebug\vendor\twig\twig\src\Environment.php(309): Twig\Environment->loadTemplate('__TwigTemplate_...', 'templates/intro...')
#14 C:\xampp\htdocs\www\Nesti_CodeIngniterdebug\vendor\twig\twig\src\Environment.php(277): Twig\Environment->load('templates/intro...')
#15 C:\xampp\htdocs\www\Nesti_CodeIngniterdebug\vendor\kenjis\codeigniter-ss-twig\src\CI4Twig\Twig.php(177): Twig\Environment->render('templates/intro...', Array)
#16 C:\xampp\htdocs\www\Nesti_CodeIngniterdebug\vendor\kenjis\codeigniter-ss-twig\src\CI4Twig\Twig.php(156): Kenjis\CI4Twig\Twig->render('templates/intro...', Array)
#17 C:\xampp\htdocs\www\Nesti_CodeIngniterdebug\app\Controllers\UserController.php(44): Kenjis\CI4Twig\Twig->display('templates/intro...', Array)
#18 C:\xampp\htdocs\www\Nesti_CodeIngniterdebug\system\CodeIgniter.php(936): App\Controllers\UserController->login()
#19 C:\xampp\htdocs\www\Nesti_CodeIngniterdebug\system\CodeIgniter.php(432): CodeIgniter\CodeIgniter->runController(Object(App\Controllers\UserController))
#20 C:\xampp\htdocs\www\Nesti_CodeIngniterdebug\system\CodeIgniter.php(333): CodeIgniter\CodeIgniter->handleRequest(NULL, Object(Config\Cache), false)
#21 C:\xampp\htdocs\www\Nesti_CodeIngniterdebug\public\index.php(44): CodeIgniter\CodeIgniter->run()
#22 {main}
CRITICAL - 2021-05-18 07:22:52 --> An exception has been thrown during the rendering of a template ("Array to string conversion").
#0 C:\xampp\htdocs\www\Nesti_CodeIngniterdebug\writable\cache\twig\42\429bc18ecf64da83aa73e3842f4a695bc06d104bdaaab46961b41a9a8d09f42b.php(75): Twig\Template->displayBlock('body', Array, Array)
#1 C:\xampp\htdocs\www\Nesti_CodeIngniterdebug\vendor\twig\twig\src\Template.php(394): __TwigTemplate_fe4c5965f1d618e4ff090cd41c2972ec12d17220d931e43dd48b919fa984110b->doDisplay(Array, Array)
#2 C:\xampp\htdocs\www\Nesti_CodeIngniterdebug\vendor\twig\twig\src\Template.php(367): Twig\Template->displayWithErrorHandling(Array, Array)
#3 C:\xampp\htdocs\www\Nesti_CodeIngniterdebug\writable\cache\twig\a7\a747a6f75fe93de99f286cbef71714cb7028cc5982fe4a1c8f97ac6ffbd8a612.php(42): Twig\Template->display(Array, Array)
#4 C:\xampp\htdocs\www\Nesti_CodeIngniterdebug\vendor\twig\twig\src\Template.php(394): __TwigTemplate_5a65813a02e4ab8183f0136511b34d5ce682e49c317a016115c95e206c3fa96f->doDisplay(Array, Array)
#5 C:\xampp\htdocs\www\Nesti_CodeIngniterdebug\vendor\twig\twig\src\Template.php(367): Twig\Template->displayWithErrorHandling(Array, Array)
#6 C:\xampp\htdocs\www\Nesti_CodeIngniterdebug\vendor\twig\twig\src\Template.php(379): Twig\Template->display(Array)
#7 C:\xampp\htdocs\www\Nesti_CodeIngniterdebug\vendor\twig\twig\src\TemplateWrapper.php(40): Twig\Template->render(Array, Array)
#8 C:\xampp\htdocs\www\Nesti_CodeIngniterdebug\vendor\twig\twig\src\Environment.php(277): Twig\TemplateWrapper->render(Array)
#9 C:\xampp\htdocs\www\Nesti_CodeIngniterdebug\vendor\kenjis\codeigniter-ss-twig\src\CI4Twig\Twig.php(177): Twig\Environment->render('templates/intro...', Array)
#10 C:\xampp\htdocs\www\Nesti_CodeIngniterdebug\vendor\kenjis\codeigniter-ss-twig\src\CI4Twig\Twig.php(156): Kenjis\CI4Twig\Twig->render('templates/intro...', Array)
#11 C:\xampp\htdocs\www\Nesti_CodeIngniterdebug\app\Controllers\UserController.php(44): Kenjis\CI4Twig\Twig->display('templates/intro...', Array)
#12 C:\xampp\htdocs\www\Nesti_CodeIngniterdebug\system\CodeIgniter.php(936): App\Controllers\UserController->login()
#13 C:\xampp\htdocs\www\Nesti_CodeIngniterdebug\system\CodeIgniter.php(432): CodeIgniter\CodeIgniter->runController(Object(App\Controllers\UserController))
#14 C:\xampp\htdocs\www\Nesti_CodeIngniterdebug\system\CodeIgniter.php(333): CodeIgniter\CodeIgniter->handleRequest(NULL, Object(Config\Cache), false)
#15 C:\xampp\htdocs\www\Nesti_CodeIngniterdebug\public\index.php(44): CodeIgniter\CodeIgniter->run()
#16 {main}
CRITICAL - 2021-05-18 07:24:24 --> An exception has been thrown during the rendering of a template ("Array to string conversion").
#0 C:\xampp\htdocs\www\Nesti_CodeIngniterdebug\writable\cache\twig\42\429bc18ecf64da83aa73e3842f4a695bc06d104bdaaab46961b41a9a8d09f42b.php(75): Twig\Template->displayBlock('body', Array, Array)
#1 C:\xampp\htdocs\www\Nesti_CodeIngniterdebug\vendor\twig\twig\src\Template.php(394): __TwigTemplate_fe4c5965f1d618e4ff090cd41c2972ec12d17220d931e43dd48b919fa984110b->doDisplay(Array, Array)
#2 C:\xampp\htdocs\www\Nesti_CodeIngniterdebug\vendor\twig\twig\src\Template.php(367): Twig\Template->displayWithErrorHandling(Array, Array)
#3 C:\xampp\htdocs\www\Nesti_CodeIngniterdebug\writable\cache\twig\a7\a747a6f75fe93de99f286cbef71714cb7028cc5982fe4a1c8f97ac6ffbd8a612.php(42): Twig\Template->display(Array, Array)
#4 C:\xampp\htdocs\www\Nesti_CodeIngniterdebug\vendor\twig\twig\src\Template.php(394): __TwigTemplate_5a65813a02e4ab8183f0136511b34d5ce682e49c317a016115c95e206c3fa96f->doDisplay(Array, Array)
#5 C:\xampp\htdocs\www\Nesti_CodeIngniterdebug\vendor\twig\twig\src\Template.php(367): Twig\Template->displayWithErrorHandling(Array, Array)
#6 C:\xampp\htdocs\www\Nesti_CodeIngniterdebug\vendor\twig\twig\src\Template.php(379): Twig\Template->display(Array)
#7 C:\xampp\htdocs\www\Nesti_CodeIngniterdebug\vendor\twig\twig\src\TemplateWrapper.php(40): Twig\Template->render(Array, Array)
#8 C:\xampp\htdocs\www\Nesti_CodeIngniterdebug\vendor\twig\twig\src\Environment.php(277): Twig\TemplateWrapper->render(Array)
#9 C:\xampp\htdocs\www\Nesti_CodeIngniterdebug\vendor\kenjis\codeigniter-ss-twig\src\CI4Twig\Twig.php(177): Twig\Environment->render('templates/intro...', Array)
#10 C:\xampp\htdocs\www\Nesti_CodeIngniterdebug\vendor\kenjis\codeigniter-ss-twig\src\CI4Twig\Twig.php(156): Kenjis\CI4Twig\Twig->render('templates/intro...', Array)
#11 C:\xampp\htdocs\www\Nesti_CodeIngniterdebug\app\Controllers\UserController.php(44): Kenjis\CI4Twig\Twig->display('templates/intro...', Array)
#12 C:\xampp\htdocs\www\Nesti_CodeIngniterdebug\system\CodeIgniter.php(936): App\Controllers\UserController->login()
#13 C:\xampp\htdocs\www\Nesti_CodeIngniterdebug\system\CodeIgniter.php(432): CodeIgniter\CodeIgniter->runController(Object(App\Controllers\UserController))
#14 C:\xampp\htdocs\www\Nesti_CodeIngniterdebug\system\CodeIgniter.php(333): CodeIgniter\CodeIgniter->handleRequest(NULL, Object(Config\Cache), false)
#15 C:\xampp\htdocs\www\Nesti_CodeIngniterdebug\public\index.php(44): CodeIgniter\CodeIgniter->run()
#16 {main}
CRITICAL - 2021-05-18 07:38:42 --> Unable to find template "templates/sold.html.twig" (looked into: C:\xampp\htdocs\www\Nesti_CodeIngniterdebug\app\Views).
#0 C:\xampp\htdocs\www\Nesti_CodeIngniterdebug\vendor\twig\twig\src\Loader\FilesystemLoader.php(131): Twig\Loader\FilesystemLoader->findTemplate('templates/sold....')
#1 C:\xampp\htdocs\www\Nesti_CodeIngniterdebug\vendor\twig\twig\src\Environment.php(261): Twig\Loader\FilesystemLoader->getCacheKey('templates/sold....')
#2 C:\xampp\htdocs\www\Nesti_CodeIngniterdebug\vendor\twig\twig\src\Environment.php(309): Twig\Environment->getTemplateClass('templates/sold....')
#3 C:\xampp\htdocs\www\Nesti_CodeIngniterdebug\vendor\twig\twig\src\Environment.php(277): Twig\Environment->load('templates/sold....')
#4 C:\xampp\htdocs\www\Nesti_CodeIngniterdebug\vendor\kenjis\codeigniter-ss-twig\src\CI4Twig\Twig.php(177): Twig\Environment->render('templates/sold....', Array)
#5 C:\xampp\htdocs\www\Nesti_CodeIngniterdebug\vendor\kenjis\codeigniter-ss-twig\src\CI4Twig\Twig.php(156): Kenjis\CI4Twig\Twig->render('templates/sold....', Array)
#6 C:\xampp\htdocs\www\Nesti_CodeIngniterdebug\app\Controllers\ArticleController.php(28): Kenjis\CI4Twig\Twig->display('templates/sold....', Array)
#7 C:\xampp\htdocs\www\Nesti_CodeIngniterdebug\system\CodeIgniter.php(936): App\Controllers\ArticleController->index()
#8 C:\xampp\htdocs\www\Nesti_CodeIngniterdebug\system\CodeIgniter.php(432): CodeIgniter\CodeIgniter->runController(Object(App\Controllers\ArticleController))
#9 C:\xampp\htdocs\www\Nesti_CodeIngniterdebug\system\CodeIgniter.php(333): CodeIgniter\CodeIgniter->handleRequest(NULL, Object(Config\Cache), false)
#10 C:\xampp\htdocs\www\Nesti_CodeIngniterdebug\public\index.php(44): CodeIgniter\CodeIgniter->run()
#11 {main}
CRITICAL - 2021-05-18 07:39:40 --> Unable to find template "templates/article.html.twig" (looked into: C:\xampp\htdocs\www\Nesti_CodeIngniterdebug\app\Views).
#0 C:\xampp\htdocs\www\Nesti_CodeIngniterdebug\vendor\twig\twig\src\Loader\FilesystemLoader.php(131): Twig\Loader\FilesystemLoader->findTemplate('templates/artic...')
#1 C:\xampp\htdocs\www\Nesti_CodeIngniterdebug\vendor\twig\twig\src\Environment.php(261): Twig\Loader\FilesystemLoader->getCacheKey('templates/artic...')
#2 C:\xampp\htdocs\www\Nesti_CodeIngniterdebug\vendor\twig\twig\src\Environment.php(309): Twig\Environment->getTemplateClass('templates/artic...')
#3 C:\xampp\htdocs\www\Nesti_CodeIngniterdebug\vendor\twig\twig\src\Environment.php(277): Twig\Environment->load('templates/artic...')
#4 C:\xampp\htdocs\www\Nesti_CodeIngniterdebug\vendor\kenjis\codeigniter-ss-twig\src\CI4Twig\Twig.php(177): Twig\Environment->render('templates/artic...', Array)
#5 C:\xampp\htdocs\www\Nesti_CodeIngniterdebug\vendor\kenjis\codeigniter-ss-twig\src\CI4Twig\Twig.php(156): Kenjis\CI4Twig\Twig->render('templates/artic...', Array)
#6 C:\xampp\htdocs\www\Nesti_CodeIngniterdebug\app\Controllers\ArticleController.php(28): Kenjis\CI4Twig\Twig->display('templates/artic...', Array)
#7 C:\xampp\htdocs\www\Nesti_CodeIngniterdebug\system\CodeIgniter.php(936): App\Controllers\ArticleController->index()
#8 C:\xampp\htdocs\www\Nesti_CodeIngniterdebug\system\CodeIgniter.php(432): CodeIgniter\CodeIgniter->runController(Object(App\Controllers\ArticleController))
#9 C:\xampp\htdocs\www\Nesti_CodeIngniterdebug\system\CodeIgniter.php(333): CodeIgniter\CodeIgniter->handleRequest(NULL, Object(Config\Cache), false)
#10 C:\xampp\htdocs\www\Nesti_CodeIngniterdebug\public\index.php(44): CodeIgniter\CodeIgniter->run()
#11 {main}
CRITICAL - 2021-05-18 07:39:43 --> Unable to find template "templates/article.html.twig" (looked into: C:\xampp\htdocs\www\Nesti_CodeIngniterdebug\app\Views).
#0 C:\xampp\htdocs\www\Nesti_CodeIngniterdebug\vendor\twig\twig\src\Loader\FilesystemLoader.php(131): Twig\Loader\FilesystemLoader->findTemplate('templates/artic...')
#1 C:\xampp\htdocs\www\Nesti_CodeIngniterdebug\vendor\twig\twig\src\Environment.php(261): Twig\Loader\FilesystemLoader->getCacheKey('templates/artic...')
#2 C:\xampp\htdocs\www\Nesti_CodeIngniterdebug\vendor\twig\twig\src\Environment.php(309): Twig\Environment->getTemplateClass('templates/artic...')
#3 C:\xampp\htdocs\www\Nesti_CodeIngniterdebug\vendor\twig\twig\src\Environment.php(277): Twig\Environment->load('templates/artic...')
#4 C:\xampp\htdocs\www\Nesti_CodeIngniterdebug\vendor\kenjis\codeigniter-ss-twig\src\CI4Twig\Twig.php(177): Twig\Environment->render('templates/artic...', Array)
#5 C:\xampp\htdocs\www\Nesti_CodeIngniterdebug\vendor\kenjis\codeigniter-ss-twig\src\CI4Twig\Twig.php(156): Kenjis\CI4Twig\Twig->render('templates/artic...', Array)
#6 C:\xampp\htdocs\www\Nesti_CodeIngniterdebug\app\Controllers\ArticleController.php(28): Kenjis\CI4Twig\Twig->display('templates/artic...', Array)
#7 C:\xampp\htdocs\www\Nesti_CodeIngniterdebug\system\CodeIgniter.php(936): App\Controllers\ArticleController->index()
#8 C:\xampp\htdocs\www\Nesti_CodeIngniterdebug\system\CodeIgniter.php(432): CodeIgniter\CodeIgniter->runController(Object(App\Controllers\ArticleController))
#9 C:\xampp\htdocs\www\Nesti_CodeIngniterdebug\system\CodeIgniter.php(333): CodeIgniter\CodeIgniter->handleRequest(NULL, Object(Config\Cache), false)
#10 C:\xampp\htdocs\www\Nesti_CodeIngniterdebug\public\index.php(44): CodeIgniter\CodeIgniter->run()
#11 {main}
CRITICAL - 2021-05-18 07:39:49 --> Unable to find template "templates/article.html.twig" (looked into: C:\xampp\htdocs\www\Nesti_CodeIngniterdebug\app\Views).
#0 C:\xampp\htdocs\www\Nesti_CodeIngniterdebug\vendor\twig\twig\src\Loader\FilesystemLoader.php(131): Twig\Loader\FilesystemLoader->findTemplate('templates/artic...')
#1 C:\xampp\htdocs\www\Nesti_CodeIngniterdebug\vendor\twig\twig\src\Environment.php(261): Twig\Loader\FilesystemLoader->getCacheKey('templates/artic...')
#2 C:\xampp\htdocs\www\Nesti_CodeIngniterdebug\vendor\twig\twig\src\Environment.php(309): Twig\Environment->getTemplateClass('templates/artic...')
#3 C:\xampp\htdocs\www\Nesti_CodeIngniterdebug\vendor\twig\twig\src\Environment.php(277): Twig\Environment->load('templates/artic...')
#4 C:\xampp\htdocs\www\Nesti_CodeIngniterdebug\vendor\kenjis\codeigniter-ss-twig\src\CI4Twig\Twig.php(177): Twig\Environment->render('templates/artic...', Array)
#5 C:\xampp\htdocs\www\Nesti_CodeIngniterdebug\vendor\kenjis\codeigniter-ss-twig\src\CI4Twig\Twig.php(156): Kenjis\CI4Twig\Twig->render('templates/artic...', Array)
#6 C:\xampp\htdocs\www\Nesti_CodeIngniterdebug\app\Controllers\ArticleController.php(28): Kenjis\CI4Twig\Twig->display('templates/artic...', Array)
#7 C:\xampp\htdocs\www\Nesti_CodeIngniterdebug\system\CodeIgniter.php(936): App\Controllers\ArticleController->index()
#8 C:\xampp\htdocs\www\Nesti_CodeIngniterdebug\system\CodeIgniter.php(432): CodeIgniter\CodeIgniter->runController(Object(App\Controllers\ArticleController))
#9 C:\xampp\htdocs\www\Nesti_CodeIngniterdebug\system\CodeIgniter.php(333): CodeIgniter\CodeIgniter->handleRequest(NULL, Object(Config\Cache), false)
#10 C:\xampp\htdocs\www\Nesti_CodeIngniterdebug\public\index.php(44): CodeIgniter\CodeIgniter->run()
#11 {main}
CRITICAL - 2021-05-18 07:57:59 --> Unexpected token "punctuation" of value ")".
#0 C:\xampp\htdocs\www\Nesti_CodeIngniterdebug\vendor\twig\twig\src\ExpressionParser.php(175): Twig\ExpressionParser->parsePrimaryExpression()
#1 C:\xampp\htdocs\www\Nesti_CodeIngniterdebug\vendor\twig\twig\src\ExpressionParser.php(70): Twig\ExpressionParser->getPrimary()
#2 C:\xampp\htdocs\www\Nesti_CodeIngniterdebug\vendor\twig\twig\src\ExpressionParser.php(83): Twig\ExpressionParser->parseExpression(41)
#3 C:\xampp\htdocs\www\Nesti_CodeIngniterdebug\vendor\twig\twig\src\ExpressionParser.php(602): Twig\ExpressionParser->parseExpression(0, false)
#4 C:\xampp\htdocs\www\Nesti_CodeIngniterdebug\vendor\twig\twig\src\ExpressionParser.php(454): Twig\ExpressionParser->parseArguments(true)
#5 C:\xampp\htdocs\www\Nesti_CodeIngniterdebug\vendor\twig\twig\src\ExpressionParser.php(235): Twig\ExpressionParser->getFunctionNode('form_open', 20)
#6 C:\xampp\htdocs\www\Nesti_CodeIngniterdebug\vendor\twig\twig\src\ExpressionParser.php(175): Twig\ExpressionParser->parsePrimaryExpression()
#7 C:\xampp\htdocs\www\Nesti_CodeIngniterdebug\vendor\twig\twig\src\ExpressionParser.php(70): Twig\ExpressionParser->getPrimary()
#8 C:\xampp\htdocs\www\Nesti_CodeIngniterdebug\vendor\twig\twig\src\Parser.php(128): Twig\ExpressionParser->parseExpression()
#9 C:\xampp\htdocs\www\Nesti_CodeIngniterdebug\vendor\twig\twig\src\TokenParser\ForTokenParser.php(42): Twig\Parser->subparse(Array)
#10 C:\xampp\htdocs\www\Nesti_CodeIngniterdebug\vendor\twig\twig\src\Parser.php(171): Twig\TokenParser\ForTokenParser->parse(Object(Twig\Token))
#11 C:\xampp\htdocs\www\Nesti_CodeIngniterdebug\vendor\twig\twig\src\TokenParser\IfTokenParser.php(41): Twig\Parser->subparse(Array)
#12 C:\xampp\htdocs\www\Nesti_CodeIngniterdebug\vendor\twig\twig\src\Parser.php(171): Twig\TokenParser\IfTokenParser->parse(Object(Twig\Token))
#13 C:\xampp\htdocs\www\Nesti_CodeIngniterdebug\vendor\twig\twig\src\TokenParser\BlockTokenParser.php(47): Twig\Parser->subparse(Array, true)
#14 C:\xampp\htdocs\www\Nesti_CodeIngniterdebug\vendor\twig\twig\src\Parser.php(171): Twig\TokenParser\BlockTokenParser->parse(Object(Twig\Token))
#15 C:\xampp\htdocs\www\Nesti_CodeIngniterdebug\vendor\twig\twig\src\Parser.php(84): Twig\Parser->subparse(NULL, false)
#16 C:\xampp\htdocs\www\Nesti_CodeIngniterdebug\vendor\twig\twig\src\Environment.php(479): Twig\Parser->parse(Object(Twig\TokenStream))
#17 C:\xampp\htdocs\www\Nesti_CodeIngniterdebug\vendor\twig\twig\src\Environment.php(507): Twig\Environment->parse(Object(Twig\TokenStream))
#18 C:\xampp\htdocs\www\Nesti_CodeIngniterdebug\vendor\twig\twig\src\Environment.php(348): Twig\Environment->compileSource(Object(Twig\Source))
#19 C:\xampp\htdocs\www\Nesti_CodeIngniterdebug\vendor\twig\twig\src\Environment.php(309): Twig\Environment->loadTemplate('__TwigTemplate_...', 'templates/detai...')
#20 C:\xampp\htdocs\www\Nesti_CodeIngniterdebug\vendor\twig\twig\src\Environment.php(277): Twig\Environment->load('templates/detai...')
#21 C:\xampp\htdocs\www\Nesti_CodeIngniterdebug\vendor\kenjis\codeigniter-ss-twig\src\CI4Twig\Twig.php(177): Twig\Environment->render('templates/detai...', Array)
#22 C:\xampp\htdocs\www\Nesti_CodeIngniterdebug\vendor\kenjis\codeigniter-ss-twig\src\CI4Twig\Twig.php(156): Kenjis\CI4Twig\Twig->render('templates/detai...', Array)
#23 C:\xampp\htdocs\www\Nesti_CodeIngniterdebug\app\Controllers\ArticleController.php(54): Kenjis\CI4Twig\Twig->display('templates/detai...', Array)
#24 C:\xampp\htdocs\www\Nesti_CodeIngniterdebug\system\CodeIgniter.php(936): App\Controllers\ArticleController->detailsArticle('7')
#25 C:\xampp\htdocs\www\Nesti_CodeIngniterdebug\system\CodeIgniter.php(432): CodeIgniter\CodeIgniter->runController(Object(App\Controllers\ArticleController))
#26 C:\xampp\htdocs\www\Nesti_CodeIngniterdebug\system\CodeIgniter.php(333): CodeIgniter\CodeIgniter->handleRequest(NULL, Object(Config\Cache), false)
#27 C:\xampp\htdocs\www\Nesti_CodeIngniterdebug\public\index.php(44): CodeIgniter\CodeIgniter->run()
#28 {main}
CRITICAL - 2021-05-18 08:06:22 --> Class 'App\Entities\ArticlePriceModel' not found
#0 C:\xampp\htdocs\www\Nesti_CodeIngniterdebug\vendor\twig\twig\src\Extension\CoreExtension.php(1541): App\Entities\Articles->getPrice('1')
#1 C:\xampp\htdocs\www\Nesti_CodeIngniterdebug\writable\cache\twig\83\83868dfd59affebfbaeda394422fe7f5a49081677289a23f5211bc3364421ad1.php(90): twig_get_attribute(Object(Twig\Environment), Object(Twig\Source), Object(App\Entities\Articles), 'getPrice', Array, 'method', false, false, false, 19)
#2 C:\xampp\htdocs\www\Nesti_CodeIngniterdebug\vendor\twig\twig\src\Template.php(171): __TwigTemplate_693f61ceb12d6c11f5a0c13cc6899acda2950086fad9dce4f4f7afab47f3b76e->block_body(Array, Array)
#3 C:\xampp\htdocs\www\Nesti_CodeIngniterdebug\writable\cache\twig\42\429bc18ecf64da83aa73e3842f4a695bc06d104bdaaab46961b41a9a8d09f42b.php(75): Twig\Template->displayBlock('body', Array, Array)
#4 C:\xampp\htdocs\www\Nesti_CodeIngniterdebug\vendor\twig\twig\src\Template.php(394): __TwigTemplate_fe4c5965f1d618e4ff090cd41c2972ec12d17220d931e43dd48b919fa984110b->doDisplay(Array, Array)
#5 C:\xampp\htdocs\www\Nesti_CodeIngniterdebug\vendor\twig\twig\src\Template.php(367): Twig\Template->displayWithErrorHandling(Array, Array)
#6 C:\xampp\htdocs\www\Nesti_CodeIngniterdebug\writable\cache\twig\83\83868dfd59affebfbaeda394422fe7f5a49081677289a23f5211bc3364421ad1.php(42): Twig\Template->display(Array, Array)
#7 C:\xampp\htdocs\www\Nesti_CodeIngniterdebug\vendor\twig\twig\src\Template.php(394): __TwigTemplate_693f61ceb12d6c11f5a0c13cc6899acda2950086fad9dce4f4f7afab47f3b76e->doDisplay(Array, Array)
#8 C:\xampp\htdocs\www\Nesti_CodeIngniterdebug\vendor\twig\twig\src\Template.php(367): Twig\Template->displayWithErrorHandling(Array, Array)
#9 C:\xampp\htdocs\www\Nesti_CodeIngniterdebug\vendor\twig\twig\src\Template.php(379): Twig\Template->display(Array)
#10 C:\xampp\htdocs\www\Nesti_CodeIngniterdebug\vendor\twig\twig\src\TemplateWrapper.php(40): Twig\Template->render(Array, Array)
#11 C:\xampp\htdocs\www\Nesti_CodeIngniterdebug\vendor\twig\twig\src\Environment.php(277): Twig\TemplateWrapper->render(Array)
#12 C:\xampp\htdocs\www\Nesti_CodeIngniterdebug\vendor\kenjis\codeigniter-ss-twig\src\CI4Twig\Twig.php(177): Twig\Environment->render('templates/artic...', Array)
#13 C:\xampp\htdocs\www\Nesti_CodeIngniterdebug\vendor\kenjis\codeigniter-ss-twig\src\CI4Twig\Twig.php(156): Kenjis\CI4Twig\Twig->render('templates/artic...', Array)
#14 C:\xampp\htdocs\www\Nesti_CodeIngniterdebug\app\Controllers\ArticleController.php(28): Kenjis\CI4Twig\Twig->display('templates/artic...', Array)
#15 C:\xampp\htdocs\www\Nesti_CodeIngniterdebug\system\CodeIgniter.php(936): App\Controllers\ArticleController->index()
#16 C:\xampp\htdocs\www\Nesti_CodeIngniterdebug\system\CodeIgniter.php(432): CodeIgniter\CodeIgniter->runController(Object(App\Controllers\ArticleController))
#17 C:\xampp\htdocs\www\Nesti_CodeIngniterdebug\system\CodeIgniter.php(333): CodeIgniter\CodeIgniter->handleRequest(NULL, Object(Config\Cache), false)
#18 C:\xampp\htdocs\www\Nesti_CodeIngniterdebug\public\index.php(44): CodeIgniter\CodeIgniter->run()
#19 {main}
CRITICAL - 2021-05-18 08:06:27 --> Allowed memory size of 536870912 bytes exhausted (tried to allocate 255410176 bytes)
#0 [internal function]: CodeIgniter\Debug\Exceptions->shutdownHandler()
#1 {main}
CRITICAL - 2021-05-18 08:07:42 --> Unexpected token "punctuation" of value "," ("end of print statement" expected).
#0 C:\xampp\htdocs\www\Nesti_CodeIngniterdebug\vendor\twig\twig\src\Parser.php(129): Twig\TokenStream->expect(4)
#1 C:\xampp\htdocs\www\Nesti_CodeIngniterdebug\vendor\twig\twig\src\TokenParser\IfTokenParser.php(41): Twig\Parser->subparse(Array)
#2 C:\xampp\htdocs\www\Nesti_CodeIngniterdebug\vendor\twig\twig\src\Parser.php(171): Twig\TokenParser\IfTokenParser->parse(Object(Twig\Token))
#3 C:\xampp\htdocs\www\Nesti_CodeIngniterdebug\vendor\twig\twig\src\TokenParser\ForTokenParser.php(42): Twig\Parser->subparse(Array)
#4 C:\xampp\htdocs\www\Nesti_CodeIngniterdebug\vendor\twig\twig\src\Parser.php(171): Twig\TokenParser\ForTokenParser->parse(Object(Twig\Token))
#5 C:\xampp\htdocs\www\Nesti_CodeIngniterdebug\vendor\twig\twig\src\TokenParser\IfTokenParser.php(41): Twig\Parser->subparse(Array)
#6 C:\xampp\htdocs\www\Nesti_CodeIngniterdebug\vendor\twig\twig\src\Parser.php(171): Twig\TokenParser\IfTokenParser->parse(Object(Twig\Token))
#7 C:\xampp\htdocs\www\Nesti_CodeIngniterdebug\vendor\twig\twig\src\TokenParser\BlockTokenParser.php(47): Twig\Parser->subparse(Array, true)
#8 C:\xampp\htdocs\www\Nesti_CodeIngniterdebug\vendor\twig\twig\src\Parser.php(171): Twig\TokenParser\BlockTokenParser->parse(Object(Twig\Token))
#9 C:\xampp\htdocs\www\Nesti_CodeIngniterdebug\vendor\twig\twig\src\Parser.php(84): Twig\Parser->subparse(NULL, false)
#10 C:\xampp\htdocs\www\Nesti_CodeIngniterdebug\vendor\twig\twig\src\Environment.php(479): Twig\Parser->parse(Object(Twig\TokenStream))
#11 C:\xampp\htdocs\www\Nesti_CodeIngniterdebug\vendor\twig\twig\src\Environment.php(507): Twig\Environment->parse(Object(Twig\TokenStream))
#12 C:\xampp\htdocs\www\Nesti_CodeIngniterdebug\vendor\twig\twig\src\Environment.php(348): Twig\Environment->compileSource(Object(Twig\Source))
#13 C:\xampp\htdocs\www\Nesti_CodeIngniterdebug\vendor\twig\twig\src\Environment.php(309): Twig\Environment->loadTemplate('__TwigTemplate_...', 'templates/artic...')
#14 C:\xampp\htdocs\www\Nesti_CodeIngniterdebug\vendor\twig\twig\src\Environment.php(277): Twig\Environment->load('templates/artic...')
#15 C:\xampp\htdocs\www\Nesti_CodeIngniterdebug\vendor\kenjis\codeigniter-ss-twig\src\CI4Twig\Twig.php(177): Twig\Environment->render('templates/artic...', Array)
#16 C:\xampp\htdocs\www\Nesti_CodeIngniterdebug\vendor\kenjis\codeigniter-ss-twig\src\CI4Twig\Twig.php(156): Kenjis\CI4Twig\Twig->render('templates/artic...', Array)
#17 C:\xampp\htdocs\www\Nesti_CodeIngniterdebug\app\Controllers\ArticleController.php(28): Kenjis\CI4Twig\Twig->display('templates/artic...', Array)
#18 C:\xampp\htdocs\www\Nesti_CodeIngniterdebug\system\CodeIgniter.php(936): App\Controllers\ArticleController->index()
#19 C:\xampp\htdocs\www\Nesti_CodeIngniterdebug\system\CodeIgniter.php(432): CodeIgniter\CodeIgniter->runController(Object(App\Controllers\ArticleController))
#20 C:\xampp\htdocs\www\Nesti_CodeIngniterdebug\system\CodeIgniter.php(333): CodeIgniter\CodeIgniter->handleRequest(NULL, Object(Config\Cache), false)
#21 C:\xampp\htdocs\www\Nesti_CodeIngniterdebug\public\index.php(44): CodeIgniter\CodeIgniter->run()
#22 {main}
CRITICAL - 2021-05-18 08:07:51 --> Class 'App\Entities\ArticlePriceModel' not found
#0 C:\xampp\htdocs\www\Nesti_CodeIngniterdebug\vendor\twig\twig\src\Extension\CoreExtension.php(1541): App\Entities\Articles->getPrice('1')
#1 C:\xampp\htdocs\www\Nesti_CodeIngniterdebug\writable\cache\twig\83\83868dfd59affebfbaeda394422fe7f5a49081677289a23f5211bc3364421ad1.php(90): twig_get_attribute(Object(Twig\Environment), Object(Twig\Source), Object(App\Entities\Articles), 'getPrice', Array, 'method', false, false, false, 19)
#2 C:\xampp\htdocs\www\Nesti_CodeIngniterdebug\vendor\twig\twig\src\Template.php(171): __TwigTemplate_693f61ceb12d6c11f5a0c13cc6899acda2950086fad9dce4f4f7afab47f3b76e->block_body(Array, Array)
#3 C:\xampp\htdocs\www\Nesti_CodeIngniterdebug\writable\cache\twig\42\429bc18ecf64da83aa73e3842f4a695bc06d104bdaaab46961b41a9a8d09f42b.php(75): Twig\Template->displayBlock('body', Array, Array)
#4 C:\xampp\htdocs\www\Nesti_CodeIngniterdebug\vendor\twig\twig\src\Template.php(394): __TwigTemplate_fe4c5965f1d618e4ff090cd41c2972ec12d17220d931e43dd48b919fa984110b->doDisplay(Array, Array)
#5 C:\xampp\htdocs\www\Nesti_CodeIngniterdebug\vendor\twig\twig\src\Template.php(367): Twig\Template->displayWithErrorHandling(Array, Array)
#6 C:\xampp\htdocs\www\Nesti_CodeIngniterdebug\writable\cache\twig\83\83868dfd59affebfbaeda394422fe7f5a49081677289a23f5211bc3364421ad1.php(42): Twig\Template->display(Array, Array)
#7 C:\xampp\htdocs\www\Nesti_CodeIngniterdebug\vendor\twig\twig\src\Template.php(394): __TwigTemplate_693f61ceb12d6c11f5a0c13cc6899acda2950086fad9dce4f4f7afab47f3b76e->doDisplay(Array, Array)
#8 C:\xampp\htdocs\www\Nesti_CodeIngniterdebug\vendor\twig\twig\src\Template.php(367): Twig\Template->displayWithErrorHandling(Array, Array)
#9 C:\xampp\htdocs\www\Nesti_CodeIngniterdebug\vendor\twig\twig\src\Template.php(379): Twig\Template->display(Array)
#10 C:\xampp\htdocs\www\Nesti_CodeIngniterdebug\vendor\twig\twig\src\TemplateWrapper.php(40): Twig\Template->render(Array, Array)
#11 C:\xampp\htdocs\www\Nesti_CodeIngniterdebug\vendor\twig\twig\src\Environment.php(277): Twig\TemplateWrapper->render(Array)
#12 C:\xampp\htdocs\www\Nesti_CodeIngniterdebug\vendor\kenjis\codeigniter-ss-twig\src\CI4Twig\Twig.php(177): Twig\Environment->render('templates/artic...', Array)
#13 C:\xampp\htdocs\www\Nesti_CodeIngniterdebug\vendor\kenjis\codeigniter-ss-twig\src\CI4Twig\Twig.php(156): Kenjis\CI4Twig\Twig->render('templates/artic...', Array)
#14 C:\xampp\htdocs\www\Nesti_CodeIngniterdebug\app\Controllers\ArticleController.php(28): Kenjis\CI4Twig\Twig->display('templates/artic...', Array)
#15 C:\xampp\htdocs\www\Nesti_CodeIngniterdebug\system\CodeIgniter.php(936): App\Controllers\ArticleController->index()
#16 C:\xampp\htdocs\www\Nesti_CodeIngniterdebug\system\CodeIgniter.php(432): CodeIgniter\CodeIgniter->runController(Object(App\Controllers\ArticleController))
#17 C:\xampp\htdocs\www\Nesti_CodeIngniterdebug\system\CodeIgniter.php(333): CodeIgniter\CodeIgniter->handleRequest(NULL, Object(Config\Cache), false)
#18 C:\xampp\htdocs\www\Nesti_CodeIngniterdebug\public\index.php(44): CodeIgniter\CodeIgniter->run()
#19 {main}
CRITICAL - 2021-05-18 08:07:55 --> Allowed memory size of 536870912 bytes exhausted (tried to allocate 255598592 bytes)
#0 [internal function]: CodeIgniter\Debug\Exceptions->shutdownHandler()
#1 {main}
CRITICAL - 2021-05-18 08:08:13 --> Class 'App\Entities\ArticlePriceModel' not found
#0 C:\xampp\htdocs\www\Nesti_CodeIngniterdebug\vendor\twig\twig\src\Extension\CoreExtension.php(1541): App\Entities\Articles->getPrice('1')
#1 C:\xampp\htdocs\www\Nesti_CodeIngniterdebug\writable\cache\twig\83\83868dfd59affebfbaeda394422fe7f5a49081677289a23f5211bc3364421ad1.php(90): twig_get_attribute(Object(Twig\Environment), Object(Twig\Source), Object(App\Entities\Articles), 'getPrice', Array, 'method', false, false, false, 19)
#2 C:\xampp\htdocs\www\Nesti_CodeIngniterdebug\vendor\twig\twig\src\Template.php(171): __TwigTemplate_693f61ceb12d6c11f5a0c13cc6899acda2950086fad9dce4f4f7afab47f3b76e->block_body(Array, Array)
#3 C:\xampp\htdocs\www\Nesti_CodeIngniterdebug\writable\cache\twig\42\429bc18ecf64da83aa73e3842f4a695bc06d104bdaaab46961b41a9a8d09f42b.php(75): Twig\Template->displayBlock('body', Array, Array)
#4 C:\xampp\htdocs\www\Nesti_CodeIngniterdebug\vendor\twig\twig\src\Template.php(394): __TwigTemplate_fe4c5965f1d618e4ff090cd41c2972ec12d17220d931e43dd48b919fa984110b->doDisplay(Array, Array)
#5 C:\xampp\htdocs\www\Nesti_CodeIngniterdebug\vendor\twig\twig\src\Template.php(367): Twig\Template->displayWithErrorHandling(Array, Array)
#6 C:\xampp\htdocs\www\Nesti_CodeIngniterdebug\writable\cache\twig\83\83868dfd59affebfbaeda394422fe7f5a49081677289a23f5211bc3364421ad1.php(42): Twig\Template->display(Array, Array)
#7 C:\xampp\htdocs\www\Nesti_CodeIngniterdebug\vendor\twig\twig\src\Template.php(394): __TwigTemplate_693f61ceb12d6c11f5a0c13cc6899acda2950086fad9dce4f4f7afab47f3b76e->doDisplay(Array, Array)
#8 C:\xampp\htdocs\www\Nesti_CodeIngniterdebug\vendor\twig\twig\src\Template.php(367): Twig\Template->displayWithErrorHandling(Array, Array)
#9 C:\xampp\htdocs\www\Nesti_CodeIngniterdebug\vendor\twig\twig\src\Template.php(379): Twig\Template->display(Array)
#10 C:\xampp\htdocs\www\Nesti_CodeIngniterdebug\vendor\twig\twig\src\TemplateWrapper.php(40): Twig\Template->render(Array, Array)
#11 C:\xampp\htdocs\www\Nesti_CodeIngniterdebug\vendor\twig\twig\src\Environment.php(277): Twig\TemplateWrapper->render(Array)
#12 C:\xampp\htdocs\www\Nesti_CodeIngniterdebug\vendor\kenjis\codeigniter-ss-twig\src\CI4Twig\Twig.php(177): Twig\Environment->render('templates/artic...', Array)
#13 C:\xampp\htdocs\www\Nesti_CodeIngniterdebug\vendor\kenjis\codeigniter-ss-twig\src\CI4Twig\Twig.php(156): Kenjis\CI4Twig\Twig->render('templates/artic...', Array)
#14 C:\xampp\htdocs\www\Nesti_CodeIngniterdebug\app\Controllers\ArticleController.php(28): Kenjis\CI4Twig\Twig->display('templates/artic...', Array)
#15 C:\xampp\htdocs\www\Nesti_CodeIngniterdebug\system\CodeIgniter.php(936): App\Controllers\ArticleController->index()
#16 C:\xampp\htdocs\www\Nesti_CodeIngniterdebug\system\CodeIgniter.php(432): CodeIgniter\CodeIgniter->runController(Object(App\Controllers\ArticleController))
#17 C:\xampp\htdocs\www\Nesti_CodeIngniterdebug\system\CodeIgniter.php(333): CodeIgniter\CodeIgniter->handleRequest(NULL, Object(Config\Cache), false)
#18 C:\xampp\htdocs\www\Nesti_CodeIngniterdebug\public\index.php(44): CodeIgniter\CodeIgniter->run()
#19 {main}
CRITICAL - 2021-05-18 08:08:17 --> Allowed memory size of 536870912 bytes exhausted (tried to allocate 236859392 bytes)
#0 [internal function]: CodeIgniter\Debug\Exceptions->shutdownHandler()
#1 {main}
CRITICAL - 2021-05-18 08:08:22 --> Class 'App\Entities\ArticlePriceModel' not found
#0 C:\xampp\htdocs\www\Nesti_CodeIngniterdebug\vendor\twig\twig\src\Extension\CoreExtension.php(1541): App\Entities\Articles->getPrice('1')
#1 C:\xampp\htdocs\www\Nesti_CodeIngniterdebug\writable\cache\twig\83\83868dfd59affebfbaeda394422fe7f5a49081677289a23f5211bc3364421ad1.php(90): twig_get_attribute(Object(Twig\Environment), Object(Twig\Source), Object(App\Entities\Articles), 'getPrice', Array, 'method', false, false, false, 19)
#2 C:\xampp\htdocs\www\Nesti_CodeIngniterdebug\vendor\twig\twig\src\Template.php(171): __TwigTemplate_693f61ceb12d6c11f5a0c13cc6899acda2950086fad9dce4f4f7afab47f3b76e->block_body(Array, Array)
#3 C:\xampp\htdocs\www\Nesti_CodeIngniterdebug\writable\cache\twig\42\429bc18ecf64da83aa73e3842f4a695bc06d104bdaaab46961b41a9a8d09f42b.php(75): Twig\Template->displayBlock('body', Array, Array)
#4 C:\xampp\htdocs\www\Nesti_CodeIngniterdebug\vendor\twig\twig\src\Template.php(394): __TwigTemplate_fe4c5965f1d618e4ff090cd41c2972ec12d17220d931e43dd48b919fa984110b->doDisplay(Array, Array)
#5 C:\xampp\htdocs\www\Nesti_CodeIngniterdebug\vendor\twig\twig\src\Template.php(367): Twig\Template->displayWithErrorHandling(Array, Array)
#6 C:\xampp\htdocs\www\Nesti_CodeIngniterdebug\writable\cache\twig\83\83868dfd59affebfbaeda394422fe7f5a49081677289a23f5211bc3364421ad1.php(42): Twig\Template->display(Array, Array)
#7 C:\xampp\htdocs\www\Nesti_CodeIngniterdebug\vendor\twig\twig\src\Template.php(394): __TwigTemplate_693f61ceb12d6c11f5a0c13cc6899acda2950086fad9dce4f4f7afab47f3b76e->doDisplay(Array, Array)
#8 C:\xampp\htdocs\www\Nesti_CodeIngniterdebug\vendor\twig\twig\src\Template.php(367): Twig\Template->displayWithErrorHandling(Array, Array)
#9 C:\xampp\htdocs\www\Nesti_CodeIngniterdebug\vendor\twig\twig\src\Template.php(379): Twig\Template->display(Array)
#10 C:\xampp\htdocs\www\Nesti_CodeIngniterdebug\vendor\twig\twig\src\TemplateWrapper.php(40): Twig\Template->render(Array, Array)
#11 C:\xampp\htdocs\www\Nesti_CodeIngniterdebug\vendor\twig\twig\src\Environment.php(277): Twig\TemplateWrapper->render(Array)
#12 C:\xampp\htdocs\www\Nesti_CodeIngniterdebug\vendor\kenjis\codeigniter-ss-twig\src\CI4Twig\Twig.php(177): Twig\Environment->render('templates/artic...', Array)
#13 C:\xampp\htdocs\www\Nesti_CodeIngniterdebug\vendor\kenjis\codeigniter-ss-twig\src\CI4Twig\Twig.php(156): Kenjis\CI4Twig\Twig->render('templates/artic...', Array)
#14 C:\xampp\htdocs\www\Nesti_CodeIngniterdebug\app\Controllers\ArticleController.php(28): Kenjis\CI4Twig\Twig->display('templates/artic...', Array)
#15 C:\xampp\htdocs\www\Nesti_CodeIngniterdebug\system\CodeIgniter.php(936): App\Controllers\ArticleController->index()
#16 C:\xampp\htdocs\www\Nesti_CodeIngniterdebug\system\CodeIgniter.php(432): CodeIgniter\CodeIgniter->runController(Object(App\Controllers\ArticleController))
#17 C:\xampp\htdocs\www\Nesti_CodeIngniterdebug\system\CodeIgniter.php(333): CodeIgniter\CodeIgniter->handleRequest(NULL, Object(Config\Cache), false)
#18 C:\xampp\htdocs\www\Nesti_CodeIngniterdebug\public\index.php(44): CodeIgniter\CodeIgniter->run()
#19 {main}
CRITICAL - 2021-05-18 08:08:43 --> Class 'App\Models\ArticlePriceModel' not found
#0 C:\xampp\htdocs\www\Nesti_CodeIngniterdebug\vendor\twig\twig\src\Extension\CoreExtension.php(1541): App\Entities\Articles->getPrice('1')
#1 C:\xampp\htdocs\www\Nesti_CodeIngniterdebug\writable\cache\twig\83\83868dfd59affebfbaeda394422fe7f5a49081677289a23f5211bc3364421ad1.php(90): twig_get_attribute(Object(Twig\Environment), Object(Twig\Source), Object(App\Entities\Articles), 'getPrice', Array, 'method', false, false, false, 19)
#2 C:\xampp\htdocs\www\Nesti_CodeIngniterdebug\vendor\twig\twig\src\Template.php(171): __TwigTemplate_693f61ceb12d6c11f5a0c13cc6899acda2950086fad9dce4f4f7afab47f3b76e->block_body(Array, Array)
#3 C:\xampp\htdocs\www\Nesti_CodeIngniterdebug\writable\cache\twig\42\429bc18ecf64da83aa73e3842f4a695bc06d104bdaaab46961b41a9a8d09f42b.php(75): Twig\Template->displayBlock('body', Array, Array)
#4 C:\xampp\htdocs\www\Nesti_CodeIngniterdebug\vendor\twig\twig\src\Template.php(394): __TwigTemplate_fe4c5965f1d618e4ff090cd41c2972ec12d17220d931e43dd48b919fa984110b->doDisplay(Array, Array)
#5 C:\xampp\htdocs\www\Nesti_CodeIngniterdebug\vendor\twig\twig\src\Template.php(367): Twig\Template->displayWithErrorHandling(Array, Array)
#6 C:\xampp\htdocs\www\Nesti_CodeIngniterdebug\writable\cache\twig\83\83868dfd59affebfbaeda394422fe7f5a49081677289a23f5211bc3364421ad1.php(42): Twig\Template->display(Array, Array)
#7 C:\xampp\htdocs\www\Nesti_CodeIngniterdebug\vendor\twig\twig\src\Template.php(394): __TwigTemplate_693f61ceb12d6c11f5a0c13cc6899acda2950086fad9dce4f4f7afab47f3b76e->doDisplay(Array, Array)
#8 C:\xampp\htdocs\www\Nesti_CodeIngniterdebug\vendor\twig\twig\src\Template.php(367): Twig\Template->displayWithErrorHandling(Array, Array)
#9 C:\xampp\htdocs\www\Nesti_CodeIngniterdebug\vendor\twig\twig\src\Template.php(379): Twig\Template->display(Array)
#10 C:\xampp\htdocs\www\Nesti_CodeIngniterdebug\vendor\twig\twig\src\TemplateWrapper.php(40): Twig\Template->render(Array, Array)
#11 C:\xampp\htdocs\www\Nesti_CodeIngniterdebug\vendor\twig\twig\src\Environment.php(277): Twig\TemplateWrapper->render(Array)
#12 C:\xampp\htdocs\www\Nesti_CodeIngniterdebug\vendor\kenjis\codeigniter-ss-twig\src\CI4Twig\Twig.php(177): Twig\Environment->render('templates/artic...', Array)
#13 C:\xampp\htdocs\www\Nesti_CodeIngniterdebug\vendor\kenjis\codeigniter-ss-twig\src\CI4Twig\Twig.php(156): Kenjis\CI4Twig\Twig->render('templates/artic...', Array)
#14 C:\xampp\htdocs\www\Nesti_CodeIngniterdebug\app\Controllers\ArticleController.php(28): Kenjis\CI4Twig\Twig->display('templates/artic...', Array)
#15 C:\xampp\htdocs\www\Nesti_CodeIngniterdebug\system\CodeIgniter.php(936): App\Controllers\ArticleController->index()
#16 C:\xampp\htdocs\www\Nesti_CodeIngniterdebug\system\CodeIgniter.php(432): CodeIgniter\CodeIgniter->runController(Object(App\Controllers\ArticleController))
#17 C:\xampp\htdocs\www\Nesti_CodeIngniterdebug\system\CodeIgniter.php(333): CodeIgniter\CodeIgniter->handleRequest(NULL, Object(Config\Cache), false)
#18 C:\xampp\htdocs\www\Nesti_CodeIngniterdebug\public\index.php(44): CodeIgniter\CodeIgniter->run()
#19 {main}
CRITICAL - 2021-05-18 08:12:18 --> Class 'App\Entities\ArticlesPrice' not found
#0 [internal function]: CodeIgniter\Debug\Exceptions->shutdownHandler()
#1 {main}
CRITICAL - 2021-05-18 08:12:57 --> Class 'App\Entities\ArticlesPrice' not found
#0 [internal function]: CodeIgniter\Debug\Exceptions->shutdownHandler()
#1 {main}
CRITICAL - 2021-05-18 08:13:28 --> syntax error, unexpected ';', expecting ')'
#0 C:\xampp\htdocs\www\Nesti_CodeIngniterdebug\system\Autoloader\Autoloader.php(265): CodeIgniter\Autoloader\Autoloader->includeFile('C:\\xampp\\htdocs...')
#1 C:\xampp\htdocs\www\Nesti_CodeIngniterdebug\system\Autoloader\Autoloader.php(228): CodeIgniter\Autoloader\Autoloader->loadInNamespace('App\\Entities\\Ar...')
#2 [internal function]: CodeIgniter\Autoloader\Autoloader->loadClass('App\\Entities\\Ar...')
#3 [internal function]: spl_autoload_call('App\\Entities\\Ar...')
#4 C:\xampp\htdocs\www\Nesti_CodeIngniterdebug\system\Database\MySQLi\Result.php(170): is_subclass_of('App\\Entities\\Ar...', 'CodeIgniter\\Ent...')
#5 C:\xampp\htdocs\www\Nesti_CodeIngniterdebug\system\Database\BaseResult.php(167): CodeIgniter\Database\MySQLi\Result->fetchObject('App\\Entities\\Ar...')
#6 C:\xampp\htdocs\www\Nesti_CodeIngniterdebug\system\Database\BaseResult.php(114): CodeIgniter\Database\BaseResult->getCustomResultObject('App\\Entities\\Ar...')
#7 C:\xampp\htdocs\www\Nesti_CodeIngniterdebug\system\Model.php(214): CodeIgniter\Database\BaseResult->getResult('App\\Entities\\Ar...')
#8 C:\xampp\htdocs\www\Nesti_CodeIngniterdebug\system\BaseModel.php(583): CodeIgniter\Model->doFindAll(0, 0)
#9 C:\xampp\htdocs\www\Nesti_CodeIngniterdebug\app\Controllers\ArticleController.php(20): CodeIgniter\BaseModel->findAll()
#10 C:\xampp\htdocs\www\Nesti_CodeIngniterdebug\system\CodeIgniter.php(936): App\Controllers\ArticleController->index()
#11 C:\xampp\htdocs\www\Nesti_CodeIngniterdebug\system\CodeIgniter.php(432): CodeIgniter\CodeIgniter->runController(Object(App\Controllers\ArticleController))
#12 C:\xampp\htdocs\www\Nesti_CodeIngniterdebug\system\CodeIgniter.php(333): CodeIgniter\CodeIgniter->handleRequest(NULL, Object(Config\Cache), false)
#13 C:\xampp\htdocs\www\Nesti_CodeIngniterdebug\public\index.php(44): CodeIgniter\CodeIgniter->run()
#14 {main}
CRITICAL - 2021-05-18 08:13:39 --> Class 'App\Entities\ArticlesPrice' not found
#0 [internal function]: CodeIgniter\Debug\Exceptions->shutdownHandler()
#1 {main}
CRITICAL - 2021-05-18 08:15:16 --> Unexpected token "name" of value "euro" ("end of print statement" expected).
#0 C:\xampp\htdocs\www\Nesti_CodeIngniterdebug\vendor\twig\twig\src\Parser.php(129): Twig\TokenStream->expect(4)
#1 C:\xampp\htdocs\www\Nesti_CodeIngniterdebug\vendor\twig\twig\src\TokenParser\IfTokenParser.php(41): Twig\Parser->subparse(Array)
#2 C:\xampp\htdocs\www\Nesti_CodeIngniterdebug\vendor\twig\twig\src\Parser.php(171): Twig\TokenParser\IfTokenParser->parse(Object(Twig\Token))
#3 C:\xampp\htdocs\www\Nesti_CodeIngniterdebug\vendor\twig\twig\src\TokenParser\ForTokenParser.php(42): Twig\Parser->subparse(Array)
#4 C:\xampp\htdocs\www\Nesti_CodeIngniterdebug\vendor\twig\twig\src\Parser.php(171): Twig\TokenParser\ForTokenParser->parse(Object(Twig\Token))
#5 C:\xampp\htdocs\www\Nesti_CodeIngniterdebug\vendor\twig\twig\src\TokenParser\IfTokenParser.php(41): Twig\Parser->subparse(Array)
#6 C:\xampp\htdocs\www\Nesti_CodeIngniterdebug\vendor\twig\twig\src\Parser.php(171): Twig\TokenParser\IfTokenParser->parse(Object(Twig\Token))
#7 C:\xampp\htdocs\www\Nesti_CodeIngniterdebug\vendor\twig\twig\src\TokenParser\BlockTokenParser.php(47): Twig\Parser->subparse(Array, true)
#8 C:\xampp\htdocs\www\Nesti_CodeIngniterdebug\vendor\twig\twig\src\Parser.php(171): Twig\TokenParser\BlockTokenParser->parse(Object(Twig\Token))
#9 C:\xampp\htdocs\www\Nesti_CodeIngniterdebug\vendor\twig\twig\src\Parser.php(84): Twig\Parser->subparse(NULL, false)
#10 C:\xampp\htdocs\www\Nesti_CodeIngniterdebug\vendor\twig\twig\src\Environment.php(479): Twig\Parser->parse(Object(Twig\TokenStream))
#11 C:\xampp\htdocs\www\Nesti_CodeIngniterdebug\vendor\twig\twig\src\Environment.php(507): Twig\Environment->parse(Object(Twig\TokenStream))
#12 C:\xampp\htdocs\www\Nesti_CodeIngniterdebug\vendor\twig\twig\src\Environment.php(348): Twig\Environment->compileSource(Object(Twig\Source))
#13 C:\xampp\htdocs\www\Nesti_CodeIngniterdebug\vendor\twig\twig\src\Environment.php(309): Twig\Environment->loadTemplate('__TwigTemplate_...', 'templates/artic...')
#14 C:\xampp\htdocs\www\Nesti_CodeIngniterdebug\vendor\twig\twig\src\Environment.php(277): Twig\Environment->load('templates/artic...')
#15 C:\xampp\htdocs\www\Nesti_CodeIngniterdebug\vendor\kenjis\codeigniter-ss-twig\src\CI4Twig\Twig.php(177): Twig\Environment->render('templates/artic...', Array)
#16 C:\xampp\htdocs\www\Nesti_CodeIngniterdebug\vendor\kenjis\codeigniter-ss-twig\src\CI4Twig\Twig.php(156): Kenjis\CI4Twig\Twig->render('templates/artic...', Array)
#17 C:\xampp\htdocs\www\Nesti_CodeIngniterdebug\app\Controllers\ArticleController.php(28): Kenjis\CI4Twig\Twig->display('templates/artic...', Array)
#18 C:\xampp\htdocs\www\Nesti_CodeIngniterdebug\system\CodeIgniter.php(936): App\Controllers\ArticleController->index()
#19 C:\xampp\htdocs\www\Nesti_CodeIngniterdebug\system\CodeIgniter.php(432): CodeIgniter\CodeIgniter->runController(Object(App\Controllers\ArticleController))
#20 C:\xampp\htdocs\www\Nesti_CodeIngniterdebug\system\CodeIgniter.php(333): CodeIgniter\CodeIgniter->handleRequest(NULL, Object(Config\Cache), false)
#21 C:\xampp\htdocs\www\Nesti_CodeIngniterdebug\public\index.php(44): CodeIgniter\CodeIgniter->run()
#22 {main}
CRITICAL - 2021-05-18 08:52:26 --> Call to undefined function App\Controllers\creationPanier()
#0 C:\xampp\htdocs\www\Nesti_CodeIngniterdebug\system\CodeIgniter.php(936): App\Controllers\ArticleController->addcart('7', 'oeuf', '6', '10.00')
#1 C:\xampp\htdocs\www\Nesti_CodeIngniterdebug\system\CodeIgniter.php(432): CodeIgniter\CodeIgniter->runController(Object(App\Controllers\ArticleController))
#2 C:\xampp\htdocs\www\Nesti_CodeIngniterdebug\system\CodeIgniter.php(333): CodeIgniter\CodeIgniter->handleRequest(NULL, Object(Config\Cache), false)
#3 C:\xampp\htdocs\www\Nesti_CodeIngniterdebug\public\index.php(44): CodeIgniter\CodeIgniter->run()
#4 {main}
CRITICAL - 2021-05-18 08:53:10 --> Call to undefined function App\Controllers\creationPanier()
#0 C:\xampp\htdocs\www\Nesti_CodeIngniterdebug\system\CodeIgniter.php(936): App\Controllers\ArticleController->addcart('7', 'oeuf', '6', '10.00')
#1 C:\xampp\htdocs\www\Nesti_CodeIngniterdebug\system\CodeIgniter.php(432): CodeIgniter\CodeIgniter->runController(Object(App\Controllers\ArticleController))
#2 C:\xampp\htdocs\www\Nesti_CodeIngniterdebug\system\CodeIgniter.php(333): CodeIgniter\CodeIgniter->handleRequest(NULL, Object(Config\Cache), false)
#3 C:\xampp\htdocs\www\Nesti_CodeIngniterdebug\public\index.php(44): CodeIgniter\CodeIgniter->run()
#4 {main}
CRITICAL - 2021-05-18 08:55:03 --> Call to undefined function App\Controllers\creationPanier()
#0 C:\xampp\htdocs\www\Nesti_CodeIngniterdebug\system\CodeIgniter.php(936): App\Controllers\ArticleController->addcart('7', 'oeuf', '6', '10.00')
#1 C:\xampp\htdocs\www\Nesti_CodeIngniterdebug\system\CodeIgniter.php(432): CodeIgniter\CodeIgniter->runController(Object(App\Controllers\ArticleController))
#2 C:\xampp\htdocs\www\Nesti_CodeIngniterdebug\system\CodeIgniter.php(333): CodeIgniter\CodeIgniter->handleRequest(NULL, Object(Config\Cache), false)
#3 C:\xampp\htdocs\www\Nesti_CodeIngniterdebug\public\index.php(44): CodeIgniter\CodeIgniter->run()
#4 {main}
CRITICAL - 2021-05-18 08:55:29 --> Call to undefined function App\Controllers\isVerrouille()
#0 C:\xampp\htdocs\www\Nesti_CodeIngniterdebug\system\CodeIgniter.php(936): App\Controllers\ArticleController->addcart('7', 'oeuf', '6', '10.00')
#1 C:\xampp\htdocs\www\Nesti_CodeIngniterdebug\system\CodeIgniter.php(432): CodeIgniter\CodeIgniter->runController(Object(App\Controllers\ArticleController))
#2 C:\xampp\htdocs\www\Nesti_CodeIngniterdebug\system\CodeIgniter.php(333): CodeIgniter\CodeIgniter->handleRequest(NULL, Object(Config\Cache), false)
#3 C:\xampp\htdocs\www\Nesti_CodeIngniterdebug\public\index.php(44): CodeIgniter\CodeIgniter->run()
#4 {main}
CRITICAL - 2021-05-18 08:56:45 --> Call to undefined function App\Controllers\isVerrouille()
#0 C:\xampp\htdocs\www\Nesti_CodeIngniterdebug\system\CodeIgniter.php(936): App\Controllers\ArticleController->addcart('7', 'oeuf', '6', '10.00')
#1 C:\xampp\htdocs\www\Nesti_CodeIngniterdebug\system\CodeIgniter.php(432): CodeIgniter\CodeIgniter->runController(Object(App\Controllers\ArticleController))
#2 C:\xampp\htdocs\www\Nesti_CodeIngniterdebug\system\CodeIgniter.php(333): CodeIgniter\CodeIgniter->handleRequest(NULL, Object(Config\Cache), false)
#3 C:\xampp\htdocs\www\Nesti_CodeIngniterdebug\public\index.php(44): CodeIgniter\CodeIgniter->run()
#4 {main}
CRITICAL - 2021-05-18 08:57:30 --> Undefined variable: article
#0 C:\xampp\htdocs\www\Nesti_CodeIngniterdebug\app\Controllers\ArticleController.php(79): CodeIgniter\Debug\Exceptions->errorHandler(8, 'Undefined varia...', 'C:\\xampp\\htdocs...', 79, Array)
#1 C:\xampp\htdocs\www\Nesti_CodeIngniterdebug\system\CodeIgniter.php(936): App\Controllers\ArticleController->addcart('7', 'oeuf', '6', '10.00')
#2 C:\xampp\htdocs\www\Nesti_CodeIngniterdebug\system\CodeIgniter.php(432): CodeIgniter\CodeIgniter->runController(Object(App\Controllers\ArticleController))
#3 C:\xampp\htdocs\www\Nesti_CodeIngniterdebug\system\CodeIgniter.php(333): CodeIgniter\CodeIgniter->handleRequest(NULL, Object(Config\Cache), false)
#4 C:\xampp\htdocs\www\Nesti_CodeIngniterdebug\public\index.php(44): CodeIgniter\CodeIgniter->run()
#5 {main}
CRITICAL - 2021-05-18 08:58:12 --> Undefined variable: compose
#0 C:\xampp\htdocs\www\Nesti_CodeIngniterdebug\app\Controllers\ArticleController.php(82): CodeIgniter\Debug\Exceptions->errorHandler(8, 'Undefined varia...', 'C:\\xampp\\htdocs...', 82, Array)
#1 C:\xampp\htdocs\www\Nesti_CodeIngniterdebug\system\CodeIgniter.php(936): App\Controllers\ArticleController->addcart('7', 'oeuf', '6', '10.00')
#2 C:\xampp\htdocs\www\Nesti_CodeIngniterdebug\system\CodeIgniter.php(432): CodeIgniter\CodeIgniter->runController(Object(App\Controllers\ArticleController))
#3 C:\xampp\htdocs\www\Nesti_CodeIngniterdebug\system\CodeIgniter.php(333): CodeIgniter\CodeIgniter->handleRequest(NULL, Object(Config\Cache), false)
#4 C:\xampp\htdocs\www\Nesti_CodeIngniterdebug\public\index.php(44): CodeIgniter\CodeIgniter->run()
#5 {main}
CRITICAL - 2021-05-18 08:58:44 --> syntax error, unexpected '$this' (T_VARIABLE)
#0 C:\xampp\htdocs\www\Nesti_CodeIngniterdebug\system\Autoloader\Autoloader.php(265): CodeIgniter\Autoloader\Autoloader->includeFile('C:\\xampp\\htdocs...')
#1 C:\xampp\htdocs\www\Nesti_CodeIngniterdebug\system\Autoloader\Autoloader.php(228): CodeIgniter\Autoloader\Autoloader->loadInNamespace('App\\Controllers...')
#2 [internal function]: CodeIgniter\Autoloader\Autoloader->loadClass('App\\Controllers...')
#3 [internal function]: spl_autoload_call('App\\Controllers...')
#4 C:\xampp\htdocs\www\Nesti_CodeIngniterdebug\system\CodeIgniter.php(893): class_exists('\\App\\Controller...', true)
#5 C:\xampp\htdocs\www\Nesti_CodeIngniterdebug\system\CodeIgniter.php(417): CodeIgniter\CodeIgniter->startController()
#6 C:\xampp\htdocs\www\Nesti_CodeIngniterdebug\system\CodeIgniter.php(333): CodeIgniter\CodeIgniter->handleRequest(NULL, Object(Config\Cache), false)
#7 C:\xampp\htdocs\www\Nesti_CodeIngniterdebug\public\index.php(44): CodeIgniter\CodeIgniter->run()
#8 {main}
CRITICAL - 2021-05-18 08:58:54 --> Undefined variable: article
#0 C:\xampp\htdocs\www\Nesti_CodeIngniterdebug\app\Controllers\ArticleController.php(80): CodeIgniter\Debug\Exceptions->errorHandler(8, 'Undefined varia...', 'C:\\xampp\\htdocs...', 80, Array)
#1 C:\xampp\htdocs\www\Nesti_CodeIngniterdebug\system\CodeIgniter.php(936): App\Controllers\ArticleController->addcart('7', 'oeuf', '6', '10.00')
#2 C:\xampp\htdocs\www\Nesti_CodeIngniterdebug\system\CodeIgniter.php(432): CodeIgniter\CodeIgniter->runController(Object(App\Controllers\ArticleController))
#3 C:\xampp\htdocs\www\Nesti_CodeIngniterdebug\system\CodeIgniter.php(333): CodeIgniter\CodeIgniter->handleRequest(NULL, Object(Config\Cache), false)
#4 C:\xampp\htdocs\www\Nesti_CodeIngniterdebug\public\index.php(44): CodeIgniter\CodeIgniter->run()
#5 {main}
CRITICAL - 2021-05-18 09:41:22 --> Call to a member function isPassword() on null
#0 C:\xampp\htdocs\www\Nesti_CodeIngniterdebug\system\CodeIgniter.php(936): App\Controllers\UserController->login()
#1 C:\xampp\htdocs\www\Nesti_CodeIngniterdebug\system\CodeIgniter.php(432): CodeIgniter\CodeIgniter->runController(Object(App\Controllers\UserController))
#2 C:\xampp\htdocs\www\Nesti_CodeIngniterdebug\system\CodeIgniter.php(333): CodeIgniter\CodeIgniter->handleRequest(NULL, Object(Config\Cache), false)
#3 C:\xampp\htdocs\www\Nesti_CodeIngniterdebug\public\index.php(44): CodeIgniter\CodeIgniter->run()
#4 {main}
CRITICAL - 2021-05-18 09:57:32 --> Call to undefined function form_open()
#0 C:\xampp\htdocs\www\Nesti_CodeIngniterdebug\vendor\twig\twig\src\Template.php(171): __TwigTemplate_1e890fc5981236d43d5cad94511d7b45e20fc08f4c436d88d097a3e667060d55->block_body(Array, Array)
#1 C:\xampp\htdocs\www\Nesti_CodeIngniterdebug\writable\cache\twig\42\429bc18ecf64da83aa73e3842f4a695bc06d104bdaaab46961b41a9a8d09f42b.php(75): Twig\Template->displayBlock('body', Array, Array)
#2 C:\xampp\htdocs\www\Nesti_CodeIngniterdebug\vendor\twig\twig\src\Template.php(394): __TwigTemplate_fe4c5965f1d618e4ff090cd41c2972ec12d17220d931e43dd48b919fa984110b->doDisplay(Array, Array)
#3 C:\xampp\htdocs\www\Nesti_CodeIngniterdebug\vendor\twig\twig\src\Template.php(367): Twig\Template->displayWithErrorHandling(Array, Array)
#4 C:\xampp\htdocs\www\Nesti_CodeIngniterdebug\writable\cache\twig\df\df4dfac2ce6ce0d0d6aa38bfb1807aaae12742f280b43745b1b6d1cf3735de11.php(42): Twig\Template->display(Array, Array)
#5 C:\xampp\htdocs\www\Nesti_CodeIngniterdebug\vendor\twig\twig\src\Template.php(394): __TwigTemplate_1e890fc5981236d43d5cad94511d7b45e20fc08f4c436d88d097a3e667060d55->doDisplay(Array, Array)
#6 C:\xampp\htdocs\www\Nesti_CodeIngniterdebug\vendor\twig\twig\src\Template.php(367): Twig\Template->displayWithErrorHandling(Array, Array)
#7 C:\xampp\htdocs\www\Nesti_CodeIngniterdebug\vendor\twig\twig\src\Template.php(379): Twig\Template->display(Array)
#8 C:\xampp\htdocs\www\Nesti_CodeIngniterdebug\vendor\twig\twig\src\TemplateWrapper.php(40): Twig\Template->render(Array, Array)
#9 C:\xampp\htdocs\www\Nesti_CodeIngniterdebug\vendor\twig\twig\src\Environment.php(277): Twig\TemplateWrapper->render(Array)
#10 C:\xampp\htdocs\www\Nesti_CodeIngniterdebug\vendor\kenjis\codeigniter-ss-twig\src\CI4Twig\Twig.php(177): Twig\Environment->render('templates/detai...', Array)
#11 C:\xampp\htdocs\www\Nesti_CodeIngniterdebug\vendor\kenjis\codeigniter-ss-twig\src\CI4Twig\Twig.php(156): Kenjis\CI4Twig\Twig->render('templates/detai...', Array)
#12 C:\xampp\htdocs\www\Nesti_CodeIngniterdebug\app\Controllers\ArticleController.php(86): Kenjis\CI4Twig\Twig->display('templates/detai...', Array)
#13 C:\xampp\htdocs\www\Nesti_CodeIngniterdebug\system\CodeIgniter.php(936): App\Controllers\ArticleController->addcart('11', 'lait', '6', '2.00')
#14 C:\xampp\htdocs\www\Nesti_CodeIngniterdebug\system\CodeIgniter.php(432): CodeIgniter\CodeIgniter->runController(Object(App\Controllers\ArticleController))
#15 C:\xampp\htdocs\www\Nesti_CodeIngniterdebug\system\CodeIgniter.php(333): CodeIgniter\CodeIgniter->handleRequest(NULL, Object(Config\Cache), false)
#16 C:\xampp\htdocs\www\Nesti_CodeIngniterdebug\public\index.php(44): CodeIgniter\CodeIgniter->run()
#17 {main}
CRITICAL - 2021-05-18 09:59:15 --> syntax error, unexpected '');' (T_CONSTANT_ENCAPSED_STRING), expecting ')'
#0 C:\xampp\htdocs\www\Nesti_CodeIngniterdebug\system\Autoloader\Autoloader.php(265): CodeIgniter\Autoloader\Autoloader->includeFile('C:\\xampp\\htdocs...')
#1 C:\xampp\htdocs\www\Nesti_CodeIngniterdebug\system\Autoloader\Autoloader.php(228): CodeIgniter\Autoloader\Autoloader->loadInNamespace('App\\Controllers...')
#2 [internal function]: CodeIgniter\Autoloader\Autoloader->loadClass('App\\Controllers...')
#3 [internal function]: spl_autoload_call('App\\Controllers...')
#4 C:\xampp\htdocs\www\Nesti_CodeIngniterdebug\system\CodeIgniter.php(893): class_exists('\\App\\Controller...', true)
#5 C:\xampp\htdocs\www\Nesti_CodeIngniterdebug\system\CodeIgniter.php(417): CodeIgniter\CodeIgniter->startController()
#6 C:\xampp\htdocs\www\Nesti_CodeIngniterdebug\system\CodeIgniter.php(333): CodeIgniter\CodeIgniter->handleRequest(NULL, Object(Config\Cache), false)
#7 C:\xampp\htdocs\www\Nesti_CodeIngniterdebug\public\index.php(44): CodeIgniter\CodeIgniter->run()
#8 {main}
CRITICAL - 2021-05-18 09:59:41 --> Argument 2 passed to CodeIgniter\HTTP\RedirectResponse::to() must be of the type int or null, array given, called in C:\xampp\htdocs\www\Nesti_CodeIngniterdebug\app\Controllers\ArticleController.php on line 86
#0 C:\xampp\htdocs\www\Nesti_CodeIngniterdebug\app\Controllers\ArticleController.php(86): CodeIgniter\HTTP\RedirectResponse->to('templates/detai...', Array)
#1 C:\xampp\htdocs\www\Nesti_CodeIngniterdebug\system\CodeIgniter.php(936): App\Controllers\ArticleController->addcart('11', 'lait', '6', '2.00')
#2 C:\xampp\htdocs\www\Nesti_CodeIngniterdebug\system\CodeIgniter.php(432): CodeIgniter\CodeIgniter->runController(Object(App\Controllers\ArticleController))
#3 C:\xampp\htdocs\www\Nesti_CodeIngniterdebug\system\CodeIgniter.php(333): CodeIgniter\CodeIgniter->handleRequest(NULL, Object(Config\Cache), false)
#4 C:\xampp\htdocs\www\Nesti_CodeIngniterdebug\public\index.php(44): CodeIgniter\CodeIgniter->run()
#5 {main}
CRITICAL - 2021-05-18 10:14:40 --> Undefined variable: _SESSION
#0 C:\xampp\htdocs\www\Nesti_CodeIngniterdebug\app\Controllers\BuyController.php(113): CodeIgniter\Debug\Exceptions->errorHandler(8, 'Undefined varia...', 'C:\\xampp\\htdocs...', 113, Array)
#1 C:\xampp\htdocs\www\Nesti_CodeIngniterdebug\app\Controllers\BuyController.php(15): App\Controllers\BuyController->getPanier()
#2 C:\xampp\htdocs\www\Nesti_CodeIngniterdebug\system\CodeIgniter.php(936): App\Controllers\BuyController->index()
#3 C:\xampp\htdocs\www\Nesti_CodeIngniterdebug\system\CodeIgniter.php(432): CodeIgniter\CodeIgniter->runController(Object(App\Controllers\BuyController))
#4 C:\xampp\htdocs\www\Nesti_CodeIngniterdebug\system\CodeIgniter.php(333): CodeIgniter\CodeIgniter->handleRequest(NULL, Object(Config\Cache), false)
#5 C:\xampp\htdocs\www\Nesti_CodeIngniterdebug\public\index.php(44): CodeIgniter\CodeIgniter->run()
#6 {main}
CRITICAL - 2021-05-18 10:15:14 --> syntax error, unexpected end of file, expecting function (T_FUNCTION) or const (T_CONST)
#0 C:\xampp\htdocs\www\Nesti_CodeIngniterdebug\system\Autoloader\Autoloader.php(265): CodeIgniter\Autoloader\Autoloader->includeFile('C:\\xampp\\htdocs...')
#1 C:\xampp\htdocs\www\Nesti_CodeIngniterdebug\system\Autoloader\Autoloader.php(228): CodeIgniter\Autoloader\Autoloader->loadInNamespace('App\\Controllers...')
#2 [internal function]: CodeIgniter\Autoloader\Autoloader->loadClass('App\\Controllers...')
#3 [internal function]: spl_autoload_call('App\\Controllers...')
#4 C:\xampp\htdocs\www\Nesti_CodeIngniterdebug\system\CodeIgniter.php(893): class_exists('\\App\\Controller...', true)
#5 C:\xampp\htdocs\www\Nesti_CodeIngniterdebug\system\CodeIgniter.php(417): CodeIgniter\CodeIgniter->startController()
#6 C:\xampp\htdocs\www\Nesti_CodeIngniterdebug\system\CodeIgniter.php(333): CodeIgniter\CodeIgniter->handleRequest(NULL, Object(Config\Cache), false)
#7 C:\xampp\htdocs\www\Nesti_CodeIngniterdebug\public\index.php(44): CodeIgniter\CodeIgniter->run()
#8 {main}
CRITICAL - 2021-05-18 10:15:21 --> Undefined variable: dataCart
#0 C:\xampp\htdocs\www\Nesti_CodeIngniterdebug\app\Controllers\BuyController.php(113): CodeIgniter\Debug\Exceptions->errorHandler(8, 'Undefined varia...', 'C:\\xampp\\htdocs...', 113, Array)
#1 C:\xampp\htdocs\www\Nesti_CodeIngniterdebug\app\Controllers\BuyController.php(15): App\Controllers\BuyController->getPanier()
#2 C:\xampp\htdocs\www\Nesti_CodeIngniterdebug\system\CodeIgniter.php(936): App\Controllers\BuyController->index()
#3 C:\xampp\htdocs\www\Nesti_CodeIngniterdebug\system\CodeIgniter.php(432): CodeIgniter\CodeIgniter->runController(Object(App\Controllers\BuyController))
#4 C:\xampp\htdocs\www\Nesti_CodeIngniterdebug\system\CodeIgniter.php(333): CodeIgniter\CodeIgniter->handleRequest(NULL, Object(Config\Cache), false)
#5 C:\xampp\htdocs\www\Nesti_CodeIngniterdebug\public\index.php(44): CodeIgniter\CodeIgniter->run()
#6 {main}
CRITICAL - 2021-05-18 10:15:57 --> Undefined variable: dataCart
#0 C:\xampp\htdocs\www\Nesti_CodeIngniterdebug\app\Controllers\BuyController.php(113): CodeIgniter\Debug\Exceptions->errorHandler(8, 'Undefined varia...', 'C:\\xampp\\htdocs...', 113, Array)
#1 C:\xampp\htdocs\www\Nesti_CodeIngniterdebug\app\Controllers\BuyController.php(15): App\Controllers\BuyController->getPanier()
#2 C:\xampp\htdocs\www\Nesti_CodeIngniterdebug\system\CodeIgniter.php(936): App\Controllers\BuyController->index()
#3 C:\xampp\htdocs\www\Nesti_CodeIngniterdebug\system\CodeIgniter.php(432): CodeIgniter\CodeIgniter->runController(Object(App\Controllers\BuyController))
#4 C:\xampp\htdocs\www\Nesti_CodeIngniterdebug\system\CodeIgniter.php(333): CodeIgniter\CodeIgniter->handleRequest(NULL, Object(Config\Cache), false)
#5 C:\xampp\htdocs\www\Nesti_CodeIngniterdebug\public\index.php(44): CodeIgniter\CodeIgniter->run()
#6 {main}
CRITICAL - 2021-05-18 10:17:30 --> Undefined variable: dataCart
#0 C:\xampp\htdocs\www\Nesti_CodeIngniterdebug\app\Controllers\UserController.php(154): CodeIgniter\Debug\Exceptions->errorHandler(8, 'Undefined varia...', 'C:\\xampp\\htdocs...', 154, Array)
#1 C:\xampp\htdocs\www\Nesti_CodeIngniterdebug\app\Controllers\BuyController.php(15): App\Controllers\UserController::getPanier()
#2 C:\xampp\htdocs\www\Nesti_CodeIngniterdebug\system\CodeIgniter.php(936): App\Controllers\BuyController->index()
#3 C:\xampp\htdocs\www\Nesti_CodeIngniterdebug\system\CodeIgniter.php(432): CodeIgniter\CodeIgniter->runController(Object(App\Controllers\BuyController))
#4 C:\xampp\htdocs\www\Nesti_CodeIngniterdebug\system\CodeIgniter.php(333): CodeIgniter\CodeIgniter->handleRequest(NULL, Object(Config\Cache), false)
#5 C:\xampp\htdocs\www\Nesti_CodeIngniterdebug\public\index.php(44): CodeIgniter\CodeIgniter->run()
#6 {main}
CRITICAL - 2021-05-18 10:19:11 --> Undefined variable: _SESSION
#0 C:\xampp\htdocs\www\Nesti_CodeIngniterdebug\app\Controllers\UserController.php(154): CodeIgniter\Debug\Exceptions->errorHandler(8, 'Undefined varia...', 'C:\\xampp\\htdocs...', 154, Array)
#1 C:\xampp\htdocs\www\Nesti_CodeIngniterdebug\app\Controllers\BuyController.php(15): App\Controllers\UserController::getPanier()
#2 C:\xampp\htdocs\www\Nesti_CodeIngniterdebug\system\CodeIgniter.php(936): App\Controllers\BuyController->index()
#3 C:\xampp\htdocs\www\Nesti_CodeIngniterdebug\system\CodeIgniter.php(432): CodeIgniter\CodeIgniter->runController(Object(App\Controllers\BuyController))
#4 C:\xampp\htdocs\www\Nesti_CodeIngniterdebug\system\CodeIgniter.php(333): CodeIgniter\CodeIgniter->handleRequest(NULL, Object(Config\Cache), false)
#5 C:\xampp\htdocs\www\Nesti_CodeIngniterdebug\public\index.php(44): CodeIgniter\CodeIgniter->run()
#6 {main}
CRITICAL - 2021-05-18 10:19:34 --> syntax error, unexpected '}', expecting end of file
#0 C:\xampp\htdocs\www\Nesti_CodeIngniterdebug\system\Autoloader\Autoloader.php(265): CodeIgniter\Autoloader\Autoloader->includeFile('C:\\xampp\\htdocs...')
#1 C:\xampp\htdocs\www\Nesti_CodeIngniterdebug\system\Autoloader\Autoloader.php(228): CodeIgniter\Autoloader\Autoloader->loadInNamespace('App\\Controllers...')
#2 [internal function]: CodeIgniter\Autoloader\Autoloader->loadClass('App\\Controllers...')
#3 C:\xampp\htdocs\www\Nesti_CodeIngniterdebug\app\Controllers\BuyController.php(14): spl_autoload_call('App\\Controllers...')
#4 C:\xampp\htdocs\www\Nesti_CodeIngniterdebug\system\CodeIgniter.php(936): App\Controllers\BuyController->index()
#5 C:\xampp\htdocs\www\Nesti_CodeIngniterdebug\system\CodeIgniter.php(432): CodeIgniter\CodeIgniter->runController(Object(App\Controllers\BuyController))
#6 C:\xampp\htdocs\www\Nesti_CodeIngniterdebug\system\CodeIgniter.php(333): CodeIgniter\CodeIgniter->handleRequest(NULL, Object(Config\Cache), false)
#7 C:\xampp\htdocs\www\Nesti_CodeIngniterdebug\public\index.php(44): CodeIgniter\CodeIgniter->run()
#8 {main}
CRITICAL - 2021-05-18 11:09:01 --> Call to undefined method App\Controllers\UserController::getPanier()
#0 C:\xampp\htdocs\www\Nesti_CodeIngniterdebug\system\CodeIgniter.php(936): App\Controllers\BuyController->index()
#1 C:\xampp\htdocs\www\Nesti_CodeIngniterdebug\system\CodeIgniter.php(432): CodeIgniter\CodeIgniter->runController(Object(App\Controllers\BuyController))
#2 C:\xampp\htdocs\www\Nesti_CodeIngniterdebug\system\CodeIgniter.php(333): CodeIgniter\CodeIgniter->handleRequest(NULL, Object(Config\Cache), false)
#3 C:\xampp\htdocs\www\Nesti_CodeIngniterdebug\public\index.php(44): CodeIgniter\CodeIgniter->run()
#4 {main}
CRITICAL - 2021-05-18 11:09:30 --> Call to undefined method App\Controllers\UserController::getPanier()
#0 C:\xampp\htdocs\www\Nesti_CodeIngniterdebug\system\CodeIgniter.php(936): App\Controllers\BuyController->index()
#1 C:\xampp\htdocs\www\Nesti_CodeIngniterdebug\system\CodeIgniter.php(432): CodeIgniter\CodeIgniter->runController(Object(App\Controllers\BuyController))
#2 C:\xampp\htdocs\www\Nesti_CodeIngniterdebug\system\CodeIgniter.php(333): CodeIgniter\CodeIgniter->handleRequest(NULL, Object(Config\Cache), false)
#3 C:\xampp\htdocs\www\Nesti_CodeIngniterdebug\public\index.php(44): CodeIgniter\CodeIgniter->run()
#4 {main}
CRITICAL - 2021-05-18 11:09:33 --> Undefined variable: cart
#0 C:\xampp\htdocs\www\Nesti_CodeIngniterdebug\app\Controllers\BuyController.php(17): CodeIgniter\Debug\Exceptions->errorHandler(8, 'Undefined varia...', 'C:\\xampp\\htdocs...', 17, Array)
#1 C:\xampp\htdocs\www\Nesti_CodeIngniterdebug\system\CodeIgniter.php(936): App\Controllers\BuyController->index()
#2 C:\xampp\htdocs\www\Nesti_CodeIngniterdebug\system\CodeIgniter.php(432): CodeIgniter\CodeIgniter->runController(Object(App\Controllers\BuyController))
#3 C:\xampp\htdocs\www\Nesti_CodeIngniterdebug\system\CodeIgniter.php(333): CodeIgniter\CodeIgniter->handleRequest(NULL, Object(Config\Cache), false)
#4 C:\xampp\htdocs\www\Nesti_CodeIngniterdebug\public\index.php(44): CodeIgniter\CodeIgniter->run()
#5 {main}
CRITICAL - 2021-05-18 15:15:00 --> Undefined variable: dataCart
#0 C:\xampp\htdocs\www\Nesti_CodeIngniterdebug\app\Controllers\UserController.php(45): CodeIgniter\Debug\Exceptions->errorHandler(8, 'Undefined varia...', 'C:\\xampp\\htdocs...', 45, Array)
#1 C:\xampp\htdocs\www\Nesti_CodeIngniterdebug\system\CodeIgniter.php(936): App\Controllers\UserController->login()
#2 C:\xampp\htdocs\www\Nesti_CodeIngniterdebug\system\CodeIgniter.php(432): CodeIgniter\CodeIgniter->runController(Object(App\Controllers\UserController))
#3 C:\xampp\htdocs\www\Nesti_CodeIngniterdebug\system\CodeIgniter.php(333): CodeIgniter\CodeIgniter->handleRequest(NULL, Object(Config\Cache), false)
#4 C:\xampp\htdocs\www\Nesti_CodeIngniterdebug\public\index.php(44): CodeIgniter\CodeIgniter->run()
#5 {main}
CRITICAL - 2021-05-18 15:15:14 --> Undefined variable: dataCart
#0 C:\xampp\htdocs\www\Nesti_CodeIngniterdebug\app\Controllers\UserController.php(45): CodeIgniter\Debug\Exceptions->errorHandler(8, 'Undefined varia...', 'C:\\xampp\\htdocs...', 45, Array)
#1 C:\xampp\htdocs\www\Nesti_CodeIngniterdebug\system\CodeIgniter.php(936): App\Controllers\UserController->login()
#2 C:\xampp\htdocs\www\Nesti_CodeIngniterdebug\system\CodeIgniter.php(432): CodeIgniter\CodeIgniter->runController(Object(App\Controllers\UserController))
#3 C:\xampp\htdocs\www\Nesti_CodeIngniterdebug\system\CodeIgniter.php(333): CodeIgniter\CodeIgniter->handleRequest(NULL, Object(Config\Cache), false)
#4 C:\xampp\htdocs\www\Nesti_CodeIngniterdebug\public\index.php(44): CodeIgniter\CodeIgniter->run()
#5 {main}
