CRITICAL - 2021-03-10 02:54:47 --> Invalid file: test.php
#0 C:\xampp\htdocs\www\nestiAdmin\system\View\View.php(203): CodeIgniter\Exceptions\FrameworkException::forInvalidFile('test.php')
#1 C:\xampp\htdocs\www\nestiAdmin\system\Common.php(1217): CodeIgniter\View\View->render('test', Array, true)
#2 C:\xampp\htdocs\www\nestiAdmin\app\Controllers\Home.php(9): view('test')
#3 C:\xampp\htdocs\www\nestiAdmin\system\CodeIgniter.php(936): App\Controllers\Home->index()
#4 C:\xampp\htdocs\www\nestiAdmin\system\CodeIgniter.php(432): CodeIgniter\CodeIgniter->runController(Object(App\Controllers\Home))
#5 C:\xampp\htdocs\www\nestiAdmin\system\CodeIgniter.php(333): CodeIgniter\CodeIgniter->handleRequest(NULL, Object(Config\Cache), false)
#6 C:\xampp\htdocs\www\nestiAdmin\public\index.php(44): CodeIgniter\CodeIgniter->run()
#7 {main}
CRITICAL - 2021-03-10 02:56:19 --> Invalid file: test.php
#0 C:\xampp\htdocs\www\nestiAdmin\system\View\View.php(203): CodeIgniter\Exceptions\FrameworkException::forInvalidFile('test.php')
#1 C:\xampp\htdocs\www\nestiAdmin\system\Common.php(1217): CodeIgniter\View\View->render('test', Array, true)
#2 C:\xampp\htdocs\www\nestiAdmin\app\Controllers\Home.php(9): view('test')
#3 C:\xampp\htdocs\www\nestiAdmin\system\CodeIgniter.php(936): App\Controllers\Home->index()
#4 C:\xampp\htdocs\www\nestiAdmin\system\CodeIgniter.php(432): CodeIgniter\CodeIgniter->runController(Object(App\Controllers\Home))
#5 C:\xampp\htdocs\www\nestiAdmin\system\CodeIgniter.php(333): CodeIgniter\CodeIgniter->handleRequest(NULL, Object(Config\Cache), false)
#6 C:\xampp\htdocs\www\nestiAdmin\public\index.php(44): CodeIgniter\CodeIgniter->run()
#7 {main}
CRITICAL - 2021-03-10 02:56:20 --> Invalid file: test.php
#0 C:\xampp\htdocs\www\nestiAdmin\system\View\View.php(203): CodeIgniter\Exceptions\FrameworkException::forInvalidFile('test.php')
#1 C:\xampp\htdocs\www\nestiAdmin\system\Common.php(1217): CodeIgniter\View\View->render('test', Array, true)
#2 C:\xampp\htdocs\www\nestiAdmin\app\Controllers\Home.php(9): view('test')
#3 C:\xampp\htdocs\www\nestiAdmin\system\CodeIgniter.php(936): App\Controllers\Home->index()
#4 C:\xampp\htdocs\www\nestiAdmin\system\CodeIgniter.php(432): CodeIgniter\CodeIgniter->runController(Object(App\Controllers\Home))
#5 C:\xampp\htdocs\www\nestiAdmin\system\CodeIgniter.php(333): CodeIgniter\CodeIgniter->handleRequest(NULL, Object(Config\Cache), false)
#6 C:\xampp\htdocs\www\nestiAdmin\public\index.php(44): CodeIgniter\CodeIgniter->run()
#7 {main}
CRITICAL - 2021-03-10 02:56:20 --> Invalid file: test.php
#0 C:\xampp\htdocs\www\nestiAdmin\system\View\View.php(203): CodeIgniter\Exceptions\FrameworkException::forInvalidFile('test.php')
#1 C:\xampp\htdocs\www\nestiAdmin\system\Common.php(1217): CodeIgniter\View\View->render('test', Array, true)
#2 C:\xampp\htdocs\www\nestiAdmin\app\Controllers\Home.php(9): view('test')
#3 C:\xampp\htdocs\www\nestiAdmin\system\CodeIgniter.php(936): App\Controllers\Home->index()
#4 C:\xampp\htdocs\www\nestiAdmin\system\CodeIgniter.php(432): CodeIgniter\CodeIgniter->runController(Object(App\Controllers\Home))
#5 C:\xampp\htdocs\www\nestiAdmin\system\CodeIgniter.php(333): CodeIgniter\CodeIgniter->handleRequest(NULL, Object(Config\Cache), false)
#6 C:\xampp\htdocs\www\nestiAdmin\public\index.php(44): CodeIgniter\CodeIgniter->run()
#7 {main}
CRITICAL - 2021-03-10 02:56:21 --> Invalid file: test.php
#0 C:\xampp\htdocs\www\nestiAdmin\system\View\View.php(203): CodeIgniter\Exceptions\FrameworkException::forInvalidFile('test.php')
#1 C:\xampp\htdocs\www\nestiAdmin\system\Common.php(1217): CodeIgniter\View\View->render('test', Array, true)
#2 C:\xampp\htdocs\www\nestiAdmin\app\Controllers\Home.php(9): view('test')
#3 C:\xampp\htdocs\www\nestiAdmin\system\CodeIgniter.php(936): App\Controllers\Home->index()
#4 C:\xampp\htdocs\www\nestiAdmin\system\CodeIgniter.php(432): CodeIgniter\CodeIgniter->runController(Object(App\Controllers\Home))
#5 C:\xampp\htdocs\www\nestiAdmin\system\CodeIgniter.php(333): CodeIgniter\CodeIgniter->handleRequest(NULL, Object(Config\Cache), false)
#6 C:\xampp\htdocs\www\nestiAdmin\public\index.php(44): CodeIgniter\CodeIgniter->run()
#7 {main}
CRITICAL - 2021-03-10 02:56:52 --> Invalid file: welcome_messag​e.php
#0 C:\xampp\htdocs\www\nestiAdmin\system\View\View.php(203): CodeIgniter\Exceptions\FrameworkException::forInvalidFile('welcome_messag\xE2...')
#1 C:\xampp\htdocs\www\nestiAdmin\system\Common.php(1217): CodeIgniter\View\View->render('welcome_messag\xE2...', Array, true)
#2 C:\xampp\htdocs\www\nestiAdmin\app\Controllers\Home.php(9): view('welcome_messag\xE2...')
#3 C:\xampp\htdocs\www\nestiAdmin\system\CodeIgniter.php(936): App\Controllers\Home->index()
#4 C:\xampp\htdocs\www\nestiAdmin\system\CodeIgniter.php(432): CodeIgniter\CodeIgniter->runController(Object(App\Controllers\Home))
#5 C:\xampp\htdocs\www\nestiAdmin\system\CodeIgniter.php(333): CodeIgniter\CodeIgniter->handleRequest(NULL, Object(Config\Cache), false)
#6 C:\xampp\htdocs\www\nestiAdmin\public\index.php(44): CodeIgniter\CodeIgniter->run()
#7 {main}
CRITICAL - 2021-03-10 02:56:53 --> Invalid file: welcome_messag​e.php
#0 C:\xampp\htdocs\www\nestiAdmin\system\View\View.php(203): CodeIgniter\Exceptions\FrameworkException::forInvalidFile('welcome_messag\xE2...')
#1 C:\xampp\htdocs\www\nestiAdmin\system\Common.php(1217): CodeIgniter\View\View->render('welcome_messag\xE2...', Array, true)
#2 C:\xampp\htdocs\www\nestiAdmin\app\Controllers\Home.php(9): view('welcome_messag\xE2...')
#3 C:\xampp\htdocs\www\nestiAdmin\system\CodeIgniter.php(936): App\Controllers\Home->index()
#4 C:\xampp\htdocs\www\nestiAdmin\system\CodeIgniter.php(432): CodeIgniter\CodeIgniter->runController(Object(App\Controllers\Home))
#5 C:\xampp\htdocs\www\nestiAdmin\system\CodeIgniter.php(333): CodeIgniter\CodeIgniter->handleRequest(NULL, Object(Config\Cache), false)
#6 C:\xampp\htdocs\www\nestiAdmin\public\index.php(44): CodeIgniter\CodeIgniter->run()
#7 {main}
CRITICAL - 2021-03-10 02:56:53 --> Invalid file: welcome_messag​e.php
#0 C:\xampp\htdocs\www\nestiAdmin\system\View\View.php(203): CodeIgniter\Exceptions\FrameworkException::forInvalidFile('welcome_messag\xE2...')
#1 C:\xampp\htdocs\www\nestiAdmin\system\Common.php(1217): CodeIgniter\View\View->render('welcome_messag\xE2...', Array, true)
#2 C:\xampp\htdocs\www\nestiAdmin\app\Controllers\Home.php(9): view('welcome_messag\xE2...')
#3 C:\xampp\htdocs\www\nestiAdmin\system\CodeIgniter.php(936): App\Controllers\Home->index()
#4 C:\xampp\htdocs\www\nestiAdmin\system\CodeIgniter.php(432): CodeIgniter\CodeIgniter->runController(Object(App\Controllers\Home))
#5 C:\xampp\htdocs\www\nestiAdmin\system\CodeIgniter.php(333): CodeIgniter\CodeIgniter->handleRequest(NULL, Object(Config\Cache), false)
#6 C:\xampp\htdocs\www\nestiAdmin\public\index.php(44): CodeIgniter\CodeIgniter->run()
#7 {main}
CRITICAL - 2021-03-10 06:20:37 --> Controller or its method is not found: TagController::allTags
#0 C:\xampp\htdocs\www\nestiAdmin\system\Helpers\url_helper.php(645): CodeIgniter\Router\Exceptions\RouterException::forControllerNotFound('TagController', 'allTags')
#1 C:\xampp\htdocs\www\nestiAdmin\app\Views\tag\allTags.php(4): url_to('TagController::...')
#2 C:\xampp\htdocs\www\nestiAdmin\system\View\View.php(220): include('C:\\xampp\\htdocs...')
#3 C:\xampp\htdocs\www\nestiAdmin\system\View\View.php(222): CodeIgniter\View\View->CodeIgniter\View\{closure}()
#4 C:\xampp\htdocs\www\nestiAdmin\system\Common.php(1217): CodeIgniter\View\View->render('tag/allTags', Array, true)
#5 C:\xampp\htdocs\www\nestiAdmin\app\Controllers\BaseController.php(61): view('tag/allTags', Array)
#6 C:\xampp\htdocs\www\nestiAdmin\app\Controllers\TagController.php(9): App\Controllers\BaseController->renderTemplate('tag/allTags')
#7 C:\xampp\htdocs\www\nestiAdmin\system\CodeIgniter.php(936): App\Controllers\TagController->allTags()
#8 C:\xampp\htdocs\www\nestiAdmin\system\CodeIgniter.php(432): CodeIgniter\CodeIgniter->runController(Object(App\Controllers\TagController))
#9 C:\xampp\htdocs\www\nestiAdmin\system\CodeIgniter.php(333): CodeIgniter\CodeIgniter->handleRequest(NULL, Object(Config\Cache), false)
#10 C:\xampp\htdocs\www\nestiAdmin\public\index.php(44): CodeIgniter\CodeIgniter->run()
#11 {main}
CRITICAL - 2021-03-10 06:24:46 --> Controller or its method is not found: TagController::allTags
#0 C:\xampp\htdocs\www\nestiAdmin\system\Helpers\url_helper.php(645): CodeIgniter\Router\Exceptions\RouterException::forControllerNotFound('TagController', 'allTags')
#1 C:\xampp\htdocs\www\nestiAdmin\app\Views\tag\allTags.php(4): url_to('TagController::...')
#2 C:\xampp\htdocs\www\nestiAdmin\system\View\View.php(220): include('C:\\xampp\\htdocs...')
#3 C:\xampp\htdocs\www\nestiAdmin\system\View\View.php(222): CodeIgniter\View\View->CodeIgniter\View\{closure}()
#4 C:\xampp\htdocs\www\nestiAdmin\system\Common.php(1217): CodeIgniter\View\View->render('tag/allTags', Array, true)
#5 C:\xampp\htdocs\www\nestiAdmin\app\Controllers\BaseController.php(61): view('tag/allTags', Array)
#6 C:\xampp\htdocs\www\nestiAdmin\app\Controllers\TagController.php(9): App\Controllers\BaseController->renderTemplate('tag/allTags')
#7 C:\xampp\htdocs\www\nestiAdmin\system\CodeIgniter.php(936): App\Controllers\TagController->allTags()
#8 C:\xampp\htdocs\www\nestiAdmin\system\CodeIgniter.php(432): CodeIgniter\CodeIgniter->runController(Object(App\Controllers\TagController))
#9 C:\xampp\htdocs\www\nestiAdmin\system\CodeIgniter.php(333): CodeIgniter\CodeIgniter->handleRequest(NULL, Object(Config\Cache), false)
#10 C:\xampp\htdocs\www\nestiAdmin\public\index.php(44): CodeIgniter\CodeIgniter->run()
#11 {main}
CRITICAL - 2021-03-10 06:29:48 --> Controller or its method is not found: TagController::allTags
#0 C:\xampp\htdocs\www\nestiAdmin\system\Helpers\url_helper.php(645): CodeIgniter\Router\Exceptions\RouterException::forControllerNotFound('TagController', 'allTags')
#1 C:\xampp\htdocs\www\nestiAdmin\app\Views\tag\allTags.php(4): url_to('TagController::...')
#2 C:\xampp\htdocs\www\nestiAdmin\system\View\View.php(220): include('C:\\xampp\\htdocs...')
#3 C:\xampp\htdocs\www\nestiAdmin\system\View\View.php(222): CodeIgniter\View\View->CodeIgniter\View\{closure}()
#4 C:\xampp\htdocs\www\nestiAdmin\system\Common.php(1217): CodeIgniter\View\View->render('tag/allTags', Array, true)
#5 C:\xampp\htdocs\www\nestiAdmin\app\Controllers\BaseController.php(61): view('tag/allTags', Array)
#6 C:\xampp\htdocs\www\nestiAdmin\app\Controllers\TagController.php(9): App\Controllers\BaseController->renderTemplate('tag/allTags')
#7 C:\xampp\htdocs\www\nestiAdmin\system\CodeIgniter.php(936): App\Controllers\TagController->allTags()
#8 C:\xampp\htdocs\www\nestiAdmin\system\CodeIgniter.php(432): CodeIgniter\CodeIgniter->runController(Object(App\Controllers\TagController))
#9 C:\xampp\htdocs\www\nestiAdmin\system\CodeIgniter.php(333): CodeIgniter\CodeIgniter->handleRequest(NULL, Object(Config\Cache), false)
#10 C:\xampp\htdocs\www\nestiAdmin\public\index.php(44): CodeIgniter\CodeIgniter->run()
#11 {main}
CRITICAL - 2021-03-10 09:01:13 --> Trying to get property 'id' of non-object
#0 C:\xampp\htdocs\www\nestiAdmintp2\app\Views\tag\oneTag.php(3): CodeIgniter\Debug\Exceptions->errorHandler(8, 'Trying to get p...', 'C:\\xampp\\htdocs...', 3, Array)
#1 C:\xampp\htdocs\www\nestiAdmintp2\system\View\View.php(220): include('C:\\xampp\\htdocs...')
#2 C:\xampp\htdocs\www\nestiAdmintp2\system\View\View.php(222): CodeIgniter\View\View->CodeIgniter\View\{closure}()
#3 C:\xampp\htdocs\www\nestiAdmintp2\system\Common.php(1217): CodeIgniter\View\View->render('tag/oneTag', Array, true)
#4 C:\xampp\htdocs\www\nestiAdmintp2\app\Controllers\BaseController.php(61): view('tag/oneTag', Array)
#5 C:\xampp\htdocs\www\nestiAdmintp2\app\Controllers\TagController.php(28): App\Controllers\BaseController->renderTemplate('tag/oneTag', Array)
#6 C:\xampp\htdocs\www\nestiAdmintp2\system\CodeIgniter.php(936): App\Controllers\TagController->read('3')
#7 C:\xampp\htdocs\www\nestiAdmintp2\system\CodeIgniter.php(432): CodeIgniter\CodeIgniter->runController(Object(App\Controllers\TagController))
#8 C:\xampp\htdocs\www\nestiAdmintp2\system\CodeIgniter.php(333): CodeIgniter\CodeIgniter->handleRequest(NULL, Object(Config\Cache), false)
#9 C:\xampp\htdocs\www\nestiAdmintp2\public\index.php(44): CodeIgniter\CodeIgniter->run()
#10 {main}
CRITICAL - 2021-03-10 09:01:48 --> Trying to get property 'id' of non-object
#0 C:\xampp\htdocs\www\nestiAdmintp2\app\Views\tag\oneTag.php(3): CodeIgniter\Debug\Exceptions->errorHandler(8, 'Trying to get p...', 'C:\\xampp\\htdocs...', 3, Array)
#1 C:\xampp\htdocs\www\nestiAdmintp2\system\View\View.php(220): include('C:\\xampp\\htdocs...')
#2 C:\xampp\htdocs\www\nestiAdmintp2\system\View\View.php(222): CodeIgniter\View\View->CodeIgniter\View\{closure}()
#3 C:\xampp\htdocs\www\nestiAdmintp2\system\Common.php(1217): CodeIgniter\View\View->render('tag/oneTag', Array, true)
#4 C:\xampp\htdocs\www\nestiAdmintp2\app\Controllers\BaseController.php(61): view('tag/oneTag', Array)
#5 C:\xampp\htdocs\www\nestiAdmintp2\app\Controllers\TagController.php(28): App\Controllers\BaseController->renderTemplate('tag/oneTag', Array)
#6 C:\xampp\htdocs\www\nestiAdmintp2\system\CodeIgniter.php(936): App\Controllers\TagController->read('$all')
#7 C:\xampp\htdocs\www\nestiAdmintp2\system\CodeIgniter.php(432): CodeIgniter\CodeIgniter->runController(Object(App\Controllers\TagController))
#8 C:\xampp\htdocs\www\nestiAdmintp2\system\CodeIgniter.php(333): CodeIgniter\CodeIgniter->handleRequest(NULL, Object(Config\Cache), false)
#9 C:\xampp\htdocs\www\nestiAdmintp2\public\index.php(44): CodeIgniter\CodeIgniter->run()
#10 {main}
CRITICAL - 2021-03-10 09:01:50 --> Trying to get property 'id' of non-object
#0 C:\xampp\htdocs\www\nestiAdmintp2\app\Views\tag\oneTag.php(3): CodeIgniter\Debug\Exceptions->errorHandler(8, 'Trying to get p...', 'C:\\xampp\\htdocs...', 3, Array)
#1 C:\xampp\htdocs\www\nestiAdmintp2\system\View\View.php(220): include('C:\\xampp\\htdocs...')
#2 C:\xampp\htdocs\www\nestiAdmintp2\system\View\View.php(222): CodeIgniter\View\View->CodeIgniter\View\{closure}()
#3 C:\xampp\htdocs\www\nestiAdmintp2\system\Common.php(1217): CodeIgniter\View\View->render('tag/oneTag', Array, true)
#4 C:\xampp\htdocs\www\nestiAdmintp2\app\Controllers\BaseController.php(61): view('tag/oneTag', Array)
#5 C:\xampp\htdocs\www\nestiAdmintp2\app\Controllers\TagController.php(28): App\Controllers\BaseController->renderTemplate('tag/oneTag', Array)
#6 C:\xampp\htdocs\www\nestiAdmintp2\system\CodeIgniter.php(936): App\Controllers\TagController->read('$all')
#7 C:\xampp\htdocs\www\nestiAdmintp2\system\CodeIgniter.php(432): CodeIgniter\CodeIgniter->runController(Object(App\Controllers\TagController))
#8 C:\xampp\htdocs\www\nestiAdmintp2\system\CodeIgniter.php(333): CodeIgniter\CodeIgniter->handleRequest(NULL, Object(Config\Cache), false)
#9 C:\xampp\htdocs\www\nestiAdmintp2\public\index.php(44): CodeIgniter\CodeIgniter->run()
#10 {main}
CRITICAL - 2021-03-10 09:01:55 --> Trying to get property 'id' of non-object
#0 C:\xampp\htdocs\www\nestiAdmintp2\app\Views\tag\oneTag.php(3): CodeIgniter\Debug\Exceptions->errorHandler(8, 'Trying to get p...', 'C:\\xampp\\htdocs...', 3, Array)
#1 C:\xampp\htdocs\www\nestiAdmintp2\system\View\View.php(220): include('C:\\xampp\\htdocs...')
#2 C:\xampp\htdocs\www\nestiAdmintp2\system\View\View.php(222): CodeIgniter\View\View->CodeIgniter\View\{closure}()
#3 C:\xampp\htdocs\www\nestiAdmintp2\system\Common.php(1217): CodeIgniter\View\View->render('tag/oneTag', Array, true)
#4 C:\xampp\htdocs\www\nestiAdmintp2\app\Controllers\BaseController.php(61): view('tag/oneTag', Array)
#5 C:\xampp\htdocs\www\nestiAdmintp2\app\Controllers\TagController.php(28): App\Controllers\BaseController->renderTemplate('tag/oneTag', Array)
#6 C:\xampp\htdocs\www\nestiAdmintp2\system\CodeIgniter.php(936): App\Controllers\TagController->read('$all')
#7 C:\xampp\htdocs\www\nestiAdmintp2\system\CodeIgniter.php(432): CodeIgniter\CodeIgniter->runController(Object(App\Controllers\TagController))
#8 C:\xampp\htdocs\www\nestiAdmintp2\system\CodeIgniter.php(333): CodeIgniter\CodeIgniter->handleRequest(NULL, Object(Config\Cache), false)
#9 C:\xampp\htdocs\www\nestiAdmintp2\public\index.php(44): CodeIgniter\CodeIgniter->run()
#10 {main}
CRITICAL - 2021-03-10 09:02:03 --> Trying to get property 'id' of non-object
#0 C:\xampp\htdocs\www\nestiAdmintp2\app\Views\tag\oneTag.php(3): CodeIgniter\Debug\Exceptions->errorHandler(8, 'Trying to get p...', 'C:\\xampp\\htdocs...', 3, Array)
#1 C:\xampp\htdocs\www\nestiAdmintp2\system\View\View.php(220): include('C:\\xampp\\htdocs...')
#2 C:\xampp\htdocs\www\nestiAdmintp2\system\View\View.php(222): CodeIgniter\View\View->CodeIgniter\View\{closure}()
#3 C:\xampp\htdocs\www\nestiAdmintp2\system\Common.php(1217): CodeIgniter\View\View->render('tag/oneTag', Array, true)
#4 C:\xampp\htdocs\www\nestiAdmintp2\app\Controllers\BaseController.php(61): view('tag/oneTag', Array)
#5 C:\xampp\htdocs\www\nestiAdmintp2\app\Controllers\TagController.php(28): App\Controllers\BaseController->renderTemplate('tag/oneTag', Array)
#6 C:\xampp\htdocs\www\nestiAdmintp2\system\CodeIgniter.php(936): App\Controllers\TagController->read('$all')
#7 C:\xampp\htdocs\www\nestiAdmintp2\system\CodeIgniter.php(432): CodeIgniter\CodeIgniter->runController(Object(App\Controllers\TagController))
#8 C:\xampp\htdocs\www\nestiAdmintp2\system\CodeIgniter.php(333): CodeIgniter\CodeIgniter->handleRequest(NULL, Object(Config\Cache), false)
#9 C:\xampp\htdocs\www\nestiAdmintp2\public\index.php(44): CodeIgniter\CodeIgniter->run()
#10 {main}
CRITICAL - 2021-03-10 09:10:06 --> Too few arguments to function App\Controllers\TagController::editTag(), 0 passed in C:\xampp\htdocs\www\nestiAdmintp2\system\CodeIgniter.php on line 936 and exactly 1 expected
#0 C:\xampp\htdocs\www\nestiAdmintp2\system\CodeIgniter.php(936): App\Controllers\TagController->editTag()
#1 C:\xampp\htdocs\www\nestiAdmintp2\system\CodeIgniter.php(432): CodeIgniter\CodeIgniter->runController(Object(App\Controllers\TagController))
#2 C:\xampp\htdocs\www\nestiAdmintp2\system\CodeIgniter.php(333): CodeIgniter\CodeIgniter->handleRequest(NULL, Object(Config\Cache), false)
#3 C:\xampp\htdocs\www\nestiAdmintp2\public\index.php(44): CodeIgniter\CodeIgniter->run()
#4 {main}
CRITICAL - 2021-03-10 09:10:34 --> Too few arguments to function App\Controllers\TagController::editTag(), 0 passed in C:\xampp\htdocs\www\nestiAdmintp2\system\CodeIgniter.php on line 936 and exactly 1 expected
#0 C:\xampp\htdocs\www\nestiAdmintp2\system\CodeIgniter.php(936): App\Controllers\TagController->editTag()
#1 C:\xampp\htdocs\www\nestiAdmintp2\system\CodeIgniter.php(432): CodeIgniter\CodeIgniter->runController(Object(App\Controllers\TagController))
#2 C:\xampp\htdocs\www\nestiAdmintp2\system\CodeIgniter.php(333): CodeIgniter\CodeIgniter->handleRequest(NULL, Object(Config\Cache), false)
#3 C:\xampp\htdocs\www\nestiAdmintp2\public\index.php(44): CodeIgniter\CodeIgniter->run()
#4 {main}
CRITICAL - 2021-03-10 09:10:41 --> Too few arguments to function App\Controllers\TagController::editTag(), 0 passed in C:\xampp\htdocs\www\nestiAdmintp2\system\CodeIgniter.php on line 936 and exactly 1 expected
#0 C:\xampp\htdocs\www\nestiAdmintp2\system\CodeIgniter.php(936): App\Controllers\TagController->editTag()
#1 C:\xampp\htdocs\www\nestiAdmintp2\system\CodeIgniter.php(432): CodeIgniter\CodeIgniter->runController(Object(App\Controllers\TagController))
#2 C:\xampp\htdocs\www\nestiAdmintp2\system\CodeIgniter.php(333): CodeIgniter\CodeIgniter->handleRequest(NULL, Object(Config\Cache), false)
#3 C:\xampp\htdocs\www\nestiAdmintp2\public\index.php(44): CodeIgniter\CodeIgniter->run()
#4 {main}
CRITICAL - 2021-03-10 10:24:35 --> Unable to find template "tag/oneTag.html.twig.twig" (looked into: C:\xampp\htdocs\www\nestiAdmintp2\app\Views).
#0 C:\xampp\htdocs\www\nestiAdmintp2\vendor\twig\twig\src\Loader\FilesystemLoader.php(131): Twig\Loader\FilesystemLoader->findTemplate('tag/oneTag.html...')
#1 C:\xampp\htdocs\www\nestiAdmintp2\vendor\twig\twig\src\Environment.php(261): Twig\Loader\FilesystemLoader->getCacheKey('tag/oneTag.html...')
#2 C:\xampp\htdocs\www\nestiAdmintp2\vendor\twig\twig\src\Environment.php(309): Twig\Environment->getTemplateClass('tag/oneTag.html...')
#3 C:\xampp\htdocs\www\nestiAdmintp2\vendor\twig\twig\src\Environment.php(277): Twig\Environment->load('tag/oneTag.html...')
#4 C:\xampp\htdocs\www\nestiAdmintp2\vendor\kenjis\codeigniter-ss-twig\src\CI4Twig\Twig.php(177): Twig\Environment->render('tag/oneTag.html...', Array)
#5 C:\xampp\htdocs\www\nestiAdmintp2\app\Controllers\TagController.php(30): Kenjis\CI4Twig\Twig->render('tag/oneTag.html...', Array)
#6 C:\xampp\htdocs\www\nestiAdmintp2\system\CodeIgniter.php(936): App\Controllers\TagController->read('1')
#7 C:\xampp\htdocs\www\nestiAdmintp2\system\CodeIgniter.php(432): CodeIgniter\CodeIgniter->runController(Object(App\Controllers\TagController))
#8 C:\xampp\htdocs\www\nestiAdmintp2\system\CodeIgniter.php(333): CodeIgniter\CodeIgniter->handleRequest(NULL, Object(Config\Cache), false)
#9 C:\xampp\htdocs\www\nestiAdmintp2\public\index.php(44): CodeIgniter\CodeIgniter->run()
#10 {main}
CRITICAL - 2021-03-10 10:48:27 --> Unable to find template "tag/allTag.html.twig" (looked into: C:\xampp\htdocs\www\nestiAdmintp2\app\Views).
#0 C:\xampp\htdocs\www\nestiAdmintp2\vendor\twig\twig\src\Loader\FilesystemLoader.php(131): Twig\Loader\FilesystemLoader->findTemplate('tag/allTag.html...')
#1 C:\xampp\htdocs\www\nestiAdmintp2\vendor\twig\twig\src\Environment.php(261): Twig\Loader\FilesystemLoader->getCacheKey('tag/allTag.html...')
#2 C:\xampp\htdocs\www\nestiAdmintp2\vendor\twig\twig\src\Environment.php(309): Twig\Environment->getTemplateClass('tag/allTag.html...')
#3 C:\xampp\htdocs\www\nestiAdmintp2\vendor\twig\twig\src\Environment.php(277): Twig\Environment->load('tag/allTag.html...')
#4 C:\xampp\htdocs\www\nestiAdmintp2\vendor\kenjis\codeigniter-ss-twig\src\CI4Twig\Twig.php(177): Twig\Environment->render('tag/allTag.html...', Array)
#5 C:\xampp\htdocs\www\nestiAdmintp2\app\Controllers\TagController.php(11): Kenjis\CI4Twig\Twig->render('tag/allTag.html...', Array)
#6 C:\xampp\htdocs\www\nestiAdmintp2\system\CodeIgniter.php(936): App\Controllers\TagController->allTags()
#7 C:\xampp\htdocs\www\nestiAdmintp2\system\CodeIgniter.php(432): CodeIgniter\CodeIgniter->runController(Object(App\Controllers\TagController))
#8 C:\xampp\htdocs\www\nestiAdmintp2\system\CodeIgniter.php(333): CodeIgniter\CodeIgniter->handleRequest(NULL, Object(Config\Cache), false)
#9 C:\xampp\htdocs\www\nestiAdmintp2\public\index.php(44): CodeIgniter\CodeIgniter->run()
#10 {main}
CRITICAL - 2021-03-10 10:48:48 --> Unable to find template "tag/allTag.html.twig" (looked into: C:\xampp\htdocs\www\nestiAdmintp2\app\Views).
#0 C:\xampp\htdocs\www\nestiAdmintp2\vendor\twig\twig\src\Loader\FilesystemLoader.php(131): Twig\Loader\FilesystemLoader->findTemplate('tag/allTag.html...')
#1 C:\xampp\htdocs\www\nestiAdmintp2\vendor\twig\twig\src\Environment.php(261): Twig\Loader\FilesystemLoader->getCacheKey('tag/allTag.html...')
#2 C:\xampp\htdocs\www\nestiAdmintp2\vendor\twig\twig\src\Environment.php(309): Twig\Environment->getTemplateClass('tag/allTag.html...')
#3 C:\xampp\htdocs\www\nestiAdmintp2\vendor\twig\twig\src\Environment.php(277): Twig\Environment->load('tag/allTag.html...')
#4 C:\xampp\htdocs\www\nestiAdmintp2\vendor\kenjis\codeigniter-ss-twig\src\CI4Twig\Twig.php(177): Twig\Environment->render('tag/allTag.html...', Array)
#5 C:\xampp\htdocs\www\nestiAdmintp2\app\Controllers\TagController.php(11): Kenjis\CI4Twig\Twig->render('tag/allTag.html...', Array)
#6 C:\xampp\htdocs\www\nestiAdmintp2\system\CodeIgniter.php(936): App\Controllers\TagController->allTags()
#7 C:\xampp\htdocs\www\nestiAdmintp2\system\CodeIgniter.php(432): CodeIgniter\CodeIgniter->runController(Object(App\Controllers\TagController))
#8 C:\xampp\htdocs\www\nestiAdmintp2\system\CodeIgniter.php(333): CodeIgniter\CodeIgniter->handleRequest(NULL, Object(Config\Cache), false)
#9 C:\xampp\htdocs\www\nestiAdmintp2\public\index.php(44): CodeIgniter\CodeIgniter->run()
#10 {main}
CRITICAL - 2021-03-10 10:48:50 --> Unable to find template "tag/allTag.html.twig" (looked into: C:\xampp\htdocs\www\nestiAdmintp2\app\Views).
#0 C:\xampp\htdocs\www\nestiAdmintp2\vendor\twig\twig\src\Loader\FilesystemLoader.php(131): Twig\Loader\FilesystemLoader->findTemplate('tag/allTag.html...')
#1 C:\xampp\htdocs\www\nestiAdmintp2\vendor\twig\twig\src\Environment.php(261): Twig\Loader\FilesystemLoader->getCacheKey('tag/allTag.html...')
#2 C:\xampp\htdocs\www\nestiAdmintp2\vendor\twig\twig\src\Environment.php(309): Twig\Environment->getTemplateClass('tag/allTag.html...')
#3 C:\xampp\htdocs\www\nestiAdmintp2\vendor\twig\twig\src\Environment.php(277): Twig\Environment->load('tag/allTag.html...')
#4 C:\xampp\htdocs\www\nestiAdmintp2\vendor\kenjis\codeigniter-ss-twig\src\CI4Twig\Twig.php(177): Twig\Environment->render('tag/allTag.html...', Array)
#5 C:\xampp\htdocs\www\nestiAdmintp2\app\Controllers\TagController.php(11): Kenjis\CI4Twig\Twig->render('tag/allTag.html...', Array)
#6 C:\xampp\htdocs\www\nestiAdmintp2\system\CodeIgniter.php(936): App\Controllers\TagController->allTags()
#7 C:\xampp\htdocs\www\nestiAdmintp2\system\CodeIgniter.php(432): CodeIgniter\CodeIgniter->runController(Object(App\Controllers\TagController))
#8 C:\xampp\htdocs\www\nestiAdmintp2\system\CodeIgniter.php(333): CodeIgniter\CodeIgniter->handleRequest(NULL, Object(Config\Cache), false)
#9 C:\xampp\htdocs\www\nestiAdmintp2\public\index.php(44): CodeIgniter\CodeIgniter->run()
#10 {main}
CRITICAL - 2021-03-10 10:49:50 --> Unable to find template "tag/allTag.html.twig" (looked into: C:\xampp\htdocs\www\nestiAdmintp2\app\Views).
#0 C:\xampp\htdocs\www\nestiAdmintp2\vendor\twig\twig\src\Loader\FilesystemLoader.php(131): Twig\Loader\FilesystemLoader->findTemplate('tag/allTag.html...')
#1 C:\xampp\htdocs\www\nestiAdmintp2\vendor\twig\twig\src\Environment.php(261): Twig\Loader\FilesystemLoader->getCacheKey('tag/allTag.html...')
#2 C:\xampp\htdocs\www\nestiAdmintp2\vendor\twig\twig\src\Environment.php(309): Twig\Environment->getTemplateClass('tag/allTag.html...')
#3 C:\xampp\htdocs\www\nestiAdmintp2\vendor\twig\twig\src\Environment.php(277): Twig\Environment->load('tag/allTag.html...')
#4 C:\xampp\htdocs\www\nestiAdmintp2\vendor\kenjis\codeigniter-ss-twig\src\CI4Twig\Twig.php(177): Twig\Environment->render('tag/allTag.html...', Array)
#5 C:\xampp\htdocs\www\nestiAdmintp2\app\Controllers\TagController.php(11): Kenjis\CI4Twig\Twig->render('tag/allTag.html...', Array)
#6 C:\xampp\htdocs\www\nestiAdmintp2\system\CodeIgniter.php(936): App\Controllers\TagController->allTags()
#7 C:\xampp\htdocs\www\nestiAdmintp2\system\CodeIgniter.php(432): CodeIgniter\CodeIgniter->runController(Object(App\Controllers\TagController))
#8 C:\xampp\htdocs\www\nestiAdmintp2\system\CodeIgniter.php(333): CodeIgniter\CodeIgniter->handleRequest(NULL, Object(Config\Cache), false)
#9 C:\xampp\htdocs\www\nestiAdmintp2\public\index.php(44): CodeIgniter\CodeIgniter->run()
#10 {main}
CRITICAL - 2021-03-10 10:52:39 --> Unable to find template "tag/allTags.html.twig.twig" (looked into: C:\xampp\htdocs\www\nestiAdmintp2\app\Views).
#0 C:\xampp\htdocs\www\nestiAdmintp2\vendor\twig\twig\src\Loader\FilesystemLoader.php(131): Twig\Loader\FilesystemLoader->findTemplate('tag/allTags.htm...')
#1 C:\xampp\htdocs\www\nestiAdmintp2\vendor\twig\twig\src\Environment.php(261): Twig\Loader\FilesystemLoader->getCacheKey('tag/allTags.htm...')
#2 C:\xampp\htdocs\www\nestiAdmintp2\vendor\twig\twig\src\Environment.php(309): Twig\Environment->getTemplateClass('tag/allTags.htm...')
#3 C:\xampp\htdocs\www\nestiAdmintp2\vendor\twig\twig\src\Environment.php(277): Twig\Environment->load('tag/allTags.htm...')
#4 C:\xampp\htdocs\www\nestiAdmintp2\vendor\kenjis\codeigniter-ss-twig\src\CI4Twig\Twig.php(177): Twig\Environment->render('tag/allTags.htm...', Array)
#5 C:\xampp\htdocs\www\nestiAdmintp2\app\Controllers\TagController.php(11): Kenjis\CI4Twig\Twig->render('tag/allTags.htm...', Array)
#6 C:\xampp\htdocs\www\nestiAdmintp2\system\CodeIgniter.php(936): App\Controllers\TagController->allTags()
#7 C:\xampp\htdocs\www\nestiAdmintp2\system\CodeIgniter.php(432): CodeIgniter\CodeIgniter->runController(Object(App\Controllers\TagController))
#8 C:\xampp\htdocs\www\nestiAdmintp2\system\CodeIgniter.php(333): CodeIgniter\CodeIgniter->handleRequest(NULL, Object(Config\Cache), false)
#9 C:\xampp\htdocs\www\nestiAdmintp2\public\index.php(44): CodeIgniter\CodeIgniter->run()
#10 {main}
CRITICAL - 2021-03-10 11:18:28 --> Unknown "path" function.
#0 C:\xampp\htdocs\www\nestiAdmintp2\vendor\twig\twig\src\ExpressionParser.php(455): Twig\ExpressionParser->getFunctionNodeClass('path', 5)
#1 C:\xampp\htdocs\www\nestiAdmintp2\vendor\twig\twig\src\ExpressionParser.php(235): Twig\ExpressionParser->getFunctionNode('path', 5)
#2 C:\xampp\htdocs\www\nestiAdmintp2\vendor\twig\twig\src\ExpressionParser.php(175): Twig\ExpressionParser->parsePrimaryExpression()
#3 C:\xampp\htdocs\www\nestiAdmintp2\vendor\twig\twig\src\ExpressionParser.php(70): Twig\ExpressionParser->getPrimary()
#4 C:\xampp\htdocs\www\nestiAdmintp2\vendor\twig\twig\src\Parser.php(128): Twig\ExpressionParser->parseExpression()
#5 C:\xampp\htdocs\www\nestiAdmintp2\vendor\twig\twig\src\TokenParser\ForTokenParser.php(42): Twig\Parser->subparse(Array)
#6 C:\xampp\htdocs\www\nestiAdmintp2\vendor\twig\twig\src\Parser.php(171): Twig\TokenParser\ForTokenParser->parse(Object(Twig\Token))
#7 C:\xampp\htdocs\www\nestiAdmintp2\vendor\twig\twig\src\Parser.php(84): Twig\Parser->subparse(NULL, false)
#8 C:\xampp\htdocs\www\nestiAdmintp2\vendor\twig\twig\src\Environment.php(479): Twig\Parser->parse(Object(Twig\TokenStream))
#9 C:\xampp\htdocs\www\nestiAdmintp2\vendor\twig\twig\src\Environment.php(507): Twig\Environment->parse(Object(Twig\TokenStream))
#10 C:\xampp\htdocs\www\nestiAdmintp2\vendor\twig\twig\src\Environment.php(348): Twig\Environment->compileSource(Object(Twig\Source))
#11 C:\xampp\htdocs\www\nestiAdmintp2\vendor\twig\twig\src\Environment.php(309): Twig\Environment->loadTemplate('__TwigTemplate_...', 'tag/allTags.htm...')
#12 C:\xampp\htdocs\www\nestiAdmintp2\vendor\twig\twig\src\Environment.php(277): Twig\Environment->load('tag/allTags.htm...')
#13 C:\xampp\htdocs\www\nestiAdmintp2\vendor\kenjis\codeigniter-ss-twig\src\CI4Twig\Twig.php(177): Twig\Environment->render('tag/allTags.htm...', Array)
#14 C:\xampp\htdocs\www\nestiAdmintp2\vendor\kenjis\codeigniter-ss-twig\src\CI4Twig\Twig.php(156): Kenjis\CI4Twig\Twig->render('tag/allTags.htm...', Array)
#15 C:\xampp\htdocs\www\nestiAdmintp2\app\Controllers\TagController.php(11): Kenjis\CI4Twig\Twig->display('tag/allTags.htm...', Array)
#16 C:\xampp\htdocs\www\nestiAdmintp2\system\CodeIgniter.php(936): App\Controllers\TagController->allTags()
#17 C:\xampp\htdocs\www\nestiAdmintp2\system\CodeIgniter.php(432): CodeIgniter\CodeIgniter->runController(Object(App\Controllers\TagController))
#18 C:\xampp\htdocs\www\nestiAdmintp2\system\CodeIgniter.php(333): CodeIgniter\CodeIgniter->handleRequest(NULL, Object(Config\Cache), false)
#19 C:\xampp\htdocs\www\nestiAdmintp2\public\index.php(44): CodeIgniter\CodeIgniter->run()
#20 {main}
CRITICAL - 2021-03-10 11:53:01 --> A template that extends another one cannot include content outside Twig blocks. Did you forget to put the content inside a {% block %} tag?
#0 C:\xampp\htdocs\www\nestiAdmintp2\vendor\twig\twig\src\Parser.php(342): Twig\Parser->filterBodyNodes(Object(Twig\Node\TextNode), false)
#1 C:\xampp\htdocs\www\nestiAdmintp2\vendor\twig\twig\src\Parser.php(86): Twig\Parser->filterBodyNodes(Object(Twig\Node\Node))
#2 C:\xampp\htdocs\www\nestiAdmintp2\vendor\twig\twig\src\Environment.php(479): Twig\Parser->parse(Object(Twig\TokenStream))
#3 C:\xampp\htdocs\www\nestiAdmintp2\vendor\twig\twig\src\Environment.php(507): Twig\Environment->parse(Object(Twig\TokenStream))
#4 C:\xampp\htdocs\www\nestiAdmintp2\vendor\twig\twig\src\Environment.php(348): Twig\Environment->compileSource(Object(Twig\Source))
#5 C:\xampp\htdocs\www\nestiAdmintp2\vendor\twig\twig\src\Environment.php(309): Twig\Environment->loadTemplate('__TwigTemplate_...', 'tag/allTags.htm...')
#6 C:\xampp\htdocs\www\nestiAdmintp2\vendor\twig\twig\src\Environment.php(277): Twig\Environment->load('tag/allTags.htm...')
#7 C:\xampp\htdocs\www\nestiAdmintp2\vendor\kenjis\codeigniter-ss-twig\src\CI4Twig\Twig.php(177): Twig\Environment->render('tag/allTags.htm...', Array)
#8 C:\xampp\htdocs\www\nestiAdmintp2\vendor\kenjis\codeigniter-ss-twig\src\CI4Twig\Twig.php(156): Kenjis\CI4Twig\Twig->render('tag/allTags.htm...', Array)
#9 C:\xampp\htdocs\www\nestiAdmintp2\app\Controllers\TagController.php(13): Kenjis\CI4Twig\Twig->display('tag/allTags.htm...', Array)
#10 C:\xampp\htdocs\www\nestiAdmintp2\system\CodeIgniter.php(936): App\Controllers\TagController->allTags()
#11 C:\xampp\htdocs\www\nestiAdmintp2\system\CodeIgniter.php(432): CodeIgniter\CodeIgniter->runController(Object(App\Controllers\TagController))
#12 C:\xampp\htdocs\www\nestiAdmintp2\system\CodeIgniter.php(333): CodeIgniter\CodeIgniter->handleRequest(NULL, Object(Config\Cache), false)
#13 C:\xampp\htdocs\www\nestiAdmintp2\public\index.php(44): CodeIgniter\CodeIgniter->run()
#14 {main}
CRITICAL - 2021-03-10 12:01:57 --> Unexpected token "end of print statement" of value "".
#0 C:\xampp\htdocs\www\nestiAdmintp2\vendor\twig\twig\src\ExpressionParser.php(175): Twig\ExpressionParser->parsePrimaryExpression()
#1 C:\xampp\htdocs\www\nestiAdmintp2\vendor\twig\twig\src\ExpressionParser.php(70): Twig\ExpressionParser->getPrimary()
#2 C:\xampp\htdocs\www\nestiAdmintp2\vendor\twig\twig\src\Parser.php(128): Twig\ExpressionParser->parseExpression()
#3 C:\xampp\htdocs\www\nestiAdmintp2\vendor\twig\twig\src\Parser.php(84): Twig\Parser->subparse(NULL, false)
#4 C:\xampp\htdocs\www\nestiAdmintp2\vendor\twig\twig\src\Environment.php(479): Twig\Parser->parse(Object(Twig\TokenStream))
#5 C:\xampp\htdocs\www\nestiAdmintp2\vendor\twig\twig\src\Environment.php(507): Twig\Environment->parse(Object(Twig\TokenStream))
#6 C:\xampp\htdocs\www\nestiAdmintp2\vendor\twig\twig\src\Environment.php(348): Twig\Environment->compileSource(Object(Twig\Source))
#7 C:\xampp\htdocs\www\nestiAdmintp2\vendor\twig\twig\src\Environment.php(309): Twig\Environment->loadTemplate('__TwigTemplate_...', 'layout/partials...')
#8 C:\xampp\htdocs\www\nestiAdmintp2\vendor\twig\twig\src\Environment.php(433): Twig\Environment->load('layout/partials...')
#9 C:\xampp\htdocs\www\nestiAdmintp2\vendor\twig\twig\src\Extension\CoreExtension.php(1258): Twig\Environment->resolveTemplate('layout/partials...')
#10 C:\xampp\htdocs\www\nestiAdmintp2\writable\cache\twig\2f\2fb6cd83b1cbe24e9b360f24d27fd10dd2472058d80faafae8e68d43398a8cf3.php(60): twig_include(Object(Twig\Environment), Array, 'layout/partials...')
#11 C:\xampp\htdocs\www\nestiAdmintp2\vendor\twig\twig\src\Template.php(394): __TwigTemplate_bf15a06f8208afbebf10af41c881b9f8b340aa73afe91dd2f0dbceb0743e56cf->doDisplay(Array, Array)
#12 C:\xampp\htdocs\www\nestiAdmintp2\vendor\twig\twig\src\Template.php(367): Twig\Template->displayWithErrorHandling(Array, Array)
#13 C:\xampp\htdocs\www\nestiAdmintp2\writable\cache\twig\62\621f6c8320e2882cf10a49fac3e612f9b5b10cee8de879dfe9b90d6b649b6fc7.php(42): Twig\Template->display(Array, Array)
#14 C:\xampp\htdocs\www\nestiAdmintp2\vendor\twig\twig\src\Template.php(394): __TwigTemplate_64e9d9b98a5860b7c9241dd527508720976e88e648a7abde21c41c6ae2d96662->doDisplay(Array, Array)
#15 C:\xampp\htdocs\www\nestiAdmintp2\vendor\twig\twig\src\Template.php(367): Twig\Template->displayWithErrorHandling(Array, Array)
#16 C:\xampp\htdocs\www\nestiAdmintp2\vendor\twig\twig\src\Template.php(379): Twig\Template->display(Array)
#17 C:\xampp\htdocs\www\nestiAdmintp2\vendor\twig\twig\src\TemplateWrapper.php(40): Twig\Template->render(Array, Array)
#18 C:\xampp\htdocs\www\nestiAdmintp2\vendor\twig\twig\src\Environment.php(277): Twig\TemplateWrapper->render(Array)
#19 C:\xampp\htdocs\www\nestiAdmintp2\vendor\kenjis\codeigniter-ss-twig\src\CI4Twig\Twig.php(177): Twig\Environment->render('tag/allTags.htm...', Array)
#20 C:\xampp\htdocs\www\nestiAdmintp2\vendor\kenjis\codeigniter-ss-twig\src\CI4Twig\Twig.php(156): Kenjis\CI4Twig\Twig->render('tag/allTags.htm...', Array)
#21 C:\xampp\htdocs\www\nestiAdmintp2\app\Controllers\TagController.php(13): Kenjis\CI4Twig\Twig->display('tag/allTags.htm...', Array)
#22 C:\xampp\htdocs\www\nestiAdmintp2\system\CodeIgniter.php(936): App\Controllers\TagController->allTags()
#23 C:\xampp\htdocs\www\nestiAdmintp2\system\CodeIgniter.php(432): CodeIgniter\CodeIgniter->runController(Object(App\Controllers\TagController))
#24 C:\xampp\htdocs\www\nestiAdmintp2\system\CodeIgniter.php(333): CodeIgniter\CodeIgniter->handleRequest(NULL, Object(Config\Cache), false)
#25 C:\xampp\htdocs\www\nestiAdmintp2\public\index.php(44): CodeIgniter\CodeIgniter->run()
#26 {main}
CRITICAL - 2021-03-10 12:02:00 --> Unexpected token "end of print statement" of value "".
#0 C:\xampp\htdocs\www\nestiAdmintp2\vendor\twig\twig\src\ExpressionParser.php(175): Twig\ExpressionParser->parsePrimaryExpression()
#1 C:\xampp\htdocs\www\nestiAdmintp2\vendor\twig\twig\src\ExpressionParser.php(70): Twig\ExpressionParser->getPrimary()
#2 C:\xampp\htdocs\www\nestiAdmintp2\vendor\twig\twig\src\Parser.php(128): Twig\ExpressionParser->parseExpression()
#3 C:\xampp\htdocs\www\nestiAdmintp2\vendor\twig\twig\src\Parser.php(84): Twig\Parser->subparse(NULL, false)
#4 C:\xampp\htdocs\www\nestiAdmintp2\vendor\twig\twig\src\Environment.php(479): Twig\Parser->parse(Object(Twig\TokenStream))
#5 C:\xampp\htdocs\www\nestiAdmintp2\vendor\twig\twig\src\Environment.php(507): Twig\Environment->parse(Object(Twig\TokenStream))
#6 C:\xampp\htdocs\www\nestiAdmintp2\vendor\twig\twig\src\Environment.php(348): Twig\Environment->compileSource(Object(Twig\Source))
#7 C:\xampp\htdocs\www\nestiAdmintp2\vendor\twig\twig\src\Environment.php(309): Twig\Environment->loadTemplate('__TwigTemplate_...', 'layout/partials...')
#8 C:\xampp\htdocs\www\nestiAdmintp2\vendor\twig\twig\src\Environment.php(433): Twig\Environment->load('layout/partials...')
#9 C:\xampp\htdocs\www\nestiAdmintp2\vendor\twig\twig\src\Extension\CoreExtension.php(1258): Twig\Environment->resolveTemplate('layout/partials...')
#10 C:\xampp\htdocs\www\nestiAdmintp2\writable\cache\twig\2f\2fb6cd83b1cbe24e9b360f24d27fd10dd2472058d80faafae8e68d43398a8cf3.php(60): twig_include(Object(Twig\Environment), Array, 'layout/partials...')
#11 C:\xampp\htdocs\www\nestiAdmintp2\vendor\twig\twig\src\Template.php(394): __TwigTemplate_bf15a06f8208afbebf10af41c881b9f8b340aa73afe91dd2f0dbceb0743e56cf->doDisplay(Array, Array)
#12 C:\xampp\htdocs\www\nestiAdmintp2\vendor\twig\twig\src\Template.php(367): Twig\Template->displayWithErrorHandling(Array, Array)
#13 C:\xampp\htdocs\www\nestiAdmintp2\writable\cache\twig\62\621f6c8320e2882cf10a49fac3e612f9b5b10cee8de879dfe9b90d6b649b6fc7.php(42): Twig\Template->display(Array, Array)
#14 C:\xampp\htdocs\www\nestiAdmintp2\vendor\twig\twig\src\Template.php(394): __TwigTemplate_64e9d9b98a5860b7c9241dd527508720976e88e648a7abde21c41c6ae2d96662->doDisplay(Array, Array)
#15 C:\xampp\htdocs\www\nestiAdmintp2\vendor\twig\twig\src\Template.php(367): Twig\Template->displayWithErrorHandling(Array, Array)
#16 C:\xampp\htdocs\www\nestiAdmintp2\vendor\twig\twig\src\Template.php(379): Twig\Template->display(Array)
#17 C:\xampp\htdocs\www\nestiAdmintp2\vendor\twig\twig\src\TemplateWrapper.php(40): Twig\Template->render(Array, Array)
#18 C:\xampp\htdocs\www\nestiAdmintp2\vendor\twig\twig\src\Environment.php(277): Twig\TemplateWrapper->render(Array)
#19 C:\xampp\htdocs\www\nestiAdmintp2\vendor\kenjis\codeigniter-ss-twig\src\CI4Twig\Twig.php(177): Twig\Environment->render('tag/allTags.htm...', Array)
#20 C:\xampp\htdocs\www\nestiAdmintp2\vendor\kenjis\codeigniter-ss-twig\src\CI4Twig\Twig.php(156): Kenjis\CI4Twig\Twig->render('tag/allTags.htm...', Array)
#21 C:\xampp\htdocs\www\nestiAdmintp2\app\Controllers\TagController.php(13): Kenjis\CI4Twig\Twig->display('tag/allTags.htm...', Array)
#22 C:\xampp\htdocs\www\nestiAdmintp2\system\CodeIgniter.php(936): App\Controllers\TagController->allTags()
#23 C:\xampp\htdocs\www\nestiAdmintp2\system\CodeIgniter.php(432): CodeIgniter\CodeIgniter->runController(Object(App\Controllers\TagController))
#24 C:\xampp\htdocs\www\nestiAdmintp2\system\CodeIgniter.php(333): CodeIgniter\CodeIgniter->handleRequest(NULL, Object(Config\Cache), false)
#25 C:\xampp\htdocs\www\nestiAdmintp2\public\index.php(44): CodeIgniter\CodeIgniter->run()
#26 {main}
