ERROR - 2021-03-11 03:20:29 --> mysqli_sql_exception: Unknown column 'created_at' in 'field list' in C:\xampp\htdocs\www\nestiAdmintp2et3\system\Database\MySQLi\Connection.php:314
Stack trace:
#0 C:\xampp\htdocs\www\nestiAdmintp2et3\system\Database\MySQLi\Connection.php(314): mysqli->query('INSERT INTO `ta...')
#1 C:\xampp\htdocs\www\nestiAdmintp2et3\system\Database\BaseConnection.php(713): CodeIgniter\Database\MySQLi\Connection->execute('INSERT INTO `ta...')
#2 C:\xampp\htdocs\www\nestiAdmintp2et3\system\Database\BaseConnection.php(641): CodeIgniter\Database\BaseConnection->simpleQuery('INSERT INTO `ta...')
#3 C:\xampp\htdocs\www\nestiAdmintp2et3\system\Database\BaseBuilder.php(2263): CodeIgniter\Database\BaseConnection->query('INSERT INTO `ta...', Array, false)
#4 C:\xampp\htdocs\www\nestiAdmintp2et3\system\Model.php(278): CodeIgniter\Database\BaseBuilder->insert()
#5 C:\xampp\htdocs\www\nestiAdmintp2et3\system\BaseModel.php(758): CodeIgniter\Model->doInsert(Array)
#6 C:\xampp\htdocs\www\nestiAdmintp2et3\system\Model.php(705): CodeIgniter\BaseModel->insert(Array, true)
#7 C:\xampp\htdocs\www\nestiAdmintp2et3\app\Controllers\TagController.php(22): CodeIgniter\Model->insert(Array)
#8 C:\xampp\htdocs\www\nestiAdmintp2et3\system\CodeIgniter.php(936): App\Controllers\TagController->createTag()
#9 C:\xampp\htdocs\www\nestiAdmintp2et3\system\CodeIgniter.php(432): CodeIgniter\CodeIgniter->runController(Object(App\Controllers\TagController))
#10 C:\xampp\htdocs\www\nestiAdmintp2et3\system\CodeIgniter.php(333): CodeIgniter\CodeIgniter->handleRequest(NULL, Object(Config\Cache), false)
#11 C:\xampp\htdocs\www\nestiAdmintp2et3\public\index.php(44): CodeIgniter\CodeIgniter->run()
#12 {main}
CRITICAL - 2021-03-11 03:20:29 --> Unknown column 'created_at' in 'field list'
#0 C:\xampp\htdocs\www\nestiAdmintp2et3\system\Database\MySQLi\Connection.php(314): mysqli->query('INSERT INTO `ta...')
#1 C:\xampp\htdocs\www\nestiAdmintp2et3\system\Database\BaseConnection.php(713): CodeIgniter\Database\MySQLi\Connection->execute('INSERT INTO `ta...')
#2 C:\xampp\htdocs\www\nestiAdmintp2et3\system\Database\BaseConnection.php(641): CodeIgniter\Database\BaseConnection->simpleQuery('INSERT INTO `ta...')
#3 C:\xampp\htdocs\www\nestiAdmintp2et3\system\Database\BaseBuilder.php(2263): CodeIgniter\Database\BaseConnection->query('INSERT INTO `ta...', Array, false)
#4 C:\xampp\htdocs\www\nestiAdmintp2et3\system\Model.php(278): CodeIgniter\Database\BaseBuilder->insert()
#5 C:\xampp\htdocs\www\nestiAdmintp2et3\system\BaseModel.php(758): CodeIgniter\Model->doInsert(Array)
#6 C:\xampp\htdocs\www\nestiAdmintp2et3\system\Model.php(705): CodeIgniter\BaseModel->insert(Array, true)
#7 C:\xampp\htdocs\www\nestiAdmintp2et3\app\Controllers\TagController.php(22): CodeIgniter\Model->insert(Array)
#8 C:\xampp\htdocs\www\nestiAdmintp2et3\system\CodeIgniter.php(936): App\Controllers\TagController->createTag()
#9 C:\xampp\htdocs\www\nestiAdmintp2et3\system\CodeIgniter.php(432): CodeIgniter\CodeIgniter->runController(Object(App\Controllers\TagController))
#10 C:\xampp\htdocs\www\nestiAdmintp2et3\system\CodeIgniter.php(333): CodeIgniter\CodeIgniter->handleRequest(NULL, Object(Config\Cache), false)
#11 C:\xampp\htdocs\www\nestiAdmintp2et3\public\index.php(44): CodeIgniter\CodeIgniter->run()
#12 {main}
ERROR - 2021-03-11 03:21:05 --> mysqli_sql_exception: Unknown column 'created_at' in 'field list' in C:\xampp\htdocs\www\nestiAdmintp2et3\system\Database\MySQLi\Connection.php:314
Stack trace:
#0 C:\xampp\htdocs\www\nestiAdmintp2et3\system\Database\MySQLi\Connection.php(314): mysqli->query('INSERT INTO `ta...')
#1 C:\xampp\htdocs\www\nestiAdmintp2et3\system\Database\BaseConnection.php(713): CodeIgniter\Database\MySQLi\Connection->execute('INSERT INTO `ta...')
#2 C:\xampp\htdocs\www\nestiAdmintp2et3\system\Database\BaseConnection.php(641): CodeIgniter\Database\BaseConnection->simpleQuery('INSERT INTO `ta...')
#3 C:\xampp\htdocs\www\nestiAdmintp2et3\system\Database\BaseBuilder.php(2263): CodeIgniter\Database\BaseConnection->query('INSERT INTO `ta...', Array, false)
#4 C:\xampp\htdocs\www\nestiAdmintp2et3\system\Model.php(278): CodeIgniter\Database\BaseBuilder->insert()
#5 C:\xampp\htdocs\www\nestiAdmintp2et3\system\BaseModel.php(758): CodeIgniter\Model->doInsert(Array)
#6 C:\xampp\htdocs\www\nestiAdmintp2et3\system\Model.php(705): CodeIgniter\BaseModel->insert(Array, true)
#7 C:\xampp\htdocs\www\nestiAdmintp2et3\app\Controllers\TagController.php(22): CodeIgniter\Model->insert(Array)
#8 C:\xampp\htdocs\www\nestiAdmintp2et3\system\CodeIgniter.php(936): App\Controllers\TagController->createTag()
#9 C:\xampp\htdocs\www\nestiAdmintp2et3\system\CodeIgniter.php(432): CodeIgniter\CodeIgniter->runController(Object(App\Controllers\TagController))
#10 C:\xampp\htdocs\www\nestiAdmintp2et3\system\CodeIgniter.php(333): CodeIgniter\CodeIgniter->handleRequest(NULL, Object(Config\Cache), false)
#11 C:\xampp\htdocs\www\nestiAdmintp2et3\public\index.php(44): CodeIgniter\CodeIgniter->run()
#12 {main}
CRITICAL - 2021-03-11 03:21:05 --> Unknown column 'created_at' in 'field list'
#0 C:\xampp\htdocs\www\nestiAdmintp2et3\system\Database\MySQLi\Connection.php(314): mysqli->query('INSERT INTO `ta...')
#1 C:\xampp\htdocs\www\nestiAdmintp2et3\system\Database\BaseConnection.php(713): CodeIgniter\Database\MySQLi\Connection->execute('INSERT INTO `ta...')
#2 C:\xampp\htdocs\www\nestiAdmintp2et3\system\Database\BaseConnection.php(641): CodeIgniter\Database\BaseConnection->simpleQuery('INSERT INTO `ta...')
#3 C:\xampp\htdocs\www\nestiAdmintp2et3\system\Database\BaseBuilder.php(2263): CodeIgniter\Database\BaseConnection->query('INSERT INTO `ta...', Array, false)
#4 C:\xampp\htdocs\www\nestiAdmintp2et3\system\Model.php(278): CodeIgniter\Database\BaseBuilder->insert()
#5 C:\xampp\htdocs\www\nestiAdmintp2et3\system\BaseModel.php(758): CodeIgniter\Model->doInsert(Array)
#6 C:\xampp\htdocs\www\nestiAdmintp2et3\system\Model.php(705): CodeIgniter\BaseModel->insert(Array, true)
#7 C:\xampp\htdocs\www\nestiAdmintp2et3\app\Controllers\TagController.php(22): CodeIgniter\Model->insert(Array)
#8 C:\xampp\htdocs\www\nestiAdmintp2et3\system\CodeIgniter.php(936): App\Controllers\TagController->createTag()
#9 C:\xampp\htdocs\www\nestiAdmintp2et3\system\CodeIgniter.php(432): CodeIgniter\CodeIgniter->runController(Object(App\Controllers\TagController))
#10 C:\xampp\htdocs\www\nestiAdmintp2et3\system\CodeIgniter.php(333): CodeIgniter\CodeIgniter->handleRequest(NULL, Object(Config\Cache), false)
#11 C:\xampp\htdocs\www\nestiAdmintp2et3\public\index.php(44): CodeIgniter\CodeIgniter->run()
#12 {main}
ERROR - 2021-03-11 03:26:28 --> mysqli_sql_exception: Unknown column 'created_at' in 'field list' in C:\xampp\htdocs\www\nestiAdmintp2et3\system\Database\MySQLi\Connection.php:314
Stack trace:
#0 C:\xampp\htdocs\www\nestiAdmintp2et3\system\Database\MySQLi\Connection.php(314): mysqli->query('INSERT INTO `ta...')
#1 C:\xampp\htdocs\www\nestiAdmintp2et3\system\Database\BaseConnection.php(713): CodeIgniter\Database\MySQLi\Connection->execute('INSERT INTO `ta...')
#2 C:\xampp\htdocs\www\nestiAdmintp2et3\system\Database\BaseConnection.php(641): CodeIgniter\Database\BaseConnection->simpleQuery('INSERT INTO `ta...')
#3 C:\xampp\htdocs\www\nestiAdmintp2et3\system\Database\BaseBuilder.php(2263): CodeIgniter\Database\BaseConnection->query('INSERT INTO `ta...', Array, false)
#4 C:\xampp\htdocs\www\nestiAdmintp2et3\system\Model.php(278): CodeIgniter\Database\BaseBuilder->insert()
#5 C:\xampp\htdocs\www\nestiAdmintp2et3\system\BaseModel.php(758): CodeIgniter\Model->doInsert(Array)
#6 C:\xampp\htdocs\www\nestiAdmintp2et3\system\Model.php(705): CodeIgniter\BaseModel->insert(Array, true)
#7 C:\xampp\htdocs\www\nestiAdmintp2et3\app\Controllers\TagController.php(22): CodeIgniter\Model->insert(Array)
#8 C:\xampp\htdocs\www\nestiAdmintp2et3\system\CodeIgniter.php(936): App\Controllers\TagController->createTag()
#9 C:\xampp\htdocs\www\nestiAdmintp2et3\system\CodeIgniter.php(432): CodeIgniter\CodeIgniter->runController(Object(App\Controllers\TagController))
#10 C:\xampp\htdocs\www\nestiAdmintp2et3\system\CodeIgniter.php(333): CodeIgniter\CodeIgniter->handleRequest(NULL, Object(Config\Cache), false)
#11 C:\xampp\htdocs\www\nestiAdmintp2et3\public\index.php(44): CodeIgniter\CodeIgniter->run()
#12 {main}
CRITICAL - 2021-03-11 03:26:28 --> Unknown column 'created_at' in 'field list'
#0 C:\xampp\htdocs\www\nestiAdmintp2et3\system\Database\MySQLi\Connection.php(314): mysqli->query('INSERT INTO `ta...')
#1 C:\xampp\htdocs\www\nestiAdmintp2et3\system\Database\BaseConnection.php(713): CodeIgniter\Database\MySQLi\Connection->execute('INSERT INTO `ta...')
#2 C:\xampp\htdocs\www\nestiAdmintp2et3\system\Database\BaseConnection.php(641): CodeIgniter\Database\BaseConnection->simpleQuery('INSERT INTO `ta...')
#3 C:\xampp\htdocs\www\nestiAdmintp2et3\system\Database\BaseBuilder.php(2263): CodeIgniter\Database\BaseConnection->query('INSERT INTO `ta...', Array, false)
#4 C:\xampp\htdocs\www\nestiAdmintp2et3\system\Model.php(278): CodeIgniter\Database\BaseBuilder->insert()
#5 C:\xampp\htdocs\www\nestiAdmintp2et3\system\BaseModel.php(758): CodeIgniter\Model->doInsert(Array)
#6 C:\xampp\htdocs\www\nestiAdmintp2et3\system\Model.php(705): CodeIgniter\BaseModel->insert(Array, true)
#7 C:\xampp\htdocs\www\nestiAdmintp2et3\app\Controllers\TagController.php(22): CodeIgniter\Model->insert(Array)
#8 C:\xampp\htdocs\www\nestiAdmintp2et3\system\CodeIgniter.php(936): App\Controllers\TagController->createTag()
#9 C:\xampp\htdocs\www\nestiAdmintp2et3\system\CodeIgniter.php(432): CodeIgniter\CodeIgniter->runController(Object(App\Controllers\TagController))
#10 C:\xampp\htdocs\www\nestiAdmintp2et3\system\CodeIgniter.php(333): CodeIgniter\CodeIgniter->handleRequest(NULL, Object(Config\Cache), false)
#11 C:\xampp\htdocs\www\nestiAdmintp2et3\public\index.php(44): CodeIgniter\CodeIgniter->run()
#12 {main}
ERROR - 2021-03-11 03:27:21 --> mysqli_sql_exception: Unknown column 'updated_at' in 'field list' in C:\xampp\htdocs\www\nestiAdmintp2et3\system\Database\MySQLi\Connection.php:314
Stack trace:
#0 C:\xampp\htdocs\www\nestiAdmintp2et3\system\Database\MySQLi\Connection.php(314): mysqli->query('INSERT INTO `ta...')
#1 C:\xampp\htdocs\www\nestiAdmintp2et3\system\Database\BaseConnection.php(713): CodeIgniter\Database\MySQLi\Connection->execute('INSERT INTO `ta...')
#2 C:\xampp\htdocs\www\nestiAdmintp2et3\system\Database\BaseConnection.php(641): CodeIgniter\Database\BaseConnection->simpleQuery('INSERT INTO `ta...')
#3 C:\xampp\htdocs\www\nestiAdmintp2et3\system\Database\BaseBuilder.php(2263): CodeIgniter\Database\BaseConnection->query('INSERT INTO `ta...', Array, false)
#4 C:\xampp\htdocs\www\nestiAdmintp2et3\system\Model.php(278): CodeIgniter\Database\BaseBuilder->insert()
#5 C:\xampp\htdocs\www\nestiAdmintp2et3\system\BaseModel.php(758): CodeIgniter\Model->doInsert(Array)
#6 C:\xampp\htdocs\www\nestiAdmintp2et3\system\Model.php(705): CodeIgniter\BaseModel->insert(Array, true)
#7 C:\xampp\htdocs\www\nestiAdmintp2et3\app\Controllers\TagController.php(22): CodeIgniter\Model->insert(Array)
#8 C:\xampp\htdocs\www\nestiAdmintp2et3\system\CodeIgniter.php(936): App\Controllers\TagController->createTag()
#9 C:\xampp\htdocs\www\nestiAdmintp2et3\system\CodeIgniter.php(432): CodeIgniter\CodeIgniter->runController(Object(App\Controllers\TagController))
#10 C:\xampp\htdocs\www\nestiAdmintp2et3\system\CodeIgniter.php(333): CodeIgniter\CodeIgniter->handleRequest(NULL, Object(Config\Cache), false)
#11 C:\xampp\htdocs\www\nestiAdmintp2et3\public\index.php(44): CodeIgniter\CodeIgniter->run()
#12 {main}
CRITICAL - 2021-03-11 03:27:21 --> Unknown column 'updated_at' in 'field list'
#0 C:\xampp\htdocs\www\nestiAdmintp2et3\system\Database\MySQLi\Connection.php(314): mysqli->query('INSERT INTO `ta...')
#1 C:\xampp\htdocs\www\nestiAdmintp2et3\system\Database\BaseConnection.php(713): CodeIgniter\Database\MySQLi\Connection->execute('INSERT INTO `ta...')
#2 C:\xampp\htdocs\www\nestiAdmintp2et3\system\Database\BaseConnection.php(641): CodeIgniter\Database\BaseConnection->simpleQuery('INSERT INTO `ta...')
#3 C:\xampp\htdocs\www\nestiAdmintp2et3\system\Database\BaseBuilder.php(2263): CodeIgniter\Database\BaseConnection->query('INSERT INTO `ta...', Array, false)
#4 C:\xampp\htdocs\www\nestiAdmintp2et3\system\Model.php(278): CodeIgniter\Database\BaseBuilder->insert()
#5 C:\xampp\htdocs\www\nestiAdmintp2et3\system\BaseModel.php(758): CodeIgniter\Model->doInsert(Array)
#6 C:\xampp\htdocs\www\nestiAdmintp2et3\system\Model.php(705): CodeIgniter\BaseModel->insert(Array, true)
#7 C:\xampp\htdocs\www\nestiAdmintp2et3\app\Controllers\TagController.php(22): CodeIgniter\Model->insert(Array)
#8 C:\xampp\htdocs\www\nestiAdmintp2et3\system\CodeIgniter.php(936): App\Controllers\TagController->createTag()
#9 C:\xampp\htdocs\www\nestiAdmintp2et3\system\CodeIgniter.php(432): CodeIgniter\CodeIgniter->runController(Object(App\Controllers\TagController))
#10 C:\xampp\htdocs\www\nestiAdmintp2et3\system\CodeIgniter.php(333): CodeIgniter\CodeIgniter->handleRequest(NULL, Object(Config\Cache), false)
#11 C:\xampp\htdocs\www\nestiAdmintp2et3\public\index.php(44): CodeIgniter\CodeIgniter->run()
#12 {main}
CRITICAL - 2021-03-11 12:33:10 --> Invalid file: templates/header.php
#0 C:\xampp\htdocs\www\nestiAdmintp2et3\system\View\View.php(203): CodeIgniter\Exceptions\FrameworkException::forInvalidFile('templates/heade...')
#1 C:\xampp\htdocs\www\nestiAdmintp2et3\system\Common.php(1217): CodeIgniter\View\View->render('templates/heade...', Array, true)
#2 C:\xampp\htdocs\www\nestiAdmintp2et3\app\Controllers\BaseController.php(61): view('templates/heade...', Array)
#3 C:\xampp\htdocs\www\nestiAdmintp2et3\app\Controllers\Home.php(9): App\Controllers\BaseController->renderTemplate('home')
#4 C:\xampp\htdocs\www\nestiAdmintp2et3\system\CodeIgniter.php(936): App\Controllers\Home->index()
#5 C:\xampp\htdocs\www\nestiAdmintp2et3\system\CodeIgniter.php(432): CodeIgniter\CodeIgniter->runController(Object(App\Controllers\Home))
#6 C:\xampp\htdocs\www\nestiAdmintp2et3\system\CodeIgniter.php(333): CodeIgniter\CodeIgniter->handleRequest(NULL, Object(Config\Cache), false)
#7 C:\xampp\htdocs\www\nestiAdmintp2et3\public\index.php(44): CodeIgniter\CodeIgniter->run()
#8 {main}
CRITICAL - 2021-03-11 12:33:14 --> Invalid file: templates/header.php
#0 C:\xampp\htdocs\www\nestiAdmintp2et3\system\View\View.php(203): CodeIgniter\Exceptions\FrameworkException::forInvalidFile('templates/heade...')
#1 C:\xampp\htdocs\www\nestiAdmintp2et3\system\Common.php(1217): CodeIgniter\View\View->render('templates/heade...', Array, true)
#2 C:\xampp\htdocs\www\nestiAdmintp2et3\app\Controllers\BaseController.php(61): view('templates/heade...', Array)
#3 C:\xampp\htdocs\www\nestiAdmintp2et3\app\Controllers\Home.php(9): App\Controllers\BaseController->renderTemplate('home')
#4 C:\xampp\htdocs\www\nestiAdmintp2et3\system\CodeIgniter.php(936): App\Controllers\Home->index()
#5 C:\xampp\htdocs\www\nestiAdmintp2et3\system\CodeIgniter.php(432): CodeIgniter\CodeIgniter->runController(Object(App\Controllers\Home))
#6 C:\xampp\htdocs\www\nestiAdmintp2et3\system\CodeIgniter.php(333): CodeIgniter\CodeIgniter->handleRequest(NULL, Object(Config\Cache), false)
#7 C:\xampp\htdocs\www\nestiAdmintp2et3\public\index.php(44): CodeIgniter\CodeIgniter->run()
#8 {main}
CRITICAL - 2021-03-11 12:35:26 --> Invalid file: templates/header.php
#0 C:\xampp\htdocs\www\nestiAdmintp2et3\system\View\View.php(203): CodeIgniter\Exceptions\FrameworkException::forInvalidFile('templates/heade...')
#1 C:\xampp\htdocs\www\nestiAdmintp2et3\system\Common.php(1217): CodeIgniter\View\View->render('templates/heade...', Array, true)
#2 C:\xampp\htdocs\www\nestiAdmintp2et3\app\Controllers\BaseController.php(61): view('templates/heade...', Array)
#3 C:\xampp\htdocs\www\nestiAdmintp2et3\app\Controllers\Home.php(9): App\Controllers\BaseController->renderTemplate('home')
#4 C:\xampp\htdocs\www\nestiAdmintp2et3\system\CodeIgniter.php(936): App\Controllers\Home->index()
#5 C:\xampp\htdocs\www\nestiAdmintp2et3\system\CodeIgniter.php(432): CodeIgniter\CodeIgniter->runController(Object(App\Controllers\Home))
#6 C:\xampp\htdocs\www\nestiAdmintp2et3\system\CodeIgniter.php(333): CodeIgniter\CodeIgniter->handleRequest(NULL, Object(Config\Cache), false)
#7 C:\xampp\htdocs\www\nestiAdmintp2et3\public\index.php(44): CodeIgniter\CodeIgniter->run()
#8 {main}
CRITICAL - 2021-03-11 12:35:30 --> Invalid file: templates/header.php
#0 C:\xampp\htdocs\www\nestiAdmintp2et3\system\View\View.php(203): CodeIgniter\Exceptions\FrameworkException::forInvalidFile('templates/heade...')
#1 C:\xampp\htdocs\www\nestiAdmintp2et3\system\Common.php(1217): CodeIgniter\View\View->render('templates/heade...', Array, true)
#2 C:\xampp\htdocs\www\nestiAdmintp2et3\app\Controllers\BaseController.php(61): view('templates/heade...', Array)
#3 C:\xampp\htdocs\www\nestiAdmintp2et3\app\Controllers\Home.php(9): App\Controllers\BaseController->renderTemplate('home')
#4 C:\xampp\htdocs\www\nestiAdmintp2et3\system\CodeIgniter.php(936): App\Controllers\Home->index()
#5 C:\xampp\htdocs\www\nestiAdmintp2et3\system\CodeIgniter.php(432): CodeIgniter\CodeIgniter->runController(Object(App\Controllers\Home))
#6 C:\xampp\htdocs\www\nestiAdmintp2et3\system\CodeIgniter.php(333): CodeIgniter\CodeIgniter->handleRequest(NULL, Object(Config\Cache), false)
#7 C:\xampp\htdocs\www\nestiAdmintp2et3\public\index.php(44): CodeIgniter\CodeIgniter->run()
#8 {main}
CRITICAL - 2021-03-11 12:35:36 --> Invalid file: templates/header.php
#0 C:\xampp\htdocs\www\nestiAdmintp2et3\system\View\View.php(203): CodeIgniter\Exceptions\FrameworkException::forInvalidFile('templates/heade...')
#1 C:\xampp\htdocs\www\nestiAdmintp2et3\system\Common.php(1217): CodeIgniter\View\View->render('templates/heade...', Array, true)
#2 C:\xampp\htdocs\www\nestiAdmintp2et3\app\Controllers\BaseController.php(61): view('templates/heade...', Array)
#3 C:\xampp\htdocs\www\nestiAdmintp2et3\app\Controllers\Home.php(9): App\Controllers\BaseController->renderTemplate('home')
#4 C:\xampp\htdocs\www\nestiAdmintp2et3\system\CodeIgniter.php(936): App\Controllers\Home->index()
#5 C:\xampp\htdocs\www\nestiAdmintp2et3\system\CodeIgniter.php(432): CodeIgniter\CodeIgniter->runController(Object(App\Controllers\Home))
#6 C:\xampp\htdocs\www\nestiAdmintp2et3\system\CodeIgniter.php(333): CodeIgniter\CodeIgniter->handleRequest(NULL, Object(Config\Cache), false)
#7 C:\xampp\htdocs\www\nestiAdmintp2et3\public\index.php(44): CodeIgniter\CodeIgniter->run()
#8 {main}
CRITICAL - 2021-03-11 13:57:27 --> A template that extends another one cannot include content outside Twig blocks. Did you forget to put the content inside a {% block %} tag?
#0 C:\xampp\htdocs\www\nestiAdmintp2et3\vendor\twig\twig\src\Parser.php(342): Twig\Parser->filterBodyNodes(Object(Twig\Node\TextNode), false)
#1 C:\xampp\htdocs\www\nestiAdmintp2et3\vendor\twig\twig\src\Parser.php(86): Twig\Parser->filterBodyNodes(Object(Twig\Node\Node))
#2 C:\xampp\htdocs\www\nestiAdmintp2et3\vendor\twig\twig\src\Environment.php(479): Twig\Parser->parse(Object(Twig\TokenStream))
#3 C:\xampp\htdocs\www\nestiAdmintp2et3\vendor\twig\twig\src\Environment.php(507): Twig\Environment->parse(Object(Twig\TokenStream))
#4 C:\xampp\htdocs\www\nestiAdmintp2et3\vendor\twig\twig\src\Environment.php(348): Twig\Environment->compileSource(Object(Twig\Source))
#5 C:\xampp\htdocs\www\nestiAdmintp2et3\vendor\twig\twig\src\Environment.php(309): Twig\Environment->loadTemplate('__TwigTemplate_...', 'home.html.twig')
#6 C:\xampp\htdocs\www\nestiAdmintp2et3\vendor\twig\twig\src\Environment.php(277): Twig\Environment->load('home.html.twig')
#7 C:\xampp\htdocs\www\nestiAdmintp2et3\vendor\kenjis\codeigniter-ss-twig\src\CI4Twig\Twig.php(177): Twig\Environment->render('home.html.twig', Array)
#8 C:\xampp\htdocs\www\nestiAdmintp2et3\vendor\kenjis\codeigniter-ss-twig\src\CI4Twig\Twig.php(156): Kenjis\CI4Twig\Twig->render('home.html.twig', Array)
#9 C:\xampp\htdocs\www\nestiAdmintp2et3\app\Controllers\HomeController.php(9): Kenjis\CI4Twig\Twig->display('home.html')
#10 C:\xampp\htdocs\www\nestiAdmintp2et3\system\CodeIgniter.php(936): App\Controllers\HomeController->index()
#11 C:\xampp\htdocs\www\nestiAdmintp2et3\system\CodeIgniter.php(432): CodeIgniter\CodeIgniter->runController(Object(App\Controllers\HomeController))
#12 C:\xampp\htdocs\www\nestiAdmintp2et3\system\CodeIgniter.php(333): CodeIgniter\CodeIgniter->handleRequest(NULL, Object(Config\Cache), false)
#13 C:\xampp\htdocs\www\nestiAdmintp2et3\public\index.php(44): CodeIgniter\CodeIgniter->run()
#14 {main}
CRITICAL - 2021-03-11 14:13:19 --> Invalid file: validation/Signup.php
#0 C:\xampp\htdocs\www\nestiAdmintp2et3\system\View\View.php(203): CodeIgniter\Exceptions\FrameworkException::forInvalidFile('validation/Sign...')
#1 C:\xampp\htdocs\www\nestiAdmintp2et3\system\Common.php(1217): CodeIgniter\View\View->render('validation/Sign...', Array, true)
#2 C:\xampp\htdocs\www\nestiAdmintp2et3\app\Controllers\FormController.php(18): view('validation/Sign...', Array)
#3 C:\xampp\htdocs\www\nestiAdmintp2et3\system\CodeIgniter.php(936): App\Controllers\FormController->index()
#4 C:\xampp\htdocs\www\nestiAdmintp2et3\system\CodeIgniter.php(432): CodeIgniter\CodeIgniter->runController(Object(App\Controllers\FormController))
#5 C:\xampp\htdocs\www\nestiAdmintp2et3\system\CodeIgniter.php(333): CodeIgniter\CodeIgniter->handleRequest(NULL, Object(Config\Cache), false)
#6 C:\xampp\htdocs\www\nestiAdmintp2et3\public\index.php(44): CodeIgniter\CodeIgniter->run()
#7 {main}
CRITICAL - 2021-03-11 14:14:03 --> Invalid file: validation/Signup.php
#0 C:\xampp\htdocs\www\nestiAdmintp2et3\system\View\View.php(203): CodeIgniter\Exceptions\FrameworkException::forInvalidFile('validation/Sign...')
#1 C:\xampp\htdocs\www\nestiAdmintp2et3\system\Common.php(1217): CodeIgniter\View\View->render('validation/Sign...', Array, true)
#2 C:\xampp\htdocs\www\nestiAdmintp2et3\app\Controllers\FormController.php(18): view('validation/Sign...', Array)
#3 C:\xampp\htdocs\www\nestiAdmintp2et3\system\CodeIgniter.php(936): App\Controllers\FormController->index()
#4 C:\xampp\htdocs\www\nestiAdmintp2et3\system\CodeIgniter.php(432): CodeIgniter\CodeIgniter->runController(Object(App\Controllers\FormController))
#5 C:\xampp\htdocs\www\nestiAdmintp2et3\system\CodeIgniter.php(333): CodeIgniter\CodeIgniter->handleRequest(NULL, Object(Config\Cache), false)
#6 C:\xampp\htdocs\www\nestiAdmintp2et3\public\index.php(44): CodeIgniter\CodeIgniter->run()
#7 {main}
CRITICAL - 2021-03-11 14:14:04 --> Invalid file: validation/Signup.php
#0 C:\xampp\htdocs\www\nestiAdmintp2et3\system\View\View.php(203): CodeIgniter\Exceptions\FrameworkException::forInvalidFile('validation/Sign...')
#1 C:\xampp\htdocs\www\nestiAdmintp2et3\system\Common.php(1217): CodeIgniter\View\View->render('validation/Sign...', Array, true)
#2 C:\xampp\htdocs\www\nestiAdmintp2et3\app\Controllers\FormController.php(18): view('validation/Sign...', Array)
#3 C:\xampp\htdocs\www\nestiAdmintp2et3\system\CodeIgniter.php(936): App\Controllers\FormController->index()
#4 C:\xampp\htdocs\www\nestiAdmintp2et3\system\CodeIgniter.php(432): CodeIgniter\CodeIgniter->runController(Object(App\Controllers\FormController))
#5 C:\xampp\htdocs\www\nestiAdmintp2et3\system\CodeIgniter.php(333): CodeIgniter\CodeIgniter->handleRequest(NULL, Object(Config\Cache), false)
#6 C:\xampp\htdocs\www\nestiAdmintp2et3\public\index.php(44): CodeIgniter\CodeIgniter->run()
#7 {main}
CRITICAL - 2021-03-11 14:14:04 --> Invalid file: validation/Signup.php
#0 C:\xampp\htdocs\www\nestiAdmintp2et3\system\View\View.php(203): CodeIgniter\Exceptions\FrameworkException::forInvalidFile('validation/Sign...')
#1 C:\xampp\htdocs\www\nestiAdmintp2et3\system\Common.php(1217): CodeIgniter\View\View->render('validation/Sign...', Array, true)
#2 C:\xampp\htdocs\www\nestiAdmintp2et3\app\Controllers\FormController.php(18): view('validation/Sign...', Array)
#3 C:\xampp\htdocs\www\nestiAdmintp2et3\system\CodeIgniter.php(936): App\Controllers\FormController->index()
#4 C:\xampp\htdocs\www\nestiAdmintp2et3\system\CodeIgniter.php(432): CodeIgniter\CodeIgniter->runController(Object(App\Controllers\FormController))
#5 C:\xampp\htdocs\www\nestiAdmintp2et3\system\CodeIgniter.php(333): CodeIgniter\CodeIgniter->handleRequest(NULL, Object(Config\Cache), false)
#6 C:\xampp\htdocs\www\nestiAdmintp2et3\public\index.php(44): CodeIgniter\CodeIgniter->run()
#7 {main}
CRITICAL - 2021-03-11 14:14:04 --> Invalid file: validation/Signup.php
#0 C:\xampp\htdocs\www\nestiAdmintp2et3\system\View\View.php(203): CodeIgniter\Exceptions\FrameworkException::forInvalidFile('validation/Sign...')
#1 C:\xampp\htdocs\www\nestiAdmintp2et3\system\Common.php(1217): CodeIgniter\View\View->render('validation/Sign...', Array, true)
#2 C:\xampp\htdocs\www\nestiAdmintp2et3\app\Controllers\FormController.php(18): view('validation/Sign...', Array)
#3 C:\xampp\htdocs\www\nestiAdmintp2et3\system\CodeIgniter.php(936): App\Controllers\FormController->index()
#4 C:\xampp\htdocs\www\nestiAdmintp2et3\system\CodeIgniter.php(432): CodeIgniter\CodeIgniter->runController(Object(App\Controllers\FormController))
#5 C:\xampp\htdocs\www\nestiAdmintp2et3\system\CodeIgniter.php(333): CodeIgniter\CodeIgniter->handleRequest(NULL, Object(Config\Cache), false)
#6 C:\xampp\htdocs\www\nestiAdmintp2et3\public\index.php(44): CodeIgniter\CodeIgniter->run()
#7 {main}
CRITICAL - 2021-03-11 14:14:05 --> Invalid file: validation/Signup.php
#0 C:\xampp\htdocs\www\nestiAdmintp2et3\system\View\View.php(203): CodeIgniter\Exceptions\FrameworkException::forInvalidFile('validation/Sign...')
#1 C:\xampp\htdocs\www\nestiAdmintp2et3\system\Common.php(1217): CodeIgniter\View\View->render('validation/Sign...', Array, true)
#2 C:\xampp\htdocs\www\nestiAdmintp2et3\app\Controllers\FormController.php(18): view('validation/Sign...', Array)
#3 C:\xampp\htdocs\www\nestiAdmintp2et3\system\CodeIgniter.php(936): App\Controllers\FormController->index()
#4 C:\xampp\htdocs\www\nestiAdmintp2et3\system\CodeIgniter.php(432): CodeIgniter\CodeIgniter->runController(Object(App\Controllers\FormController))
#5 C:\xampp\htdocs\www\nestiAdmintp2et3\system\CodeIgniter.php(333): CodeIgniter\CodeIgniter->handleRequest(NULL, Object(Config\Cache), false)
#6 C:\xampp\htdocs\www\nestiAdmintp2et3\public\index.php(44): CodeIgniter\CodeIgniter->run()
#7 {main}
CRITICAL - 2021-03-11 14:44:05 --> Object of class CodeIgniter\Validation\Validation could not be converted to string
#0 C:\xampp\htdocs\www\nestiAdmintp2et3\vendor\twig\twig\src\Template.php(171): __TwigTemplate_1d9b24ccef1cabd8866c45674c69b41fe9945e5de2f575945f6d35fa67282c08->block_body(Array, Array)
#1 C:\xampp\htdocs\www\nestiAdmintp2et3\writable\cache\twig\e1\e157d4b7fa81ee6fbb7555216f5b3d58e67f3f79f0fc5050b694be24403e84ad.php(67): Twig\Template->displayBlock('body', Array, Array)
#2 C:\xampp\htdocs\www\nestiAdmintp2et3\vendor\twig\twig\src\Template.php(394): __TwigTemplate_00d725ef977d6bc844aa974aabb7f392197352182e58422f517c68eed26f87d5->doDisplay(Array, Array)
#3 C:\xampp\htdocs\www\nestiAdmintp2et3\vendor\twig\twig\src\Template.php(367): Twig\Template->displayWithErrorHandling(Array, Array)
#4 C:\xampp\htdocs\www\nestiAdmintp2et3\writable\cache\twig\1c\1ce64ccd55e7813680f93953a2ec3f543a9123c4e04da3fe57d2d08d02a347d6.php(42): Twig\Template->display(Array, Array)
#5 C:\xampp\htdocs\www\nestiAdmintp2et3\vendor\twig\twig\src\Template.php(394): __TwigTemplate_1d9b24ccef1cabd8866c45674c69b41fe9945e5de2f575945f6d35fa67282c08->doDisplay(Array, Array)
#6 C:\xampp\htdocs\www\nestiAdmintp2et3\vendor\twig\twig\src\Template.php(367): Twig\Template->displayWithErrorHandling(Array, Array)
#7 C:\xampp\htdocs\www\nestiAdmintp2et3\vendor\twig\twig\src\Template.php(379): Twig\Template->display(Array)
#8 C:\xampp\htdocs\www\nestiAdmintp2et3\vendor\twig\twig\src\TemplateWrapper.php(40): Twig\Template->render(Array, Array)
#9 C:\xampp\htdocs\www\nestiAdmintp2et3\vendor\twig\twig\src\Environment.php(277): Twig\TemplateWrapper->render(Array)
#10 C:\xampp\htdocs\www\nestiAdmintp2et3\vendor\kenjis\codeigniter-ss-twig\src\CI4Twig\Twig.php(177): Twig\Environment->render('tag/createTag.h...', Array)
#11 C:\xampp\htdocs\www\nestiAdmintp2et3\app\Controllers\TagController.php(33): Kenjis\CI4Twig\Twig->render('tag/createTag.h...', Array)
#12 C:\xampp\htdocs\www\nestiAdmintp2et3\system\CodeIgniter.php(936): App\Controllers\TagController->createTag()
#13 C:\xampp\htdocs\www\nestiAdmintp2et3\system\CodeIgniter.php(432): CodeIgniter\CodeIgniter->runController(Object(App\Controllers\TagController))
#14 C:\xampp\htdocs\www\nestiAdmintp2et3\system\CodeIgniter.php(333): CodeIgniter\CodeIgniter->handleRequest(NULL, Object(Config\Cache), false)
#15 C:\xampp\htdocs\www\nestiAdmintp2et3\public\index.php(44): CodeIgniter\CodeIgniter->run()
#16 {main}
CRITICAL - 2021-03-11 14:46:24 --> unique is not a valid rule.
#0 C:\xampp\htdocs\www\nestiAdmintp2et3\system\Validation\Validation.php(314): CodeIgniter\Validation\Exceptions\ValidationException::forRuleNotFound('unique')
#1 C:\xampp\htdocs\www\nestiAdmintp2et3\system\Validation\Validation.php(164): CodeIgniter\Validation\Validation->processRules('name', 'name', 'oeufs', Array, Array)
#2 C:\xampp\htdocs\www\nestiAdmintp2et3\system\Controller.php(181): CodeIgniter\Validation\Validation->run()
#3 C:\xampp\htdocs\www\nestiAdmintp2et3\app\Controllers\TagController.php(25): CodeIgniter\Controller->validate(Array)
#4 C:\xampp\htdocs\www\nestiAdmintp2et3\system\CodeIgniter.php(936): App\Controllers\TagController->createTag()
#5 C:\xampp\htdocs\www\nestiAdmintp2et3\system\CodeIgniter.php(432): CodeIgniter\CodeIgniter->runController(Object(App\Controllers\TagController))
#6 C:\xampp\htdocs\www\nestiAdmintp2et3\system\CodeIgniter.php(333): CodeIgniter\CodeIgniter->handleRequest(NULL, Object(Config\Cache), false)
#7 C:\xampp\htdocs\www\nestiAdmintp2et3\public\index.php(44): CodeIgniter\CodeIgniter->run()
#8 {main}
CRITICAL - 2021-03-11 14:48:26 --> Argument 2 passed to CodeIgniter\Validation\Rules::is_unique() must be of the type string, null given, called in C:\xampp\htdocs\www\nestiAdmintp2et3\system\Validation\Validation.php on line 306
#0 C:\xampp\htdocs\www\nestiAdmintp2et3\system\Validation\Validation.php(306): CodeIgniter\Validation\Rules->is_unique('oeufs', NULL)
#1 C:\xampp\htdocs\www\nestiAdmintp2et3\system\Validation\Validation.php(164): CodeIgniter\Validation\Validation->processRules('name', 'name', 'oeufs', Array, Array)
#2 C:\xampp\htdocs\www\nestiAdmintp2et3\system\Controller.php(181): CodeIgniter\Validation\Validation->run()
#3 C:\xampp\htdocs\www\nestiAdmintp2et3\app\Controllers\TagController.php(25): CodeIgniter\Controller->validate(Array)
#4 C:\xampp\htdocs\www\nestiAdmintp2et3\system\CodeIgniter.php(936): App\Controllers\TagController->createTag()
#5 C:\xampp\htdocs\www\nestiAdmintp2et3\system\CodeIgniter.php(432): CodeIgniter\CodeIgniter->runController(Object(App\Controllers\TagController))
#6 C:\xampp\htdocs\www\nestiAdmintp2et3\system\CodeIgniter.php(333): CodeIgniter\CodeIgniter->handleRequest(NULL, Object(Config\Cache), false)
#7 C:\xampp\htdocs\www\nestiAdmintp2et3\public\index.php(44): CodeIgniter\CodeIgniter->run()
#8 {main}
CRITICAL - 2021-03-11 16:09:43 --> Unable to find template "home.html.twig" (looked into: C:\xampp\htdocs\www\nestiAdmintp2et3\app\Views).
#0 C:\xampp\htdocs\www\nestiAdmintp2et3\vendor\twig\twig\src\Loader\FilesystemLoader.php(131): Twig\Loader\FilesystemLoader->findTemplate('home.html.twig')
#1 C:\xampp\htdocs\www\nestiAdmintp2et3\vendor\twig\twig\src\Environment.php(261): Twig\Loader\FilesystemLoader->getCacheKey('home.html.twig')
#2 C:\xampp\htdocs\www\nestiAdmintp2et3\vendor\twig\twig\src\Environment.php(309): Twig\Environment->getTemplateClass('home.html.twig')
#3 C:\xampp\htdocs\www\nestiAdmintp2et3\vendor\twig\twig\src\Environment.php(277): Twig\Environment->load('home.html.twig')
#4 C:\xampp\htdocs\www\nestiAdmintp2et3\vendor\kenjis\codeigniter-ss-twig\src\CI4Twig\Twig.php(177): Twig\Environment->render('home.html.twig', Array)
#5 C:\xampp\htdocs\www\nestiAdmintp2et3\vendor\kenjis\codeigniter-ss-twig\src\CI4Twig\Twig.php(156): Kenjis\CI4Twig\Twig->render('home.html.twig', Array)
#6 C:\xampp\htdocs\www\nestiAdmintp2et3\app\Controllers\HomeController.php(9): Kenjis\CI4Twig\Twig->display('home.html')
#7 C:\xampp\htdocs\www\nestiAdmintp2et3\system\CodeIgniter.php(936): App\Controllers\HomeController->index()
#8 C:\xampp\htdocs\www\nestiAdmintp2et3\system\CodeIgniter.php(432): CodeIgniter\CodeIgniter->runController(Object(App\Controllers\HomeController))
#9 C:\xampp\htdocs\www\nestiAdmintp2et3\system\CodeIgniter.php(333): CodeIgniter\CodeIgniter->handleRequest(NULL, Object(Config\Cache), false)
#10 C:\xampp\htdocs\www\nestiAdmintp2et3\public\index.php(44): CodeIgniter\CodeIgniter->run()
#11 {main}
