CRITICAL - 2021-05-20 10:48:15 --> Class 'App\Controllers\CityModel' not found
#0 C:\xampp\htdocs\www\Nesti_CodeIngniterdebug\system\CodeIgniter.php(936): App\Controllers\ProfileController->editProfile('1')
#1 C:\xampp\htdocs\www\Nesti_CodeIngniterdebug\system\CodeIgniter.php(432): CodeIgniter\CodeIgniter->runController(Object(App\Controllers\ProfileController))
#2 C:\xampp\htdocs\www\Nesti_CodeIngniterdebug\system\CodeIgniter.php(333): CodeIgniter\CodeIgniter->handleRequest(NULL, Object(Config\Cache), false)
#3 C:\xampp\htdocs\www\Nesti_CodeIngniterdebug\public\index.php(44): CodeIgniter\CodeIgniter->run()
#4 {main}
CRITICAL - 2021-05-20 10:48:52 --> Undefined variable: cities
#0 C:\xampp\htdocs\www\Nesti_CodeIngniterdebug\app\Controllers\ProfileController.php(35): CodeIgniter\Debug\Exceptions->errorHandler(8, 'Undefined varia...', 'C:\\xampp\\htdocs...', 35, Array)
#1 C:\xampp\htdocs\www\Nesti_CodeIngniterdebug\system\CodeIgniter.php(936): App\Controllers\ProfileController->editProfile('1')
#2 C:\xampp\htdocs\www\Nesti_CodeIngniterdebug\system\CodeIgniter.php(432): CodeIgniter\CodeIgniter->runController(Object(App\Controllers\ProfileController))
#3 C:\xampp\htdocs\www\Nesti_CodeIngniterdebug\system\CodeIgniter.php(333): CodeIgniter\CodeIgniter->handleRequest(NULL, Object(Config\Cache), false)
#4 C:\xampp\htdocs\www\Nesti_CodeIngniterdebug\public\index.php(44): CodeIgniter\CodeIgniter->run()
#5 {main}
CRITICAL - 2021-05-20 10:50:45 --> Call to undefined method App\Models\CityModel::getName
#0 C:\xampp\htdocs\www\Nesti_CodeIngniterdebug\app\Controllers\ProfileController.php(36): CodeIgniter\Model->__call('getName', Array)
#1 C:\xampp\htdocs\www\Nesti_CodeIngniterdebug\system\CodeIgniter.php(936): App\Controllers\ProfileController->editProfile('1')
#2 C:\xampp\htdocs\www\Nesti_CodeIngniterdebug\system\CodeIgniter.php(432): CodeIgniter\CodeIgniter->runController(Object(App\Controllers\ProfileController))
#3 C:\xampp\htdocs\www\Nesti_CodeIngniterdebug\system\CodeIgniter.php(333): CodeIgniter\CodeIgniter->handleRequest(NULL, Object(Config\Cache), false)
#4 C:\xampp\htdocs\www\Nesti_CodeIngniterdebug\public\index.php(44): CodeIgniter\CodeIgniter->run()
#5 {main}
CRITICAL - 2021-05-20 10:55:17 --> Call to undefined method App\Models\CityModel::getIdCity
#0 C:\xampp\htdocs\www\Nesti_CodeIngniterdebug\app\Controllers\ProfileController.php(37): CodeIgniter\Model->__call('getIdCity', Array)
#1 C:\xampp\htdocs\www\Nesti_CodeIngniterdebug\system\CodeIgniter.php(936): App\Controllers\ProfileController->editProfile('1')
#2 C:\xampp\htdocs\www\Nesti_CodeIngniterdebug\system\CodeIgniter.php(432): CodeIgniter\CodeIgniter->runController(Object(App\Controllers\ProfileController))
#3 C:\xampp\htdocs\www\Nesti_CodeIngniterdebug\system\CodeIgniter.php(333): CodeIgniter\CodeIgniter->handleRequest(NULL, Object(Config\Cache), false)
#4 C:\xampp\htdocs\www\Nesti_CodeIngniterdebug\public\index.php(44): CodeIgniter\CodeIgniter->run()
#5 {main}
CRITICAL - 2021-05-20 10:56:22 --> Trying to get property 'name' of non-object
#0 C:\xampp\htdocs\www\Nesti_CodeIngniterdebug\app\Controllers\ProfileController.php(37): CodeIgniter\Debug\Exceptions->errorHandler(8, 'Trying to get p...', 'C:\\xampp\\htdocs...', 37, Array)
#1 C:\xampp\htdocs\www\Nesti_CodeIngniterdebug\system\CodeIgniter.php(936): App\Controllers\ProfileController->editProfile('1')
#2 C:\xampp\htdocs\www\Nesti_CodeIngniterdebug\system\CodeIgniter.php(432): CodeIgniter\CodeIgniter->runController(Object(App\Controllers\ProfileController))
#3 C:\xampp\htdocs\www\Nesti_CodeIngniterdebug\system\CodeIgniter.php(333): CodeIgniter\CodeIgniter->handleRequest(NULL, Object(Config\Cache), false)
#4 C:\xampp\htdocs\www\Nesti_CodeIngniterdebug\public\index.php(44): CodeIgniter\CodeIgniter->run()
#5 {main}
CRITICAL - 2021-05-20 10:58:09 --> Trying to get property 'idCity' of non-object
#0 C:\xampp\htdocs\www\Nesti_CodeIngniterdebug\app\Controllers\ProfileController.php(37): CodeIgniter\Debug\Exceptions->errorHandler(8, 'Trying to get p...', 'C:\\xampp\\htdocs...', 37, Array)
#1 C:\xampp\htdocs\www\Nesti_CodeIngniterdebug\system\CodeIgniter.php(936): App\Controllers\ProfileController->editProfile('1')
#2 C:\xampp\htdocs\www\Nesti_CodeIngniterdebug\system\CodeIgniter.php(432): CodeIgniter\CodeIgniter->runController(Object(App\Controllers\ProfileController))
#3 C:\xampp\htdocs\www\Nesti_CodeIngniterdebug\system\CodeIgniter.php(333): CodeIgniter\CodeIgniter->handleRequest(NULL, Object(Config\Cache), false)
#4 C:\xampp\htdocs\www\Nesti_CodeIngniterdebug\public\index.php(44): CodeIgniter\CodeIgniter->run()
#5 {main}
CRITICAL - 2021-05-20 10:59:23 --> Undefined variable: idCity
#0 C:\xampp\htdocs\www\Nesti_CodeIngniterdebug\app\Controllers\ProfileController.php(37): CodeIgniter\Debug\Exceptions->errorHandler(8, 'Undefined varia...', 'C:\\xampp\\htdocs...', 37, Array)
#1 C:\xampp\htdocs\www\Nesti_CodeIngniterdebug\system\CodeIgniter.php(936): App\Controllers\ProfileController->editProfile('1')
#2 C:\xampp\htdocs\www\Nesti_CodeIngniterdebug\system\CodeIgniter.php(432): CodeIgniter\CodeIgniter->runController(Object(App\Controllers\ProfileController))
#3 C:\xampp\htdocs\www\Nesti_CodeIngniterdebug\system\CodeIgniter.php(333): CodeIgniter\CodeIgniter->handleRequest(NULL, Object(Config\Cache), false)
#4 C:\xampp\htdocs\www\Nesti_CodeIngniterdebug\public\index.php(44): CodeIgniter\CodeIgniter->run()
#5 {main}
CRITICAL - 2021-05-20 10:59:33 --> Use of undefined constant idCity - assumed 'idCity' (this will throw an Error in a future version of PHP)
#0 C:\xampp\htdocs\www\Nesti_CodeIngniterdebug\app\Controllers\ProfileController.php(37): CodeIgniter\Debug\Exceptions->errorHandler(2, 'Use of undefine...', 'C:\\xampp\\htdocs...', 37, Array)
#1 C:\xampp\htdocs\www\Nesti_CodeIngniterdebug\system\CodeIgniter.php(936): App\Controllers\ProfileController->editProfile('1')
#2 C:\xampp\htdocs\www\Nesti_CodeIngniterdebug\system\CodeIgniter.php(432): CodeIgniter\CodeIgniter->runController(Object(App\Controllers\ProfileController))
#3 C:\xampp\htdocs\www\Nesti_CodeIngniterdebug\system\CodeIgniter.php(333): CodeIgniter\CodeIgniter->handleRequest(NULL, Object(Config\Cache), false)
#4 C:\xampp\htdocs\www\Nesti_CodeIngniterdebug\public\index.php(44): CodeIgniter\CodeIgniter->run()
#5 {main}
CRITICAL - 2021-05-20 11:22:05 --> Undefined offset: 0
#0 C:\xampp\htdocs\www\Nesti_CodeIngniterdebug\app\Controllers\ProfileController.php(37): CodeIgniter\Debug\Exceptions->errorHandler(8, 'Undefined offse...', 'C:\\xampp\\htdocs...', 37, Array)
#1 C:\xampp\htdocs\www\Nesti_CodeIngniterdebug\system\CodeIgniter.php(936): App\Controllers\ProfileController->editProfile('1')
#2 C:\xampp\htdocs\www\Nesti_CodeIngniterdebug\system\CodeIgniter.php(432): CodeIgniter\CodeIgniter->runController(Object(App\Controllers\ProfileController))
#3 C:\xampp\htdocs\www\Nesti_CodeIngniterdebug\system\CodeIgniter.php(333): CodeIgniter\CodeIgniter->handleRequest(NULL, Object(Config\Cache), false)
#4 C:\xampp\htdocs\www\Nesti_CodeIngniterdebug\public\index.php(44): CodeIgniter\CodeIgniter->run()
#5 {main}
CRITICAL - 2021-05-20 11:22:31 --> Undefined offset: 0
#0 C:\xampp\htdocs\www\Nesti_CodeIngniterdebug\app\Controllers\ProfileController.php(38): CodeIgniter\Debug\Exceptions->errorHandler(8, 'Undefined offse...', 'C:\\xampp\\htdocs...', 38, Array)
#1 C:\xampp\htdocs\www\Nesti_CodeIngniterdebug\system\CodeIgniter.php(936): App\Controllers\ProfileController->editProfile('1')
#2 C:\xampp\htdocs\www\Nesti_CodeIngniterdebug\system\CodeIgniter.php(432): CodeIgniter\CodeIgniter->runController(Object(App\Controllers\ProfileController))
#3 C:\xampp\htdocs\www\Nesti_CodeIngniterdebug\system\CodeIgniter.php(333): CodeIgniter\CodeIgniter->handleRequest(NULL, Object(Config\Cache), false)
#4 C:\xampp\htdocs\www\Nesti_CodeIngniterdebug\public\index.php(44): CodeIgniter\CodeIgniter->run()
#5 {main}
CRITICAL - 2021-05-20 11:26:35 --> Return value of CodeIgniter\BaseModel::transformDataToArray() must be of the type array, string returned
#0 C:\xampp\htdocs\www\Nesti_CodeIngniterdebug\system\BaseModel.php(719): CodeIgniter\BaseModel->transformDataToArray('city', 'insert')
#1 C:\xampp\htdocs\www\Nesti_CodeIngniterdebug\system\Model.php(705): CodeIgniter\BaseModel->insert('city', true)
#2 C:\xampp\htdocs\www\Nesti_CodeIngniterdebug\app\Controllers\ProfileController.php(42): CodeIgniter\Model->insert('city')
#3 C:\xampp\htdocs\www\Nesti_CodeIngniterdebug\system\CodeIgniter.php(936): App\Controllers\ProfileController->editProfile('1')
#4 C:\xampp\htdocs\www\Nesti_CodeIngniterdebug\system\CodeIgniter.php(432): CodeIgniter\CodeIgniter->runController(Object(App\Controllers\ProfileController))
#5 C:\xampp\htdocs\www\Nesti_CodeIngniterdebug\system\CodeIgniter.php(333): CodeIgniter\CodeIgniter->handleRequest(NULL, Object(Config\Cache), false)
#6 C:\xampp\htdocs\www\Nesti_CodeIngniterdebug\public\index.php(44): CodeIgniter\CodeIgniter->run()
#7 {main}
CRITICAL - 2021-05-20 11:27:29 --> Return value of CodeIgniter\BaseModel::transformDataToArray() must be of the type array, string returned
#0 C:\xampp\htdocs\www\Nesti_CodeIngniterdebug\system\BaseModel.php(719): CodeIgniter\BaseModel->transformDataToArray('city', 'insert')
#1 C:\xampp\htdocs\www\Nesti_CodeIngniterdebug\system\Model.php(705): CodeIgniter\BaseModel->insert('city', true)
#2 C:\xampp\htdocs\www\Nesti_CodeIngniterdebug\app\Controllers\ProfileController.php(43): CodeIgniter\Model->insert('city')
#3 C:\xampp\htdocs\www\Nesti_CodeIngniterdebug\system\CodeIgniter.php(936): App\Controllers\ProfileController->editProfile('1')
#4 C:\xampp\htdocs\www\Nesti_CodeIngniterdebug\system\CodeIgniter.php(432): CodeIgniter\CodeIgniter->runController(Object(App\Controllers\ProfileController))
#5 C:\xampp\htdocs\www\Nesti_CodeIngniterdebug\system\CodeIgniter.php(333): CodeIgniter\CodeIgniter->handleRequest(NULL, Object(Config\Cache), false)
#6 C:\xampp\htdocs\www\Nesti_CodeIngniterdebug\public\index.php(44): CodeIgniter\CodeIgniter->run()
#7 {main}
CRITICAL - 2021-05-20 11:28:15 --> Argument 2 passed to CodeIgniter\Model::insert() must be of the type bool, array given, called in C:\xampp\htdocs\www\Nesti_CodeIngniterdebug\app\Controllers\ProfileController.php on line 43
#0 C:\xampp\htdocs\www\Nesti_CodeIngniterdebug\app\Controllers\ProfileController.php(43): CodeIgniter\Model->insert('city', Array)
#1 C:\xampp\htdocs\www\Nesti_CodeIngniterdebug\system\CodeIgniter.php(936): App\Controllers\ProfileController->editProfile('1')
#2 C:\xampp\htdocs\www\Nesti_CodeIngniterdebug\system\CodeIgniter.php(432): CodeIgniter\CodeIgniter->runController(Object(App\Controllers\ProfileController))
#3 C:\xampp\htdocs\www\Nesti_CodeIngniterdebug\system\CodeIgniter.php(333): CodeIgniter\CodeIgniter->handleRequest(NULL, Object(Config\Cache), false)
#4 C:\xampp\htdocs\www\Nesti_CodeIngniterdebug\public\index.php(44): CodeIgniter\CodeIgniter->run()
#5 {main}
CRITICAL - 2021-05-20 11:29:20 --> Argument 2 passed to CodeIgniter\Model::insert() must be of the type bool, array given, called in C:\xampp\htdocs\www\Nesti_CodeIngniterdebug\app\Controllers\ProfileController.php on line 42
#0 C:\xampp\htdocs\www\Nesti_CodeIngniterdebug\app\Controllers\ProfileController.php(42): CodeIgniter\Model->insert('city', Array)
#1 C:\xampp\htdocs\www\Nesti_CodeIngniterdebug\system\CodeIgniter.php(936): App\Controllers\ProfileController->editProfile('1')
#2 C:\xampp\htdocs\www\Nesti_CodeIngniterdebug\system\CodeIgniter.php(432): CodeIgniter\CodeIgniter->runController(Object(App\Controllers\ProfileController))
#3 C:\xampp\htdocs\www\Nesti_CodeIngniterdebug\system\CodeIgniter.php(333): CodeIgniter\CodeIgniter->handleRequest(NULL, Object(Config\Cache), false)
#4 C:\xampp\htdocs\www\Nesti_CodeIngniterdebug\public\index.php(44): CodeIgniter\CodeIgniter->run()
#5 {main}
CRITICAL - 2021-05-20 11:51:45 --> Unknown "csrf_token" function.
#0 C:\xampp\htdocs\www\Nesti_CodeIngniterdebug\vendor\twig\twig\src\ExpressionParser.php(455): Twig\ExpressionParser->getFunctionNodeClass('csrf_token', 15)
#1 C:\xampp\htdocs\www\Nesti_CodeIngniterdebug\vendor\twig\twig\src\ExpressionParser.php(235): Twig\ExpressionParser->getFunctionNode('csrf_token', 15)
#2 C:\xampp\htdocs\www\Nesti_CodeIngniterdebug\vendor\twig\twig\src\ExpressionParser.php(175): Twig\ExpressionParser->parsePrimaryExpression()
#3 C:\xampp\htdocs\www\Nesti_CodeIngniterdebug\vendor\twig\twig\src\ExpressionParser.php(70): Twig\ExpressionParser->getPrimary()
#4 C:\xampp\htdocs\www\Nesti_CodeIngniterdebug\vendor\twig\twig\src\Parser.php(128): Twig\ExpressionParser->parseExpression()
#5 C:\xampp\htdocs\www\Nesti_CodeIngniterdebug\vendor\twig\twig\src\TokenParser\IfTokenParser.php(41): Twig\Parser->subparse(Array)
#6 C:\xampp\htdocs\www\Nesti_CodeIngniterdebug\vendor\twig\twig\src\Parser.php(171): Twig\TokenParser\IfTokenParser->parse(Object(Twig\Token))
#7 C:\xampp\htdocs\www\Nesti_CodeIngniterdebug\vendor\twig\twig\src\TokenParser\BlockTokenParser.php(47): Twig\Parser->subparse(Array, true)
#8 C:\xampp\htdocs\www\Nesti_CodeIngniterdebug\vendor\twig\twig\src\Parser.php(171): Twig\TokenParser\BlockTokenParser->parse(Object(Twig\Token))
#9 C:\xampp\htdocs\www\Nesti_CodeIngniterdebug\vendor\twig\twig\src\Parser.php(84): Twig\Parser->subparse(NULL, false)
#10 C:\xampp\htdocs\www\Nesti_CodeIngniterdebug\vendor\twig\twig\src\Environment.php(479): Twig\Parser->parse(Object(Twig\TokenStream))
#11 C:\xampp\htdocs\www\Nesti_CodeIngniterdebug\vendor\twig\twig\src\Environment.php(507): Twig\Environment->parse(Object(Twig\TokenStream))
#12 C:\xampp\htdocs\www\Nesti_CodeIngniterdebug\vendor\twig\twig\src\Environment.php(348): Twig\Environment->compileSource(Object(Twig\Source))
#13 C:\xampp\htdocs\www\Nesti_CodeIngniterdebug\vendor\twig\twig\src\Environment.php(309): Twig\Environment->loadTemplate('__TwigTemplate_...', 'templates/profi...')
#14 C:\xampp\htdocs\www\Nesti_CodeIngniterdebug\vendor\twig\twig\src\Environment.php(277): Twig\Environment->load('templates/profi...')
#15 C:\xampp\htdocs\www\Nesti_CodeIngniterdebug\vendor\kenjis\codeigniter-ss-twig\src\CI4Twig\Twig.php(177): Twig\Environment->render('templates/profi...', Array)
#16 C:\xampp\htdocs\www\Nesti_CodeIngniterdebug\vendor\kenjis\codeigniter-ss-twig\src\CI4Twig\Twig.php(156): Kenjis\CI4Twig\Twig->render('templates/profi...', Array)
#17 C:\xampp\htdocs\www\Nesti_CodeIngniterdebug\app\Controllers\ProfileController.php(26): Kenjis\CI4Twig\Twig->display('templates/profi...', Array)
#18 C:\xampp\htdocs\www\Nesti_CodeIngniterdebug\system\CodeIgniter.php(936): App\Controllers\ProfileController->index()
#19 C:\xampp\htdocs\www\Nesti_CodeIngniterdebug\system\CodeIgniter.php(432): CodeIgniter\CodeIgniter->runController(Object(App\Controllers\ProfileController))
#20 C:\xampp\htdocs\www\Nesti_CodeIngniterdebug\system\CodeIgniter.php(333): CodeIgniter\CodeIgniter->handleRequest(NULL, Object(Config\Cache), false)
#21 C:\xampp\htdocs\www\Nesti_CodeIngniterdebug\public\index.php(44): CodeIgniter\CodeIgniter->run()
#22 {main}
CRITICAL - 2021-05-20 11:56:54 --> Undefined variable: encrypter
#0 C:\xampp\htdocs\www\Nesti_CodeIngniterdebug\app\Controllers\ProfileController.php(50): CodeIgniter\Debug\Exceptions->errorHandler(8, 'Undefined varia...', 'C:\\xampp\\htdocs...', 50, Array)
#1 C:\xampp\htdocs\www\Nesti_CodeIngniterdebug\system\CodeIgniter.php(936): App\Controllers\ProfileController->editProfile('1')
#2 C:\xampp\htdocs\www\Nesti_CodeIngniterdebug\system\CodeIgniter.php(432): CodeIgniter\CodeIgniter->runController(Object(App\Controllers\ProfileController))
#3 C:\xampp\htdocs\www\Nesti_CodeIngniterdebug\system\CodeIgniter.php(333): CodeIgniter\CodeIgniter->handleRequest(NULL, Object(Config\Cache), false)
#4 C:\xampp\htdocs\www\Nesti_CodeIngniterdebug\public\index.php(44): CodeIgniter\CodeIgniter->run()
#5 {main}
CRITICAL - 2021-05-20 12:46:07 --> Undefined variable: encrypter
#0 C:\xampp\htdocs\www\Nesti_CodeIngniterdebug\app\Controllers\ProfileController.php(50): CodeIgniter\Debug\Exceptions->errorHandler(8, 'Undefined varia...', 'C:\\xampp\\htdocs...', 50, Array)
#1 C:\xampp\htdocs\www\Nesti_CodeIngniterdebug\system\CodeIgniter.php(936): App\Controllers\ProfileController->editProfile('1')
#2 C:\xampp\htdocs\www\Nesti_CodeIngniterdebug\system\CodeIgniter.php(432): CodeIgniter\CodeIgniter->runController(Object(App\Controllers\ProfileController))
#3 C:\xampp\htdocs\www\Nesti_CodeIngniterdebug\system\CodeIgniter.php(333): CodeIgniter\CodeIgniter->handleRequest(NULL, Object(Config\Cache), false)
#4 C:\xampp\htdocs\www\Nesti_CodeIngniterdebug\public\index.php(44): CodeIgniter\CodeIgniter->run()
#5 {main}
CRITICAL - 2021-05-20 13:33:27 --> Call to undefined function App\Controllers\countEle()
#0 C:\xampp\htdocs\www\Nesti_CodeIngniterdebug\system\CodeIgniter.php(936): App\Controllers\ProfileController->editProfile('1')
#1 C:\xampp\htdocs\www\Nesti_CodeIngniterdebug\system\CodeIgniter.php(432): CodeIgniter\CodeIgniter->runController(Object(App\Controllers\ProfileController))
#2 C:\xampp\htdocs\www\Nesti_CodeIngniterdebug\system\CodeIgniter.php(333): CodeIgniter\CodeIgniter->handleRequest(NULL, Object(Config\Cache), false)
#3 C:\xampp\htdocs\www\Nesti_CodeIngniterdebug\public\index.php(44): CodeIgniter\CodeIgniter->run()
#4 {main}
CRITICAL - 2021-05-20 13:33:40 --> Call to undefined function App\Controllers\str_contains()
#0 C:\xampp\htdocs\www\Nesti_CodeIngniterdebug\app\Controllers\ProfileController.php(52): App\Controllers\ProfileController->countEle('jean')
#1 C:\xampp\htdocs\www\Nesti_CodeIngniterdebug\system\CodeIgniter.php(936): App\Controllers\ProfileController->editProfile('1')
#2 C:\xampp\htdocs\www\Nesti_CodeIngniterdebug\system\CodeIgniter.php(432): CodeIgniter\CodeIgniter->runController(Object(App\Controllers\ProfileController))
#3 C:\xampp\htdocs\www\Nesti_CodeIngniterdebug\system\CodeIgniter.php(333): CodeIgniter\CodeIgniter->handleRequest(NULL, Object(Config\Cache), false)
#4 C:\xampp\htdocs\www\Nesti_CodeIngniterdebug\public\index.php(44): CodeIgniter\CodeIgniter->run()
#5 {main}
CRITICAL - 2021-05-20 13:33:55 --> Call to undefined method App\Controllers\ProfileController::str_contains()
#0 C:\xampp\htdocs\www\Nesti_CodeIngniterdebug\app\Controllers\ProfileController.php(52): App\Controllers\ProfileController->countEle('jean')
#1 C:\xampp\htdocs\www\Nesti_CodeIngniterdebug\system\CodeIgniter.php(936): App\Controllers\ProfileController->editProfile('1')
#2 C:\xampp\htdocs\www\Nesti_CodeIngniterdebug\system\CodeIgniter.php(432): CodeIgniter\CodeIgniter->runController(Object(App\Controllers\ProfileController))
#3 C:\xampp\htdocs\www\Nesti_CodeIngniterdebug\system\CodeIgniter.php(333): CodeIgniter\CodeIgniter->handleRequest(NULL, Object(Config\Cache), false)
#4 C:\xampp\htdocs\www\Nesti_CodeIngniterdebug\public\index.php(44): CodeIgniter\CodeIgniter->run()
#5 {main}
CRITICAL - 2021-05-20 13:35:43 --> Call to undefined method App\Controllers\ProfileController::str_contains()
#0 C:\xampp\htdocs\www\Nesti_CodeIngniterdebug\app\Controllers\ProfileController.php(52): App\Controllers\ProfileController->countEle('jean')
#1 C:\xampp\htdocs\www\Nesti_CodeIngniterdebug\system\CodeIgniter.php(936): App\Controllers\ProfileController->editProfile('1')
#2 C:\xampp\htdocs\www\Nesti_CodeIngniterdebug\system\CodeIgniter.php(432): CodeIgniter\CodeIgniter->runController(Object(App\Controllers\ProfileController))
#3 C:\xampp\htdocs\www\Nesti_CodeIngniterdebug\system\CodeIgniter.php(333): CodeIgniter\CodeIgniter->handleRequest(NULL, Object(Config\Cache), false)
#4 C:\xampp\htdocs\www\Nesti_CodeIngniterdebug\public\index.php(44): CodeIgniter\CodeIgniter->run()
#5 {main}
CRITICAL - 2021-05-20 13:35:53 --> Call to undefined function App\Controllers\str_contains()
#0 C:\xampp\htdocs\www\Nesti_CodeIngniterdebug\app\Controllers\ProfileController.php(52): App\Controllers\ProfileController->countEle('jean')
#1 C:\xampp\htdocs\www\Nesti_CodeIngniterdebug\system\CodeIgniter.php(936): App\Controllers\ProfileController->editProfile('1')
#2 C:\xampp\htdocs\www\Nesti_CodeIngniterdebug\system\CodeIgniter.php(432): CodeIgniter\CodeIgniter->runController(Object(App\Controllers\ProfileController))
#3 C:\xampp\htdocs\www\Nesti_CodeIngniterdebug\system\CodeIgniter.php(333): CodeIgniter\CodeIgniter->handleRequest(NULL, Object(Config\Cache), false)
#4 C:\xampp\htdocs\www\Nesti_CodeIngniterdebug\public\index.php(44): CodeIgniter\CodeIgniter->run()
#5 {main}
CRITICAL - 2021-05-20 13:36:38 --> Call to undefined function App\Controllers\str_contains()
#0 C:\xampp\htdocs\www\Nesti_CodeIngniterdebug\app\Controllers\ProfileController.php(52): App\Controllers\ProfileController->countEle('jean')
#1 C:\xampp\htdocs\www\Nesti_CodeIngniterdebug\system\CodeIgniter.php(936): App\Controllers\ProfileController->editProfile('1')
#2 C:\xampp\htdocs\www\Nesti_CodeIngniterdebug\system\CodeIgniter.php(432): CodeIgniter\CodeIgniter->runController(Object(App\Controllers\ProfileController))
#3 C:\xampp\htdocs\www\Nesti_CodeIngniterdebug\system\CodeIgniter.php(333): CodeIgniter\CodeIgniter->handleRequest(NULL, Object(Config\Cache), false)
#4 C:\xampp\htdocs\www\Nesti_CodeIngniterdebug\public\index.php(44): CodeIgniter\CodeIgniter->run()
#5 {main}
CRITICAL - 2021-05-20 13:37:36 --> Call to undefined function App\Controllers\str_contains()
#0 C:\xampp\htdocs\www\Nesti_CodeIngniterdebug\app\Controllers\ProfileController.php(52): App\Controllers\ProfileController->countEle('jean')
#1 C:\xampp\htdocs\www\Nesti_CodeIngniterdebug\system\CodeIgniter.php(936): App\Controllers\ProfileController->editProfile('1')
#2 C:\xampp\htdocs\www\Nesti_CodeIngniterdebug\system\CodeIgniter.php(432): CodeIgniter\CodeIgniter->runController(Object(App\Controllers\ProfileController))
#3 C:\xampp\htdocs\www\Nesti_CodeIngniterdebug\system\CodeIgniter.php(333): CodeIgniter\CodeIgniter->handleRequest(NULL, Object(Config\Cache), false)
#4 C:\xampp\htdocs\www\Nesti_CodeIngniterdebug\public\index.php(44): CodeIgniter\CodeIgniter->run()
#5 {main}
