CRITICAL - 2021-04-08 13:38:47 --> Class 'BaseController' not found
#0 C:\xampp\htdocs\www\tpsCodeigniter\system\Autoloader\Autoloader.php(294): include_once()
#1 C:\xampp\htdocs\www\tpsCodeigniter\system\Autoloader\Autoloader.php(265): CodeIgniter\Autoloader\Autoloader->includeFile('C:\\xampp\\htdocs...')
#2 C:\xampp\htdocs\www\tpsCodeigniter\system\Autoloader\Autoloader.php(228): CodeIgniter\Autoloader\Autoloader->loadInNamespace('App\\Controllers...')
#3 [internal function]: CodeIgniter\Autoloader\Autoloader->loadClass('App\\Controllers...')
#4 [internal function]: spl_autoload_call('App\\Controllers...')
#5 C:\xampp\htdocs\www\tpsCodeigniter\system\CodeIgniter.php(893): class_exists('\\App\\Controller...', true)
#6 C:\xampp\htdocs\www\tpsCodeigniter\system\CodeIgniter.php(417): CodeIgniter\CodeIgniter->startController()
#7 C:\xampp\htdocs\www\tpsCodeigniter\system\CodeIgniter.php(333): CodeIgniter\CodeIgniter->handleRequest(NULL, Object(Config\Cache), false)
#8 C:\xampp\htdocs\www\tpsCodeigniter\public\index.php(44): CodeIgniter\CodeIgniter->run()
#9 {main}
CRITICAL - 2021-04-08 13:39:21 --> Class 'BaseController' not found
#0 C:\xampp\htdocs\www\tpsCodeigniter\system\Autoloader\Autoloader.php(294): include_once()
#1 C:\xampp\htdocs\www\tpsCodeigniter\system\Autoloader\Autoloader.php(265): CodeIgniter\Autoloader\Autoloader->includeFile('C:\\xampp\\htdocs...')
#2 C:\xampp\htdocs\www\tpsCodeigniter\system\Autoloader\Autoloader.php(228): CodeIgniter\Autoloader\Autoloader->loadInNamespace('App\\Controllers...')
#3 [internal function]: CodeIgniter\Autoloader\Autoloader->loadClass('App\\Controllers...')
#4 [internal function]: spl_autoload_call('App\\Controllers...')
#5 C:\xampp\htdocs\www\tpsCodeigniter\system\CodeIgniter.php(893): class_exists('\\App\\Controller...', true)
#6 C:\xampp\htdocs\www\tpsCodeigniter\system\CodeIgniter.php(417): CodeIgniter\CodeIgniter->startController()
#7 C:\xampp\htdocs\www\tpsCodeigniter\system\CodeIgniter.php(333): CodeIgniter\CodeIgniter->handleRequest(NULL, Object(Config\Cache), false)
#8 C:\xampp\htdocs\www\tpsCodeigniter\public\index.php(44): CodeIgniter\CodeIgniter->run()
#9 {main}
CRITICAL - 2021-04-08 13:40:03 --> Class 'BaseController' not found
#0 C:\xampp\htdocs\www\tpsCodeigniter\system\Autoloader\Autoloader.php(294): include_once()
#1 C:\xampp\htdocs\www\tpsCodeigniter\system\Autoloader\Autoloader.php(265): CodeIgniter\Autoloader\Autoloader->includeFile('C:\\xampp\\htdocs...')
#2 C:\xampp\htdocs\www\tpsCodeigniter\system\Autoloader\Autoloader.php(228): CodeIgniter\Autoloader\Autoloader->loadInNamespace('App\\Controllers...')
#3 [internal function]: CodeIgniter\Autoloader\Autoloader->loadClass('App\\Controllers...')
#4 [internal function]: spl_autoload_call('App\\Controllers...')
#5 C:\xampp\htdocs\www\tpsCodeigniter\system\CodeIgniter.php(893): class_exists('\\App\\Controller...', true)
#6 C:\xampp\htdocs\www\tpsCodeigniter\system\CodeIgniter.php(417): CodeIgniter\CodeIgniter->startController()
#7 C:\xampp\htdocs\www\tpsCodeigniter\system\CodeIgniter.php(333): CodeIgniter\CodeIgniter->handleRequest(NULL, Object(Config\Cache), false)
#8 C:\xampp\htdocs\www\tpsCodeigniter\public\index.php(44): CodeIgniter\CodeIgniter->run()
#9 {main}
CRITICAL - 2021-04-08 13:40:05 --> Class 'BaseController' not found
#0 C:\xampp\htdocs\www\tpsCodeigniter\system\Autoloader\Autoloader.php(294): include_once()
#1 C:\xampp\htdocs\www\tpsCodeigniter\system\Autoloader\Autoloader.php(265): CodeIgniter\Autoloader\Autoloader->includeFile('C:\\xampp\\htdocs...')
#2 C:\xampp\htdocs\www\tpsCodeigniter\system\Autoloader\Autoloader.php(228): CodeIgniter\Autoloader\Autoloader->loadInNamespace('App\\Controllers...')
#3 [internal function]: CodeIgniter\Autoloader\Autoloader->loadClass('App\\Controllers...')
#4 [internal function]: spl_autoload_call('App\\Controllers...')
#5 C:\xampp\htdocs\www\tpsCodeigniter\system\CodeIgniter.php(893): class_exists('\\App\\Controller...', true)
#6 C:\xampp\htdocs\www\tpsCodeigniter\system\CodeIgniter.php(417): CodeIgniter\CodeIgniter->startController()
#7 C:\xampp\htdocs\www\tpsCodeigniter\system\CodeIgniter.php(333): CodeIgniter\CodeIgniter->handleRequest(NULL, Object(Config\Cache), false)
#8 C:\xampp\htdocs\www\tpsCodeigniter\public\index.php(44): CodeIgniter\CodeIgniter->run()
#9 {main}
CRITICAL - 2021-04-08 13:41:57 --> Class 'BaseController' not found
#0 C:\xampp\htdocs\www\tpsCodeigniter\system\Autoloader\Autoloader.php(294): include_once()
#1 C:\xampp\htdocs\www\tpsCodeigniter\system\Autoloader\Autoloader.php(265): CodeIgniter\Autoloader\Autoloader->includeFile('C:\\xampp\\htdocs...')
#2 C:\xampp\htdocs\www\tpsCodeigniter\system\Autoloader\Autoloader.php(228): CodeIgniter\Autoloader\Autoloader->loadInNamespace('App\\Controllers...')
#3 [internal function]: CodeIgniter\Autoloader\Autoloader->loadClass('App\\Controllers...')
#4 [internal function]: spl_autoload_call('App\\Controllers...')
#5 C:\xampp\htdocs\www\tpsCodeigniter\system\CodeIgniter.php(893): class_exists('\\App\\Controller...', true)
#6 C:\xampp\htdocs\www\tpsCodeigniter\system\CodeIgniter.php(417): CodeIgniter\CodeIgniter->startController()
#7 C:\xampp\htdocs\www\tpsCodeigniter\system\CodeIgniter.php(333): CodeIgniter\CodeIgniter->handleRequest(NULL, Object(Config\Cache), false)
#8 C:\xampp\htdocs\www\tpsCodeigniter\public\index.php(44): CodeIgniter\CodeIgniter->run()
#9 {main}
CRITICAL - 2021-04-08 13:42:48 --> Class 'BaseController' not found
#0 C:\xampp\htdocs\www\tpsCodeigniter\system\Autoloader\Autoloader.php(294): include_once()
#1 C:\xampp\htdocs\www\tpsCodeigniter\system\Autoloader\Autoloader.php(265): CodeIgniter\Autoloader\Autoloader->includeFile('C:\\xampp\\htdocs...')
#2 C:\xampp\htdocs\www\tpsCodeigniter\system\Autoloader\Autoloader.php(228): CodeIgniter\Autoloader\Autoloader->loadInNamespace('App\\Controllers...')
#3 [internal function]: CodeIgniter\Autoloader\Autoloader->loadClass('App\\Controllers...')
#4 [internal function]: spl_autoload_call('App\\Controllers...')
#5 C:\xampp\htdocs\www\tpsCodeigniter\system\CodeIgniter.php(893): class_exists('\\App\\Controller...', true)
#6 C:\xampp\htdocs\www\tpsCodeigniter\system\CodeIgniter.php(417): CodeIgniter\CodeIgniter->startController()
#7 C:\xampp\htdocs\www\tpsCodeigniter\system\CodeIgniter.php(333): CodeIgniter\CodeIgniter->handleRequest(NULL, Object(Config\Cache), false)
#8 C:\xampp\htdocs\www\tpsCodeigniter\public\index.php(44): CodeIgniter\CodeIgniter->run()
#9 {main}
CRITICAL - 2021-04-08 13:45:00 --> Class 'App\ApiControllers\BaseController' not found
#0 C:\xampp\htdocs\www\tpsCodeigniter\system\Autoloader\Autoloader.php(294): include_once()
#1 C:\xampp\htdocs\www\tpsCodeigniter\system\Autoloader\Autoloader.php(265): CodeIgniter\Autoloader\Autoloader->includeFile('C:\\xampp\\htdocs...')
#2 C:\xampp\htdocs\www\tpsCodeigniter\system\Autoloader\Autoloader.php(228): CodeIgniter\Autoloader\Autoloader->loadInNamespace('App\\Controllers...')
#3 [internal function]: CodeIgniter\Autoloader\Autoloader->loadClass('App\\Controllers...')
#4 [internal function]: spl_autoload_call('App\\Controllers...')
#5 C:\xampp\htdocs\www\tpsCodeigniter\system\CodeIgniter.php(893): class_exists('\\App\\Controller...', true)
#6 C:\xampp\htdocs\www\tpsCodeigniter\system\CodeIgniter.php(417): CodeIgniter\CodeIgniter->startController()
#7 C:\xampp\htdocs\www\tpsCodeigniter\system\CodeIgniter.php(333): CodeIgniter\CodeIgniter->handleRequest(NULL, Object(Config\Cache), false)
#8 C:\xampp\htdocs\www\tpsCodeigniter\public\index.php(44): CodeIgniter\CodeIgniter->run()
#9 {main}
CRITICAL - 2021-04-08 13:49:45 --> Call to undefined function App\Controllers\newModelRecipe()
#0 C:\xampp\htdocs\www\tpsCodeigniter\system\CodeIgniter.php(936): App\Controllers\ApiController->recipes()
#1 C:\xampp\htdocs\www\tpsCodeigniter\system\CodeIgniter.php(432): CodeIgniter\CodeIgniter->runController(Object(App\Controllers\ApiController))
#2 C:\xampp\htdocs\www\tpsCodeigniter\system\CodeIgniter.php(333): CodeIgniter\CodeIgniter->handleRequest(NULL, Object(Config\Cache), false)
#3 C:\xampp\htdocs\www\tpsCodeigniter\public\index.php(44): CodeIgniter\CodeIgniter->run()
#4 {main}
CRITICAL - 2021-04-08 13:49:54 --> Class 'App\Controllers\ModelRecipe' not found
#0 C:\xampp\htdocs\www\tpsCodeigniter\system\CodeIgniter.php(936): App\Controllers\ApiController->recipes()
#1 C:\xampp\htdocs\www\tpsCodeigniter\system\CodeIgniter.php(432): CodeIgniter\CodeIgniter->runController(Object(App\Controllers\ApiController))
#2 C:\xampp\htdocs\www\tpsCodeigniter\system\CodeIgniter.php(333): CodeIgniter\CodeIgniter->handleRequest(NULL, Object(Config\Cache), false)
#3 C:\xampp\htdocs\www\tpsCodeigniter\public\index.php(44): CodeIgniter\CodeIgniter->run()
#4 {main}
CRITICAL - 2021-04-08 13:50:17 --> Class 'App\Controllers\RecipeModel' not found
#0 C:\xampp\htdocs\www\tpsCodeigniter\system\CodeIgniter.php(936): App\Controllers\ApiController->recipes()
#1 C:\xampp\htdocs\www\tpsCodeigniter\system\CodeIgniter.php(432): CodeIgniter\CodeIgniter->runController(Object(App\Controllers\ApiController))
#2 C:\xampp\htdocs\www\tpsCodeigniter\system\CodeIgniter.php(333): CodeIgniter\CodeIgniter->handleRequest(NULL, Object(Config\Cache), false)
#3 C:\xampp\htdocs\www\tpsCodeigniter\public\index.php(44): CodeIgniter\CodeIgniter->run()
#4 {main}
CRITICAL - 2021-04-08 13:50:28 --> Class 'App\Controllers\RecipesModel' not found
#0 C:\xampp\htdocs\www\tpsCodeigniter\system\CodeIgniter.php(936): App\Controllers\ApiController->recipes()
#1 C:\xampp\htdocs\www\tpsCodeigniter\system\CodeIgniter.php(432): CodeIgniter\CodeIgniter->runController(Object(App\Controllers\ApiController))
#2 C:\xampp\htdocs\www\tpsCodeigniter\system\CodeIgniter.php(333): CodeIgniter\CodeIgniter->handleRequest(NULL, Object(Config\Cache), false)
#3 C:\xampp\htdocs\www\tpsCodeigniter\public\index.php(44): CodeIgniter\CodeIgniter->run()
#4 {main}
CRITICAL - 2021-04-08 13:50:33 --> Class 'App\Controllers\RecipesModel' not found
#0 C:\xampp\htdocs\www\tpsCodeigniter\system\CodeIgniter.php(936): App\Controllers\ApiController->recipes()
#1 C:\xampp\htdocs\www\tpsCodeigniter\system\CodeIgniter.php(432): CodeIgniter\CodeIgniter->runController(Object(App\Controllers\ApiController))
#2 C:\xampp\htdocs\www\tpsCodeigniter\system\CodeIgniter.php(333): CodeIgniter\CodeIgniter->handleRequest(NULL, Object(Config\Cache), false)
#3 C:\xampp\htdocs\www\tpsCodeigniter\public\index.php(44): CodeIgniter\CodeIgniter->run()
#4 {main}
CRITICAL - 2021-04-08 13:51:24 --> Class 'App\Controllers\RecipesModel' not found
#0 C:\xampp\htdocs\www\tpsCodeigniter\system\CodeIgniter.php(936): App\Controllers\ApiController->recipes()
#1 C:\xampp\htdocs\www\tpsCodeigniter\system\CodeIgniter.php(432): CodeIgniter\CodeIgniter->runController(Object(App\Controllers\ApiController))
#2 C:\xampp\htdocs\www\tpsCodeigniter\system\CodeIgniter.php(333): CodeIgniter\CodeIgniter->handleRequest(NULL, Object(Config\Cache), false)
#3 C:\xampp\htdocs\www\tpsCodeigniter\public\index.php(44): CodeIgniter\CodeIgniter->run()
#4 {main}
CRITICAL - 2021-04-08 13:51:25 --> Class 'App\Controllers\RecipesModel' not found
#0 C:\xampp\htdocs\www\tpsCodeigniter\system\CodeIgniter.php(936): App\Controllers\ApiController->recipes()
#1 C:\xampp\htdocs\www\tpsCodeigniter\system\CodeIgniter.php(432): CodeIgniter\CodeIgniter->runController(Object(App\Controllers\ApiController))
#2 C:\xampp\htdocs\www\tpsCodeigniter\system\CodeIgniter.php(333): CodeIgniter\CodeIgniter->handleRequest(NULL, Object(Config\Cache), false)
#3 C:\xampp\htdocs\www\tpsCodeigniter\public\index.php(44): CodeIgniter\CodeIgniter->run()
#4 {main}
CRITICAL - 2021-04-08 13:51:28 --> Class 'App\Controllers\RecipesModel' not found
#0 C:\xampp\htdocs\www\tpsCodeigniter\system\CodeIgniter.php(936): App\Controllers\ApiController->recipes()
#1 C:\xampp\htdocs\www\tpsCodeigniter\system\CodeIgniter.php(432): CodeIgniter\CodeIgniter->runController(Object(App\Controllers\ApiController))
#2 C:\xampp\htdocs\www\tpsCodeigniter\system\CodeIgniter.php(333): CodeIgniter\CodeIgniter->handleRequest(NULL, Object(Config\Cache), false)
#3 C:\xampp\htdocs\www\tpsCodeigniter\public\index.php(44): CodeIgniter\CodeIgniter->run()
#4 {main}
CRITICAL - 2021-04-08 13:52:20 --> Class 'App\Controllers\RecipesModel' not found
#0 C:\xampp\htdocs\www\tpsCodeigniter\system\CodeIgniter.php(936): App\Controllers\ApiController->recipes()
#1 C:\xampp\htdocs\www\tpsCodeigniter\system\CodeIgniter.php(432): CodeIgniter\CodeIgniter->runController(Object(App\Controllers\ApiController))
#2 C:\xampp\htdocs\www\tpsCodeigniter\system\CodeIgniter.php(333): CodeIgniter\CodeIgniter->handleRequest(NULL, Object(Config\Cache), false)
#3 C:\xampp\htdocs\www\tpsCodeigniter\public\index.php(44): CodeIgniter\CodeIgniter->run()
#4 {main}
CRITICAL - 2021-04-08 13:52:31 --> Class 'App\Controllers\RecipesModel' not found
#0 C:\xampp\htdocs\www\tpsCodeigniter\system\CodeIgniter.php(936): App\Controllers\ApiController->recipes()
#1 C:\xampp\htdocs\www\tpsCodeigniter\system\CodeIgniter.php(432): CodeIgniter\CodeIgniter->runController(Object(App\Controllers\ApiController))
#2 C:\xampp\htdocs\www\tpsCodeigniter\system\CodeIgniter.php(333): CodeIgniter\CodeIgniter->handleRequest(NULL, Object(Config\Cache), false)
#3 C:\xampp\htdocs\www\tpsCodeigniter\public\index.php(44): CodeIgniter\CodeIgniter->run()
#4 {main}
CRITICAL - 2021-04-08 13:52:33 --> Class 'App\Controllers\RecipesModel' not found
#0 C:\xampp\htdocs\www\tpsCodeigniter\system\CodeIgniter.php(936): App\Controllers\ApiController->recipes()
#1 C:\xampp\htdocs\www\tpsCodeigniter\system\CodeIgniter.php(432): CodeIgniter\CodeIgniter->runController(Object(App\Controllers\ApiController))
#2 C:\xampp\htdocs\www\tpsCodeigniter\system\CodeIgniter.php(333): CodeIgniter\CodeIgniter->handleRequest(NULL, Object(Config\Cache), false)
#3 C:\xampp\htdocs\www\tpsCodeigniter\public\index.php(44): CodeIgniter\CodeIgniter->run()
#4 {main}
CRITICAL - 2021-04-08 13:53:17 --> Class 'App\Controllers\RecipesModel' not found
#0 C:\xampp\htdocs\www\tpsCodeigniter\system\CodeIgniter.php(936): App\Controllers\ApiController->recipes()
#1 C:\xampp\htdocs\www\tpsCodeigniter\system\CodeIgniter.php(432): CodeIgniter\CodeIgniter->runController(Object(App\Controllers\ApiController))
#2 C:\xampp\htdocs\www\tpsCodeigniter\system\CodeIgniter.php(333): CodeIgniter\CodeIgniter->handleRequest(NULL, Object(Config\Cache), false)
#3 C:\xampp\htdocs\www\tpsCodeigniter\public\index.php(44): CodeIgniter\CodeIgniter->run()
#4 {main}
CRITICAL - 2021-04-08 13:53:46 --> Class 'App\Controllers\RecipesModel' not found
#0 C:\xampp\htdocs\www\tpsCodeigniter\system\CodeIgniter.php(936): App\Controllers\ApiController->recipes()
#1 C:\xampp\htdocs\www\tpsCodeigniter\system\CodeIgniter.php(432): CodeIgniter\CodeIgniter->runController(Object(App\Controllers\ApiController))
#2 C:\xampp\htdocs\www\tpsCodeigniter\system\CodeIgniter.php(333): CodeIgniter\CodeIgniter->handleRequest(NULL, Object(Config\Cache), false)
#3 C:\xampp\htdocs\www\tpsCodeigniter\public\index.php(44): CodeIgniter\CodeIgniter->run()
#4 {main}
CRITICAL - 2021-04-08 13:57:14 --> Class 'Models\RecipesModel' not found
#0 C:\xampp\htdocs\www\tpsCodeigniter\system\CodeIgniter.php(936): App\Controllers\ApiController->recipes()
#1 C:\xampp\htdocs\www\tpsCodeigniter\system\CodeIgniter.php(432): CodeIgniter\CodeIgniter->runController(Object(App\Controllers\ApiController))
#2 C:\xampp\htdocs\www\tpsCodeigniter\system\CodeIgniter.php(333): CodeIgniter\CodeIgniter->handleRequest(NULL, Object(Config\Cache), false)
#3 C:\xampp\htdocs\www\tpsCodeigniter\public\index.php(44): CodeIgniter\CodeIgniter->run()
#4 {main}
CRITICAL - 2021-04-08 13:58:02 --> syntax error, unexpected '.', expecting identifier (T_STRING) or function (T_FUNCTION) or const (T_CONST) or \\ (T_NS_SEPARATOR)
#0 C:\xampp\htdocs\www\tpsCodeigniter\system\Autoloader\Autoloader.php(265): CodeIgniter\Autoloader\Autoloader->includeFile('C:\\xampp\\htdocs...')
#1 C:\xampp\htdocs\www\tpsCodeigniter\system\Autoloader\Autoloader.php(228): CodeIgniter\Autoloader\Autoloader->loadInNamespace('App\\Controllers...')
#2 [internal function]: CodeIgniter\Autoloader\Autoloader->loadClass('App\\Controllers...')
#3 [internal function]: spl_autoload_call('App\\Controllers...')
#4 C:\xampp\htdocs\www\tpsCodeigniter\system\CodeIgniter.php(893): class_exists('\\App\\Controller...', true)
#5 C:\xampp\htdocs\www\tpsCodeigniter\system\CodeIgniter.php(417): CodeIgniter\CodeIgniter->startController()
#6 C:\xampp\htdocs\www\tpsCodeigniter\system\CodeIgniter.php(333): CodeIgniter\CodeIgniter->handleRequest(NULL, Object(Config\Cache), false)
#7 C:\xampp\htdocs\www\tpsCodeigniter\public\index.php(44): CodeIgniter\CodeIgniter->run()
#8 {main}
ERROR - 2021-04-08 13:58:24 --> mysqli_sql_exception: Table 'nesti_client.view_api_recipes' doesn't exist in C:\xampp\htdocs\www\tpsCodeigniter\system\Database\MySQLi\Connection.php:314
Stack trace:
#0 C:\xampp\htdocs\www\tpsCodeigniter\system\Database\MySQLi\Connection.php(314): mysqli->query('SELECT * FROM `...')
#1 C:\xampp\htdocs\www\tpsCodeigniter\system\Database\BaseConnection.php(713): CodeIgniter\Database\MySQLi\Connection->execute('SELECT * FROM `...')
#2 C:\xampp\htdocs\www\tpsCodeigniter\system\Database\BaseConnection.php(641): CodeIgniter\Database\BaseConnection->simpleQuery('SELECT * FROM `...')
#3 C:\xampp\htdocs\www\tpsCodeigniter\app\Models\RecipesModel.php(16): CodeIgniter\Database\BaseConnection->query('SELECT * FROM `...')
#4 C:\xampp\htdocs\www\tpsCodeigniter\app\Controllers\ApiController.php(15): App\Models\RecipesModel->findAllForApi()
#5 C:\xampp\htdocs\www\tpsCodeigniter\system\CodeIgniter.php(936): App\Controllers\ApiController->recipes()
#6 C:\xampp\htdocs\www\tpsCodeigniter\system\CodeIgniter.php(432): CodeIgniter\CodeIgniter->runController(Object(App\Controllers\ApiController))
#7 C:\xampp\htdocs\www\tpsCodeigniter\system\CodeIgniter.php(333): CodeIgniter\CodeIgniter->handleRequest(NULL, Object(Config\Cache), false)
#8 C:\xampp\htdocs\www\tpsCodeigniter\public\index.php(44): CodeIgniter\CodeIgniter->run()
#9 {main}
CRITICAL - 2021-04-08 13:58:24 --> Table 'nesti_client.view_api_recipes' doesn't exist
#0 C:\xampp\htdocs\www\tpsCodeigniter\system\Database\MySQLi\Connection.php(314): mysqli->query('SELECT * FROM `...')
#1 C:\xampp\htdocs\www\tpsCodeigniter\system\Database\BaseConnection.php(713): CodeIgniter\Database\MySQLi\Connection->execute('SELECT * FROM `...')
#2 C:\xampp\htdocs\www\tpsCodeigniter\system\Database\BaseConnection.php(641): CodeIgniter\Database\BaseConnection->simpleQuery('SELECT * FROM `...')
#3 C:\xampp\htdocs\www\tpsCodeigniter\app\Models\RecipesModel.php(16): CodeIgniter\Database\BaseConnection->query('SELECT * FROM `...')
#4 C:\xampp\htdocs\www\tpsCodeigniter\app\Controllers\ApiController.php(15): App\Models\RecipesModel->findAllForApi()
#5 C:\xampp\htdocs\www\tpsCodeigniter\system\CodeIgniter.php(936): App\Controllers\ApiController->recipes()
#6 C:\xampp\htdocs\www\tpsCodeigniter\system\CodeIgniter.php(432): CodeIgniter\CodeIgniter->runController(Object(App\Controllers\ApiController))
#7 C:\xampp\htdocs\www\tpsCodeigniter\system\CodeIgniter.php(333): CodeIgniter\CodeIgniter->handleRequest(NULL, Object(Config\Cache), false)
#8 C:\xampp\htdocs\www\tpsCodeigniter\public\index.php(44): CodeIgniter\CodeIgniter->run()
#9 {main}
ERROR - 2021-04-08 14:19:36 --> mysqli_sql_exception: Unknown column 'idcat' in 'where clause' in C:\xampp\htdocs\www\tpsCodeigniter\system\Database\MySQLi\Connection.php:314
Stack trace:
#0 C:\xampp\htdocs\www\tpsCodeigniter\system\Database\MySQLi\Connection.php(314): mysqli->query('SELECT * FROM `...')
#1 C:\xampp\htdocs\www\tpsCodeigniter\system\Database\BaseConnection.php(713): CodeIgniter\Database\MySQLi\Connection->execute('SELECT * FROM `...')
#2 C:\xampp\htdocs\www\tpsCodeigniter\system\Database\BaseConnection.php(641): CodeIgniter\Database\BaseConnection->simpleQuery('SELECT * FROM `...')
#3 C:\xampp\htdocs\www\tpsCodeigniter\app\Models\RecipesModel.php(21): CodeIgniter\Database\BaseConnection->query('SELECT * FROM `...')
#4 C:\xampp\htdocs\www\tpsCodeigniter\app\Controllers\ApiController.php(23): App\Models\RecipesModel->findGlutenForApi()
#5 C:\xampp\htdocs\www\tpsCodeigniter\system\CodeIgniter.php(936): App\Controllers\ApiController->category('seazon')
#6 C:\xampp\htdocs\www\tpsCodeigniter\system\CodeIgniter.php(432): CodeIgniter\CodeIgniter->runController(Object(App\Controllers\ApiController))
#7 C:\xampp\htdocs\www\tpsCodeigniter\system\CodeIgniter.php(333): CodeIgniter\CodeIgniter->handleRequest(NULL, Object(Config\Cache), false)
#8 C:\xampp\htdocs\www\tpsCodeigniter\public\index.php(44): CodeIgniter\CodeIgniter->run()
#9 {main}
CRITICAL - 2021-04-08 14:19:36 --> Unknown column 'idcat' in 'where clause'
#0 C:\xampp\htdocs\www\tpsCodeigniter\system\Database\MySQLi\Connection.php(314): mysqli->query('SELECT * FROM `...')
#1 C:\xampp\htdocs\www\tpsCodeigniter\system\Database\BaseConnection.php(713): CodeIgniter\Database\MySQLi\Connection->execute('SELECT * FROM `...')
#2 C:\xampp\htdocs\www\tpsCodeigniter\system\Database\BaseConnection.php(641): CodeIgniter\Database\BaseConnection->simpleQuery('SELECT * FROM `...')
#3 C:\xampp\htdocs\www\tpsCodeigniter\app\Models\RecipesModel.php(21): CodeIgniter\Database\BaseConnection->query('SELECT * FROM `...')
#4 C:\xampp\htdocs\www\tpsCodeigniter\app\Controllers\ApiController.php(23): App\Models\RecipesModel->findGlutenForApi()
#5 C:\xampp\htdocs\www\tpsCodeigniter\system\CodeIgniter.php(936): App\Controllers\ApiController->category('seazon')
#6 C:\xampp\htdocs\www\tpsCodeigniter\system\CodeIgniter.php(432): CodeIgniter\CodeIgniter->runController(Object(App\Controllers\ApiController))
#7 C:\xampp\htdocs\www\tpsCodeigniter\system\CodeIgniter.php(333): CodeIgniter\CodeIgniter->handleRequest(NULL, Object(Config\Cache), false)
#8 C:\xampp\htdocs\www\tpsCodeigniter\public\index.php(44): CodeIgniter\CodeIgniter->run()
#9 {main}
ERROR - 2021-04-08 14:19:42 --> mysqli_sql_exception: Unknown column 'idcat' in 'where clause' in C:\xampp\htdocs\www\tpsCodeigniter\system\Database\MySQLi\Connection.php:314
Stack trace:
#0 C:\xampp\htdocs\www\tpsCodeigniter\system\Database\MySQLi\Connection.php(314): mysqli->query('SELECT * FROM `...')
#1 C:\xampp\htdocs\www\tpsCodeigniter\system\Database\BaseConnection.php(713): CodeIgniter\Database\MySQLi\Connection->execute('SELECT * FROM `...')
#2 C:\xampp\htdocs\www\tpsCodeigniter\system\Database\BaseConnection.php(641): CodeIgniter\Database\BaseConnection->simpleQuery('SELECT * FROM `...')
#3 C:\xampp\htdocs\www\tpsCodeigniter\app\Models\RecipesModel.php(21): CodeIgniter\Database\BaseConnection->query('SELECT * FROM `...')
#4 C:\xampp\htdocs\www\tpsCodeigniter\app\Controllers\ApiController.php(23): App\Models\RecipesModel->findGlutenForApi()
#5 C:\xampp\htdocs\www\tpsCodeigniter\system\CodeIgniter.php(936): App\Controllers\ApiController->category('seazon')
#6 C:\xampp\htdocs\www\tpsCodeigniter\system\CodeIgniter.php(432): CodeIgniter\CodeIgniter->runController(Object(App\Controllers\ApiController))
#7 C:\xampp\htdocs\www\tpsCodeigniter\system\CodeIgniter.php(333): CodeIgniter\CodeIgniter->handleRequest(NULL, Object(Config\Cache), false)
#8 C:\xampp\htdocs\www\tpsCodeigniter\public\index.php(44): CodeIgniter\CodeIgniter->run()
#9 {main}
CRITICAL - 2021-04-08 14:19:42 --> Unknown column 'idcat' in 'where clause'
#0 C:\xampp\htdocs\www\tpsCodeigniter\system\Database\MySQLi\Connection.php(314): mysqli->query('SELECT * FROM `...')
#1 C:\xampp\htdocs\www\tpsCodeigniter\system\Database\BaseConnection.php(713): CodeIgniter\Database\MySQLi\Connection->execute('SELECT * FROM `...')
#2 C:\xampp\htdocs\www\tpsCodeigniter\system\Database\BaseConnection.php(641): CodeIgniter\Database\BaseConnection->simpleQuery('SELECT * FROM `...')
#3 C:\xampp\htdocs\www\tpsCodeigniter\app\Models\RecipesModel.php(21): CodeIgniter\Database\BaseConnection->query('SELECT * FROM `...')
#4 C:\xampp\htdocs\www\tpsCodeigniter\app\Controllers\ApiController.php(23): App\Models\RecipesModel->findGlutenForApi()
#5 C:\xampp\htdocs\www\tpsCodeigniter\system\CodeIgniter.php(936): App\Controllers\ApiController->category('seazon')
#6 C:\xampp\htdocs\www\tpsCodeigniter\system\CodeIgniter.php(432): CodeIgniter\CodeIgniter->runController(Object(App\Controllers\ApiController))
#7 C:\xampp\htdocs\www\tpsCodeigniter\system\CodeIgniter.php(333): CodeIgniter\CodeIgniter->handleRequest(NULL, Object(Config\Cache), false)
#8 C:\xampp\htdocs\www\tpsCodeigniter\public\index.php(44): CodeIgniter\CodeIgniter->run()
#9 {main}
ERROR - 2021-04-08 17:36:40 --> mysqli_sql_exception: Table 'php_nesti.tag' doesn't exist in C:\xampp\htdocs\www\tpsCodeigniter\system\Database\MySQLi\Connection.php:314
Stack trace:
#0 C:\xampp\htdocs\www\tpsCodeigniter\system\Database\MySQLi\Connection.php(314): mysqli->query('SELECT *\nFROM `...')
#1 C:\xampp\htdocs\www\tpsCodeigniter\system\Database\BaseConnection.php(713): CodeIgniter\Database\MySQLi\Connection->execute('SELECT *\nFROM `...')
#2 C:\xampp\htdocs\www\tpsCodeigniter\system\Database\BaseConnection.php(641): CodeIgniter\Database\BaseConnection->simpleQuery('SELECT *\nFROM `...')
#3 C:\xampp\htdocs\www\tpsCodeigniter\system\Database\BaseBuilder.php(1866): CodeIgniter\Database\BaseConnection->query('SELECT *\nFROM `...', Array, false)
#4 C:\xampp\htdocs\www\tpsCodeigniter\system\Model.php(213): CodeIgniter\Database\BaseBuilder->get()
#5 C:\xampp\htdocs\www\tpsCodeigniter\system\BaseModel.php(583): CodeIgniter\Model->doFindAll(0, 0)
#6 C:\xampp\htdocs\www\tpsCodeigniter\app\Controllers\TagController.php(12): CodeIgniter\BaseModel->findAll()
#7 C:\xampp\htdocs\www\tpsCodeigniter\system\CodeIgniter.php(936): App\Controllers\TagController->allTags()
#8 C:\xampp\htdocs\www\tpsCodeigniter\system\CodeIgniter.php(432): CodeIgniter\CodeIgniter->runController(Object(App\Controllers\TagController))
#9 C:\xampp\htdocs\www\tpsCodeigniter\system\CodeIgniter.php(333): CodeIgniter\CodeIgniter->handleRequest(NULL, Object(Config\Cache), false)
#10 C:\xampp\htdocs\www\tpsCodeigniter\public\index.php(44): CodeIgniter\CodeIgniter->run()
#11 {main}
CRITICAL - 2021-04-08 17:36:40 --> Table 'php_nesti.tag' doesn't exist
#0 C:\xampp\htdocs\www\tpsCodeigniter\system\Database\MySQLi\Connection.php(314): mysqli->query('SELECT *\nFROM `...')
#1 C:\xampp\htdocs\www\tpsCodeigniter\system\Database\BaseConnection.php(713): CodeIgniter\Database\MySQLi\Connection->execute('SELECT *\nFROM `...')
#2 C:\xampp\htdocs\www\tpsCodeigniter\system\Database\BaseConnection.php(641): CodeIgniter\Database\BaseConnection->simpleQuery('SELECT *\nFROM `...')
#3 C:\xampp\htdocs\www\tpsCodeigniter\system\Database\BaseBuilder.php(1866): CodeIgniter\Database\BaseConnection->query('SELECT *\nFROM `...', Array, false)
#4 C:\xampp\htdocs\www\tpsCodeigniter\system\Model.php(213): CodeIgniter\Database\BaseBuilder->get()
#5 C:\xampp\htdocs\www\tpsCodeigniter\system\BaseModel.php(583): CodeIgniter\Model->doFindAll(0, 0)
#6 C:\xampp\htdocs\www\tpsCodeigniter\app\Controllers\TagController.php(12): CodeIgniter\BaseModel->findAll()
#7 C:\xampp\htdocs\www\tpsCodeigniter\system\CodeIgniter.php(936): App\Controllers\TagController->allTags()
#8 C:\xampp\htdocs\www\tpsCodeigniter\system\CodeIgniter.php(432): CodeIgniter\CodeIgniter->runController(Object(App\Controllers\TagController))
#9 C:\xampp\htdocs\www\tpsCodeigniter\system\CodeIgniter.php(333): CodeIgniter\CodeIgniter->handleRequest(NULL, Object(Config\Cache), false)
#10 C:\xampp\htdocs\www\tpsCodeigniter\public\index.php(44): CodeIgniter\CodeIgniter->run()
#11 {main}
