ERROR - 2021-05-17 09:31:28 --> mysqli_sql_exception: Table 'php_nesti.users' doesn't exist in engine in C:\xampp\htdocs\www\Nesti_CodeIngniterdebug\system\Database\MySQLi\Connection.php:314
Stack trace:
#0 C:\xampp\htdocs\www\Nesti_CodeIngniterdebug\system\Database\MySQLi\Connection.php(314): mysqli->query('SELECT *\nFROM `...')
#1 C:\xampp\htdocs\www\Nesti_CodeIngniterdebug\system\Database\BaseConnection.php(713): CodeIgniter\Database\MySQLi\Connection->execute('SELECT *\nFROM `...')
#2 C:\xampp\htdocs\www\Nesti_CodeIngniterdebug\system\Database\BaseConnection.php(641): CodeIgniter\Database\BaseConnection->simpleQuery('SELECT *\nFROM `...')
#3 C:\xampp\htdocs\www\Nesti_CodeIngniterdebug\system\Database\BaseBuilder.php(1866): CodeIgniter\Database\BaseConnection->query('SELECT *\nFROM `...', Array, false)
#4 C:\xampp\htdocs\www\Nesti_CodeIngniterdebug\system\Model.php(247): CodeIgniter\Database\BaseBuilder->get()
#5 C:\xampp\htdocs\www\Nesti_CodeIngniterdebug\system\BaseModel.php(624): CodeIgniter\Model->doFirst()
#6 C:\xampp\htdocs\www\Nesti_CodeIngniterdebug\app\Models\UsersModel.php(24): CodeIgniter\BaseModel->first()
#7 C:\xampp\htdocs\www\Nesti_CodeIngniterdebug\app\Controllers\UserController.php(35): App\Models\UsersModel->findUser('jean')
#8 C:\xampp\htdocs\www\Nesti_CodeIngniterdebug\system\CodeIgniter.php(936): App\Controllers\UserController->login()
#9 C:\xampp\htdocs\www\Nesti_CodeIngniterdebug\system\CodeIgniter.php(432): CodeIgniter\CodeIgniter->runController(Object(App\Controllers\UserController))
#10 C:\xampp\htdocs\www\Nesti_CodeIngniterdebug\system\CodeIgniter.php(333): CodeIgniter\CodeIgniter->handleRequest(NULL, Object(Config\Cache), false)
#11 C:\xampp\htdocs\www\Nesti_CodeIngniterdebug\public\index.php(44): CodeIgniter\CodeIgniter->run()
#12 {main}
CRITICAL - 2021-05-17 09:31:28 --> Table 'php_nesti.users' doesn't exist in engine
#0 C:\xampp\htdocs\www\Nesti_CodeIngniterdebug\system\Database\MySQLi\Connection.php(314): mysqli->query('SELECT *\nFROM `...')
#1 C:\xampp\htdocs\www\Nesti_CodeIngniterdebug\system\Database\BaseConnection.php(713): CodeIgniter\Database\MySQLi\Connection->execute('SELECT *\nFROM `...')
#2 C:\xampp\htdocs\www\Nesti_CodeIngniterdebug\system\Database\BaseConnection.php(641): CodeIgniter\Database\BaseConnection->simpleQuery('SELECT *\nFROM `...')
#3 C:\xampp\htdocs\www\Nesti_CodeIngniterdebug\system\Database\BaseBuilder.php(1866): CodeIgniter\Database\BaseConnection->query('SELECT *\nFROM `...', Array, false)
#4 C:\xampp\htdocs\www\Nesti_CodeIngniterdebug\system\Model.php(247): CodeIgniter\Database\BaseBuilder->get()
#5 C:\xampp\htdocs\www\Nesti_CodeIngniterdebug\system\BaseModel.php(624): CodeIgniter\Model->doFirst()
#6 C:\xampp\htdocs\www\Nesti_CodeIngniterdebug\app\Models\UsersModel.php(24): CodeIgniter\BaseModel->first()
#7 C:\xampp\htdocs\www\Nesti_CodeIngniterdebug\app\Controllers\UserController.php(35): App\Models\UsersModel->findUser('jean')
#8 C:\xampp\htdocs\www\Nesti_CodeIngniterdebug\system\CodeIgniter.php(936): App\Controllers\UserController->login()
#9 C:\xampp\htdocs\www\Nesti_CodeIngniterdebug\system\CodeIgniter.php(432): CodeIgniter\CodeIgniter->runController(Object(App\Controllers\UserController))
#10 C:\xampp\htdocs\www\Nesti_CodeIngniterdebug\system\CodeIgniter.php(333): CodeIgniter\CodeIgniter->handleRequest(NULL, Object(Config\Cache), false)
#11 C:\xampp\htdocs\www\Nesti_CodeIngniterdebug\public\index.php(44): CodeIgniter\CodeIgniter->run()
#12 {main}
CRITICAL - 2021-05-17 20:06:41 --> Undefined index: cart
#0 C:\xampp\htdocs\www\Nesti_CodeIngniterdebug\app\Controllers\UserController.php(42): CodeIgniter\Debug\Exceptions->errorHandler(8, 'Undefined index...', 'C:\\xampp\\htdocs...', 42, Array)
#1 C:\xampp\htdocs\www\Nesti_CodeIngniterdebug\system\CodeIgniter.php(936): App\Controllers\UserController->login()
#2 C:\xampp\htdocs\www\Nesti_CodeIngniterdebug\system\CodeIgniter.php(432): CodeIgniter\CodeIgniter->runController(Object(App\Controllers\UserController))
#3 C:\xampp\htdocs\www\Nesti_CodeIngniterdebug\system\CodeIgniter.php(333): CodeIgniter\CodeIgniter->handleRequest(NULL, Object(Config\Cache), false)
#4 C:\xampp\htdocs\www\Nesti_CodeIngniterdebug\public\index.php(44): CodeIgniter\CodeIgniter->run()
#5 {main}
CRITICAL - 2021-05-17 20:09:06 --> syntax error, unexpected '}'
#0 C:\xampp\htdocs\www\Nesti_CodeIngniterdebug\system\Autoloader\Autoloader.php(265): CodeIgniter\Autoloader\Autoloader->includeFile('C:\\xampp\\htdocs...')
#1 C:\xampp\htdocs\www\Nesti_CodeIngniterdebug\system\Autoloader\Autoloader.php(228): CodeIgniter\Autoloader\Autoloader->loadInNamespace('App\\Controllers...')
#2 [internal function]: CodeIgniter\Autoloader\Autoloader->loadClass('App\\Controllers...')
#3 [internal function]: spl_autoload_call('App\\Controllers...')
#4 C:\xampp\htdocs\www\Nesti_CodeIngniterdebug\system\CodeIgniter.php(893): class_exists('\\App\\Controller...', true)
#5 C:\xampp\htdocs\www\Nesti_CodeIngniterdebug\system\CodeIgniter.php(417): CodeIgniter\CodeIgniter->startController()
#6 C:\xampp\htdocs\www\Nesti_CodeIngniterdebug\system\CodeIgniter.php(333): CodeIgniter\CodeIgniter->handleRequest(NULL, Object(Config\Cache), false)
#7 C:\xampp\htdocs\www\Nesti_CodeIngniterdebug\public\index.php(44): CodeIgniter\CodeIgniter->run()
#8 {main}
CRITICAL - 2021-05-17 20:11:16 --> syntax error, unexpected 'return' (T_RETURN)
#0 C:\xampp\htdocs\www\Nesti_CodeIngniterdebug\system\Autoloader\Autoloader.php(265): CodeIgniter\Autoloader\Autoloader->includeFile('C:\\xampp\\htdocs...')
#1 C:\xampp\htdocs\www\Nesti_CodeIngniterdebug\system\Autoloader\Autoloader.php(228): CodeIgniter\Autoloader\Autoloader->loadInNamespace('App\\Controllers...')
#2 [internal function]: CodeIgniter\Autoloader\Autoloader->loadClass('App\\Controllers...')
#3 [internal function]: spl_autoload_call('App\\Controllers...')
#4 C:\xampp\htdocs\www\Nesti_CodeIngniterdebug\system\CodeIgniter.php(893): class_exists('\\App\\Controller...', true)
#5 C:\xampp\htdocs\www\Nesti_CodeIngniterdebug\system\CodeIgniter.php(417): CodeIgniter\CodeIgniter->startController()
#6 C:\xampp\htdocs\www\Nesti_CodeIngniterdebug\system\CodeIgniter.php(333): CodeIgniter\CodeIgniter->handleRequest(NULL, Object(Config\Cache), false)
#7 C:\xampp\htdocs\www\Nesti_CodeIngniterdebug\public\index.php(44): CodeIgniter\CodeIgniter->run()
#8 {main}
CRITICAL - 2021-05-17 20:11:34 --> Call to undefined function App\Controllers\getcookie()
#0 C:\xampp\htdocs\www\Nesti_CodeIngniterdebug\app\Controllers\UserController.php(41): App\Controllers\UserController::setLoggedInUser(Object(App\Entities\Users), '123')
#1 C:\xampp\htdocs\www\Nesti_CodeIngniterdebug\system\CodeIgniter.php(936): App\Controllers\UserController->login()
#2 C:\xampp\htdocs\www\Nesti_CodeIngniterdebug\system\CodeIgniter.php(432): CodeIgniter\CodeIgniter->runController(Object(App\Controllers\UserController))
#3 C:\xampp\htdocs\www\Nesti_CodeIngniterdebug\system\CodeIgniter.php(333): CodeIgniter\CodeIgniter->handleRequest(NULL, Object(Config\Cache), false)
#4 C:\xampp\htdocs\www\Nesti_CodeIngniterdebug\public\index.php(44): CodeIgniter\CodeIgniter->run()
#5 {main}
CRITICAL - 2021-05-17 20:12:23 --> Call to undefined function App\Controllers\get_cookie()
#0 C:\xampp\htdocs\www\Nesti_CodeIngniterdebug\app\Controllers\UserController.php(41): App\Controllers\UserController::setLoggedInUser(Object(App\Entities\Users), '123')
#1 C:\xampp\htdocs\www\Nesti_CodeIngniterdebug\system\CodeIgniter.php(936): App\Controllers\UserController->login()
#2 C:\xampp\htdocs\www\Nesti_CodeIngniterdebug\system\CodeIgniter.php(432): CodeIgniter\CodeIgniter->runController(Object(App\Controllers\UserController))
#3 C:\xampp\htdocs\www\Nesti_CodeIngniterdebug\system\CodeIgniter.php(333): CodeIgniter\CodeIgniter->handleRequest(NULL, Object(Config\Cache), false)
#4 C:\xampp\htdocs\www\Nesti_CodeIngniterdebug\public\index.php(44): CodeIgniter\CodeIgniter->run()
#5 {main}
CRITICAL - 2021-05-17 20:16:14 --> Cannot use [] for reading
#0 C:\xampp\htdocs\www\Nesti_CodeIngniterdebug\app\Controllers\UserController.php(41): App\Controllers\UserController::setLoggedInUser(Object(App\Entities\Users), '123')
#1 C:\xampp\htdocs\www\Nesti_CodeIngniterdebug\system\CodeIgniter.php(936): App\Controllers\UserController->login()
#2 C:\xampp\htdocs\www\Nesti_CodeIngniterdebug\system\CodeIgniter.php(432): CodeIgniter\CodeIgniter->runController(Object(App\Controllers\UserController))
#3 C:\xampp\htdocs\www\Nesti_CodeIngniterdebug\system\CodeIgniter.php(333): CodeIgniter\CodeIgniter->handleRequest(NULL, Object(Config\Cache), false)
#4 C:\xampp\htdocs\www\Nesti_CodeIngniterdebug\public\index.php(44): CodeIgniter\CodeIgniter->run()
#5 {main}
CRITICAL - 2021-05-17 20:18:11 --> Undefined variable: cart
#0 C:\xampp\htdocs\www\Nesti_CodeIngniterdebug\app\Controllers\UserController.php(75): CodeIgniter\Debug\Exceptions->errorHandler(8, 'Undefined varia...', 'C:\\xampp\\htdocs...', 75, Array)
#1 C:\xampp\htdocs\www\Nesti_CodeIngniterdebug\app\Controllers\UserController.php(41): App\Controllers\UserController::setLoggedInUser(Object(App\Entities\Users), '123')
#2 C:\xampp\htdocs\www\Nesti_CodeIngniterdebug\system\CodeIgniter.php(936): App\Controllers\UserController->login()
#3 C:\xampp\htdocs\www\Nesti_CodeIngniterdebug\system\CodeIgniter.php(432): CodeIgniter\CodeIgniter->runController(Object(App\Controllers\UserController))
#4 C:\xampp\htdocs\www\Nesti_CodeIngniterdebug\system\CodeIgniter.php(333): CodeIgniter\CodeIgniter->handleRequest(NULL, Object(Config\Cache), false)
#5 C:\xampp\htdocs\www\Nesti_CodeIngniterdebug\public\index.php(44): CodeIgniter\CodeIgniter->run()
#6 {main}
CRITICAL - 2021-05-17 20:23:35 --> syntax error, unexpected '}'
#0 C:\xampp\htdocs\www\Nesti_CodeIngniterdebug\system\Autoloader\Autoloader.php(265): CodeIgniter\Autoloader\Autoloader->includeFile('C:\\xampp\\htdocs...')
#1 C:\xampp\htdocs\www\Nesti_CodeIngniterdebug\system\Autoloader\Autoloader.php(228): CodeIgniter\Autoloader\Autoloader->loadInNamespace('App\\Controllers...')
#2 [internal function]: CodeIgniter\Autoloader\Autoloader->loadClass('App\\Controllers...')
#3 [internal function]: spl_autoload_call('App\\Controllers...')
#4 C:\xampp\htdocs\www\Nesti_CodeIngniterdebug\system\CodeIgniter.php(893): class_exists('\\App\\Controller...', true)
#5 C:\xampp\htdocs\www\Nesti_CodeIngniterdebug\system\CodeIgniter.php(417): CodeIgniter\CodeIgniter->startController()
#6 C:\xampp\htdocs\www\Nesti_CodeIngniterdebug\system\CodeIgniter.php(333): CodeIgniter\CodeIgniter->handleRequest(NULL, Object(Config\Cache), false)
#7 C:\xampp\htdocs\www\Nesti_CodeIngniterdebug\public\index.php(44): CodeIgniter\CodeIgniter->run()
#8 {main}
CRITICAL - 2021-05-17 20:26:03 --> syntax error, unexpected '}'
#0 C:\xampp\htdocs\www\Nesti_CodeIngniterdebug\system\Autoloader\Autoloader.php(265): CodeIgniter\Autoloader\Autoloader->includeFile('C:\\xampp\\htdocs...')
#1 C:\xampp\htdocs\www\Nesti_CodeIngniterdebug\system\Autoloader\Autoloader.php(228): CodeIgniter\Autoloader\Autoloader->loadInNamespace('App\\Controllers...')
#2 [internal function]: CodeIgniter\Autoloader\Autoloader->loadClass('App\\Controllers...')
#3 [internal function]: spl_autoload_call('App\\Controllers...')
#4 C:\xampp\htdocs\www\Nesti_CodeIngniterdebug\system\CodeIgniter.php(893): class_exists('\\App\\Controller...', true)
#5 C:\xampp\htdocs\www\Nesti_CodeIngniterdebug\system\CodeIgniter.php(417): CodeIgniter\CodeIgniter->startController()
#6 C:\xampp\htdocs\www\Nesti_CodeIngniterdebug\system\CodeIgniter.php(333): CodeIgniter\CodeIgniter->handleRequest(NULL, Object(Config\Cache), false)
#7 C:\xampp\htdocs\www\Nesti_CodeIngniterdebug\public\index.php(44): CodeIgniter\CodeIgniter->run()
#8 {main}
CRITICAL - 2021-05-17 20:26:24 --> Too few arguments to function App\Controllers\UserController::setLoggedInUser(), 2 passed in C:\xampp\htdocs\www\Nesti_CodeIngniterdebug\app\Controllers\UserController.php on line 41 and exactly 3 expected
#0 C:\xampp\htdocs\www\Nesti_CodeIngniterdebug\app\Controllers\UserController.php(41): App\Controllers\UserController::setLoggedInUser(Object(App\Entities\Users), '123')
#1 C:\xampp\htdocs\www\Nesti_CodeIngniterdebug\system\CodeIgniter.php(936): App\Controllers\UserController->login()
#2 C:\xampp\htdocs\www\Nesti_CodeIngniterdebug\system\CodeIgniter.php(432): CodeIgniter\CodeIgniter->runController(Object(App\Controllers\UserController))
#3 C:\xampp\htdocs\www\Nesti_CodeIngniterdebug\system\CodeIgniter.php(333): CodeIgniter\CodeIgniter->handleRequest(NULL, Object(Config\Cache), false)
#4 C:\xampp\htdocs\www\Nesti_CodeIngniterdebug\public\index.php(44): CodeIgniter\CodeIgniter->run()
#5 {main}
CRITICAL - 2021-05-17 20:28:11 --> setcookie() expects parameter 2 to be string, array given
#0 [internal function]: CodeIgniter\Debug\Exceptions->errorHandler(2, 'setcookie() exp...', 'C:\\xampp\\htdocs...', 75, Array)
#1 C:\xampp\htdocs\www\Nesti_CodeIngniterdebug\app\Controllers\UserController.php(75): setcookie('password', Array, '123', 2147483647, '/')
#2 C:\xampp\htdocs\www\Nesti_CodeIngniterdebug\app\Controllers\UserController.php(41): App\Controllers\UserController::setLoggedInUser(Object(App\Entities\Users), '123', Array)
#3 C:\xampp\htdocs\www\Nesti_CodeIngniterdebug\system\CodeIgniter.php(936): App\Controllers\UserController->login()
#4 C:\xampp\htdocs\www\Nesti_CodeIngniterdebug\system\CodeIgniter.php(432): CodeIgniter\CodeIgniter->runController(Object(App\Controllers\UserController))
#5 C:\xampp\htdocs\www\Nesti_CodeIngniterdebug\system\CodeIgniter.php(333): CodeIgniter\CodeIgniter->handleRequest(NULL, Object(Config\Cache), false)
#6 C:\xampp\htdocs\www\Nesti_CodeIngniterdebug\public\index.php(44): CodeIgniter\CodeIgniter->run()
#7 {main}
CRITICAL - 2021-05-17 20:30:44 --> setcookie() expects parameter 2 to be string, array given
#0 [internal function]: CodeIgniter\Debug\Exceptions->errorHandler(2, 'setcookie() exp...', 'C:\\xampp\\htdocs...', 75, Array)
#1 C:\xampp\htdocs\www\Nesti_CodeIngniterdebug\app\Controllers\UserController.php(75): setcookie('password', Array, '123', 2147483647, '/')
#2 C:\xampp\htdocs\www\Nesti_CodeIngniterdebug\app\Controllers\UserController.php(41): App\Controllers\UserController::setLoggedInUser(Object(App\Entities\Users), '123', Array)
#3 C:\xampp\htdocs\www\Nesti_CodeIngniterdebug\system\CodeIgniter.php(936): App\Controllers\UserController->login()
#4 C:\xampp\htdocs\www\Nesti_CodeIngniterdebug\system\CodeIgniter.php(432): CodeIgniter\CodeIgniter->runController(Object(App\Controllers\UserController))
#5 C:\xampp\htdocs\www\Nesti_CodeIngniterdebug\system\CodeIgniter.php(333): CodeIgniter\CodeIgniter->handleRequest(NULL, Object(Config\Cache), false)
#6 C:\xampp\htdocs\www\Nesti_CodeIngniterdebug\public\index.php(44): CodeIgniter\CodeIgniter->run()
#7 {main}
CRITICAL - 2021-05-17 20:33:51 --> Call to undefined function App\Controllers\getCartToUser()
#0 C:\xampp\htdocs\www\Nesti_CodeIngniterdebug\system\CodeIgniter.php(936): App\Controllers\UserController->login()
#1 C:\xampp\htdocs\www\Nesti_CodeIngniterdebug\system\CodeIgniter.php(432): CodeIgniter\CodeIgniter->runController(Object(App\Controllers\UserController))
#2 C:\xampp\htdocs\www\Nesti_CodeIngniterdebug\system\CodeIgniter.php(333): CodeIgniter\CodeIgniter->handleRequest(NULL, Object(Config\Cache), false)
#3 C:\xampp\htdocs\www\Nesti_CodeIngniterdebug\public\index.php(44): CodeIgniter\CodeIgniter->run()
#4 {main}
CRITICAL - 2021-05-17 20:35:55 --> Unknown "json_decode" function.
#0 C:\xampp\htdocs\www\Nesti_CodeIngniterdebug\vendor\twig\twig\src\ExpressionParser.php(455): Twig\ExpressionParser->getFunctionNodeClass('json_decode', 14)
#1 C:\xampp\htdocs\www\Nesti_CodeIngniterdebug\vendor\twig\twig\src\ExpressionParser.php(235): Twig\ExpressionParser->getFunctionNode('json_decode', 14)
#2 C:\xampp\htdocs\www\Nesti_CodeIngniterdebug\vendor\twig\twig\src\ExpressionParser.php(175): Twig\ExpressionParser->parsePrimaryExpression()
#3 C:\xampp\htdocs\www\Nesti_CodeIngniterdebug\vendor\twig\twig\src\ExpressionParser.php(70): Twig\ExpressionParser->getPrimary()
#4 C:\xampp\htdocs\www\Nesti_CodeIngniterdebug\vendor\twig\twig\src\ExpressionParser.php(602): Twig\ExpressionParser->parseExpression(0, false)
#5 C:\xampp\htdocs\www\Nesti_CodeIngniterdebug\vendor\twig\twig\src\ExpressionParser.php(454): Twig\ExpressionParser->parseArguments(true)
#6 C:\xampp\htdocs\www\Nesti_CodeIngniterdebug\vendor\twig\twig\src\ExpressionParser.php(235): Twig\ExpressionParser->getFunctionNode('dump', 14)
#7 C:\xampp\htdocs\www\Nesti_CodeIngniterdebug\vendor\twig\twig\src\ExpressionParser.php(175): Twig\ExpressionParser->parsePrimaryExpression()
#8 C:\xampp\htdocs\www\Nesti_CodeIngniterdebug\vendor\twig\twig\src\ExpressionParser.php(70): Twig\ExpressionParser->getPrimary()
#9 C:\xampp\htdocs\www\Nesti_CodeIngniterdebug\vendor\twig\twig\src\Parser.php(128): Twig\ExpressionParser->parseExpression()
#10 C:\xampp\htdocs\www\Nesti_CodeIngniterdebug\vendor\twig\twig\src\TokenParser\IfTokenParser.php(41): Twig\Parser->subparse(Array)
#11 C:\xampp\htdocs\www\Nesti_CodeIngniterdebug\vendor\twig\twig\src\Parser.php(171): Twig\TokenParser\IfTokenParser->parse(Object(Twig\Token))
#12 C:\xampp\htdocs\www\Nesti_CodeIngniterdebug\vendor\twig\twig\src\TokenParser\BlockTokenParser.php(47): Twig\Parser->subparse(Array, true)
#13 C:\xampp\htdocs\www\Nesti_CodeIngniterdebug\vendor\twig\twig\src\Parser.php(171): Twig\TokenParser\BlockTokenParser->parse(Object(Twig\Token))
#14 C:\xampp\htdocs\www\Nesti_CodeIngniterdebug\vendor\twig\twig\src\Parser.php(84): Twig\Parser->subparse(NULL, false)
#15 C:\xampp\htdocs\www\Nesti_CodeIngniterdebug\vendor\twig\twig\src\Environment.php(479): Twig\Parser->parse(Object(Twig\TokenStream))
#16 C:\xampp\htdocs\www\Nesti_CodeIngniterdebug\vendor\twig\twig\src\Environment.php(507): Twig\Environment->parse(Object(Twig\TokenStream))
#17 C:\xampp\htdocs\www\Nesti_CodeIngniterdebug\vendor\twig\twig\src\Environment.php(348): Twig\Environment->compileSource(Object(Twig\Source))
#18 C:\xampp\htdocs\www\Nesti_CodeIngniterdebug\vendor\twig\twig\src\Environment.php(309): Twig\Environment->loadTemplate('__TwigTemplate_...', 'templates/intro...')
#19 C:\xampp\htdocs\www\Nesti_CodeIngniterdebug\vendor\twig\twig\src\Environment.php(277): Twig\Environment->load('templates/intro...')
#20 C:\xampp\htdocs\www\Nesti_CodeIngniterdebug\vendor\kenjis\codeigniter-ss-twig\src\CI4Twig\Twig.php(177): Twig\Environment->render('templates/intro...', Array)
#21 C:\xampp\htdocs\www\Nesti_CodeIngniterdebug\vendor\kenjis\codeigniter-ss-twig\src\CI4Twig\Twig.php(156): Kenjis\CI4Twig\Twig->render('templates/intro...', Array)
#22 C:\xampp\htdocs\www\Nesti_CodeIngniterdebug\app\Controllers\UserController.php(43): Kenjis\CI4Twig\Twig->display('templates/intro...', Array)
#23 C:\xampp\htdocs\www\Nesti_CodeIngniterdebug\system\CodeIgniter.php(936): App\Controllers\UserController->login()
#24 C:\xampp\htdocs\www\Nesti_CodeIngniterdebug\system\CodeIgniter.php(432): CodeIgniter\CodeIgniter->runController(Object(App\Controllers\UserController))
#25 C:\xampp\htdocs\www\Nesti_CodeIngniterdebug\system\CodeIgniter.php(333): CodeIgniter\CodeIgniter->handleRequest(NULL, Object(Config\Cache), false)
#26 C:\xampp\htdocs\www\Nesti_CodeIngniterdebug\public\index.php(44): CodeIgniter\CodeIgniter->run()
#27 {main}
CRITICAL - 2021-05-17 20:45:39 --> Argument 2 passed to set_cookie() must be of the type string, null given, called in C:\xampp\htdocs\www\Nesti_CodeIngniterdebug\app\Controllers\UserController.php on line 130
#0 C:\xampp\htdocs\www\Nesti_CodeIngniterdebug\app\Controllers\UserController.php(130): set_cookie('login', NULL, 2147483647, '/')
#1 C:\xampp\htdocs\www\Nesti_CodeIngniterdebug\system\CodeIgniter.php(936): App\Controllers\UserController->logout()
#2 C:\xampp\htdocs\www\Nesti_CodeIngniterdebug\system\CodeIgniter.php(432): CodeIgniter\CodeIgniter->runController(Object(App\Controllers\UserController))
#3 C:\xampp\htdocs\www\Nesti_CodeIngniterdebug\system\CodeIgniter.php(333): CodeIgniter\CodeIgniter->handleRequest(NULL, Object(Config\Cache), false)
#4 C:\xampp\htdocs\www\Nesti_CodeIngniterdebug\public\index.php(44): CodeIgniter\CodeIgniter->run()
#5 {main}
CRITICAL - 2021-05-17 20:46:33 --> Argument 2 passed to set_cookie() must be of the type string, null given, called in C:\xampp\htdocs\www\Nesti_CodeIngniterdebug\app\Controllers\UserController.php on line 131
#0 C:\xampp\htdocs\www\Nesti_CodeIngniterdebug\app\Controllers\UserController.php(131): set_cookie('password', NULL, 2147483647, '/')
#1 C:\xampp\htdocs\www\Nesti_CodeIngniterdebug\system\CodeIgniter.php(936): App\Controllers\UserController->logout()
#2 C:\xampp\htdocs\www\Nesti_CodeIngniterdebug\system\CodeIgniter.php(432): CodeIgniter\CodeIgniter->runController(Object(App\Controllers\UserController))
#3 C:\xampp\htdocs\www\Nesti_CodeIngniterdebug\system\CodeIgniter.php(333): CodeIgniter\CodeIgniter->handleRequest(NULL, Object(Config\Cache), false)
#4 C:\xampp\htdocs\www\Nesti_CodeIngniterdebug\public\index.php(44): CodeIgniter\CodeIgniter->run()
#5 {main}
CRITICAL - 2021-05-17 20:46:44 --> Too few arguments to function App\Controllers\UserController::setLoggedInUser(), 1 passed in C:\xampp\htdocs\www\Nesti_CodeIngniterdebug\app\Controllers\UserController.php on line 132 and exactly 3 expected
#0 C:\xampp\htdocs\www\Nesti_CodeIngniterdebug\app\Controllers\UserController.php(132): App\Controllers\UserController::setLoggedInUser(NULL)
#1 C:\xampp\htdocs\www\Nesti_CodeIngniterdebug\system\CodeIgniter.php(936): App\Controllers\UserController->logout()
#2 C:\xampp\htdocs\www\Nesti_CodeIngniterdebug\system\CodeIgniter.php(432): CodeIgniter\CodeIgniter->runController(Object(App\Controllers\UserController))
#3 C:\xampp\htdocs\www\Nesti_CodeIngniterdebug\system\CodeIgniter.php(333): CodeIgniter\CodeIgniter->handleRequest(NULL, Object(Config\Cache), false)
#4 C:\xampp\htdocs\www\Nesti_CodeIngniterdebug\public\index.php(44): CodeIgniter\CodeIgniter->run()
#5 {main}
CRITICAL - 2021-05-17 20:50:56 --> Call to a member function isPassword() on null
#0 C:\xampp\htdocs\www\Nesti_CodeIngniterdebug\system\CodeIgniter.php(936): App\Controllers\UserController->login()
#1 C:\xampp\htdocs\www\Nesti_CodeIngniterdebug\system\CodeIgniter.php(432): CodeIgniter\CodeIgniter->runController(Object(App\Controllers\UserController))
#2 C:\xampp\htdocs\www\Nesti_CodeIngniterdebug\system\CodeIgniter.php(333): CodeIgniter\CodeIgniter->handleRequest(NULL, Object(Config\Cache), false)
#3 C:\xampp\htdocs\www\Nesti_CodeIngniterdebug\public\index.php(44): CodeIgniter\CodeIgniter->run()
#4 {main}
CRITICAL - 2021-05-17 20:51:55 --> syntax error, unexpected 'return' (T_RETURN)
#0 C:\xampp\htdocs\www\Nesti_CodeIngniterdebug\system\Autoloader\Autoloader.php(265): CodeIgniter\Autoloader\Autoloader->includeFile('C:\\xampp\\htdocs...')
#1 C:\xampp\htdocs\www\Nesti_CodeIngniterdebug\system\Autoloader\Autoloader.php(228): CodeIgniter\Autoloader\Autoloader->loadInNamespace('App\\Controllers...')
#2 [internal function]: CodeIgniter\Autoloader\Autoloader->loadClass('App\\Controllers...')
#3 [internal function]: spl_autoload_call('App\\Controllers...')
#4 C:\xampp\htdocs\www\Nesti_CodeIngniterdebug\system\CodeIgniter.php(893): class_exists('\\App\\Controller...', true)
#5 C:\xampp\htdocs\www\Nesti_CodeIngniterdebug\system\CodeIgniter.php(417): CodeIgniter\CodeIgniter->startController()
#6 C:\xampp\htdocs\www\Nesti_CodeIngniterdebug\system\CodeIgniter.php(333): CodeIgniter\CodeIgniter->handleRequest(NULL, Object(Config\Cache), false)
#7 C:\xampp\htdocs\www\Nesti_CodeIngniterdebug\public\index.php(44): CodeIgniter\CodeIgniter->run()
#8 {main}
CRITICAL - 2021-05-17 20:52:37 --> Call to undefined function App\Controllers\getcookie()
#0 C:\xampp\htdocs\www\Nesti_CodeIngniterdebug\system\CodeIgniter.php(936): App\Controllers\UserController->login()
#1 C:\xampp\htdocs\www\Nesti_CodeIngniterdebug\system\CodeIgniter.php(432): CodeIgniter\CodeIgniter->runController(Object(App\Controllers\UserController))
#2 C:\xampp\htdocs\www\Nesti_CodeIngniterdebug\system\CodeIgniter.php(333): CodeIgniter\CodeIgniter->handleRequest(NULL, Object(Config\Cache), false)
#3 C:\xampp\htdocs\www\Nesti_CodeIngniterdebug\public\index.php(44): CodeIgniter\CodeIgniter->run()
#4 {main}
CRITICAL - 2021-05-17 20:52:54 --> Call to undefined method App\Controllers\UserController::getcookie()
#0 C:\xampp\htdocs\www\Nesti_CodeIngniterdebug\system\CodeIgniter.php(936): App\Controllers\UserController->login()
#1 C:\xampp\htdocs\www\Nesti_CodeIngniterdebug\system\CodeIgniter.php(432): CodeIgniter\CodeIgniter->runController(Object(App\Controllers\UserController))
#2 C:\xampp\htdocs\www\Nesti_CodeIngniterdebug\system\CodeIgniter.php(333): CodeIgniter\CodeIgniter->handleRequest(NULL, Object(Config\Cache), false)
#3 C:\xampp\htdocs\www\Nesti_CodeIngniterdebug\public\index.php(44): CodeIgniter\CodeIgniter->run()
#4 {main}
CRITICAL - 2021-05-17 20:53:15 --> Call to undefined method App\Controllers\UserController::get_cookie()
#0 C:\xampp\htdocs\www\Nesti_CodeIngniterdebug\system\CodeIgniter.php(936): App\Controllers\UserController->login()
#1 C:\xampp\htdocs\www\Nesti_CodeIngniterdebug\system\CodeIgniter.php(432): CodeIgniter\CodeIgniter->runController(Object(App\Controllers\UserController))
#2 C:\xampp\htdocs\www\Nesti_CodeIngniterdebug\system\CodeIgniter.php(333): CodeIgniter\CodeIgniter->handleRequest(NULL, Object(Config\Cache), false)
#3 C:\xampp\htdocs\www\Nesti_CodeIngniterdebug\public\index.php(44): CodeIgniter\CodeIgniter->run()
#4 {main}
CRITICAL - 2021-05-17 20:58:45 --> syntax error, unexpected '[', expecting '('
#0 C:\xampp\htdocs\www\Nesti_CodeIngniterdebug\system\Autoloader\Autoloader.php(265): CodeIgniter\Autoloader\Autoloader->includeFile('C:\\xampp\\htdocs...')
#1 C:\xampp\htdocs\www\Nesti_CodeIngniterdebug\system\Autoloader\Autoloader.php(228): CodeIgniter\Autoloader\Autoloader->loadInNamespace('App\\Controllers...')
#2 [internal function]: CodeIgniter\Autoloader\Autoloader->loadClass('App\\Controllers...')
#3 [internal function]: spl_autoload_call('App\\Controllers...')
#4 C:\xampp\htdocs\www\Nesti_CodeIngniterdebug\system\CodeIgniter.php(893): class_exists('\\App\\Controller...', true)
#5 C:\xampp\htdocs\www\Nesti_CodeIngniterdebug\system\CodeIgniter.php(417): CodeIgniter\CodeIgniter->startController()
#6 C:\xampp\htdocs\www\Nesti_CodeIngniterdebug\system\CodeIgniter.php(333): CodeIgniter\CodeIgniter->handleRequest(NULL, Object(Config\Cache), false)
#7 C:\xampp\htdocs\www\Nesti_CodeIngniterdebug\public\index.php(44): CodeIgniter\CodeIgniter->run()
#8 {main}
CRITICAL - 2021-05-17 21:01:14 --> Argument 2 passed to set_cookie() must be of the type string, null given, called in C:\xampp\htdocs\www\Nesti_CodeIngniterdebug\app\Controllers\UserController.php on line 131
#0 C:\xampp\htdocs\www\Nesti_CodeIngniterdebug\app\Controllers\UserController.php(131): set_cookie('login', NULL, 2147483647, '/')
#1 C:\xampp\htdocs\www\Nesti_CodeIngniterdebug\system\CodeIgniter.php(936): App\Controllers\UserController->logout()
#2 C:\xampp\htdocs\www\Nesti_CodeIngniterdebug\system\CodeIgniter.php(432): CodeIgniter\CodeIgniter->runController(Object(App\Controllers\UserController))
#3 C:\xampp\htdocs\www\Nesti_CodeIngniterdebug\system\CodeIgniter.php(333): CodeIgniter\CodeIgniter->handleRequest(NULL, Object(Config\Cache), false)
#4 C:\xampp\htdocs\www\Nesti_CodeIngniterdebug\public\index.php(44): CodeIgniter\CodeIgniter->run()
#5 {main}
CRITICAL - 2021-05-17 21:04:25 --> Call to undefined function App\Controllers\getcookie()
#0 C:\xampp\htdocs\www\Nesti_CodeIngniterdebug\app\Controllers\UserController.php(133): App\Controllers\UserController::getCartToUser()
#1 C:\xampp\htdocs\www\Nesti_CodeIngniterdebug\system\CodeIgniter.php(936): App\Controllers\UserController->logout()
#2 C:\xampp\htdocs\www\Nesti_CodeIngniterdebug\system\CodeIgniter.php(432): CodeIgniter\CodeIgniter->runController(Object(App\Controllers\UserController))
#3 C:\xampp\htdocs\www\Nesti_CodeIngniterdebug\system\CodeIgniter.php(333): CodeIgniter\CodeIgniter->handleRequest(NULL, Object(Config\Cache), false)
#4 C:\xampp\htdocs\www\Nesti_CodeIngniterdebug\public\index.php(44): CodeIgniter\CodeIgniter->run()
#5 {main}
CRITICAL - 2021-05-17 21:04:57 --> Undefined variable: cart
#0 C:\xampp\htdocs\www\Nesti_CodeIngniterdebug\app\Controllers\UserController.php(156): CodeIgniter\Debug\Exceptions->errorHandler(8, 'Undefined varia...', 'C:\\xampp\\htdocs...', 156, Array)
#1 C:\xampp\htdocs\www\Nesti_CodeIngniterdebug\app\Controllers\UserController.php(133): App\Controllers\UserController::getCartToUser()
#2 C:\xampp\htdocs\www\Nesti_CodeIngniterdebug\system\CodeIgniter.php(936): App\Controllers\UserController->logout()
#3 C:\xampp\htdocs\www\Nesti_CodeIngniterdebug\system\CodeIgniter.php(432): CodeIgniter\CodeIgniter->runController(Object(App\Controllers\UserController))
#4 C:\xampp\htdocs\www\Nesti_CodeIngniterdebug\system\CodeIgniter.php(333): CodeIgniter\CodeIgniter->handleRequest(NULL, Object(Config\Cache), false)
#5 C:\xampp\htdocs\www\Nesti_CodeIngniterdebug\public\index.php(44): CodeIgniter\CodeIgniter->run()
#6 {main}
CRITICAL - 2021-05-17 21:05:34 --> Argument 2 passed to get_cookie() must be of the type bool, array given, called in C:\xampp\htdocs\www\Nesti_CodeIngniterdebug\app\Controllers\UserController.php on line 156
#0 C:\xampp\htdocs\www\Nesti_CodeIngniterdebug\app\Controllers\UserController.php(156): get_cookie('cart', Array, 2147483647, '/')
#1 C:\xampp\htdocs\www\Nesti_CodeIngniterdebug\app\Controllers\UserController.php(133): App\Controllers\UserController::getCartToUser()
#2 C:\xampp\htdocs\www\Nesti_CodeIngniterdebug\system\CodeIgniter.php(936): App\Controllers\UserController->logout()
#3 C:\xampp\htdocs\www\Nesti_CodeIngniterdebug\system\CodeIgniter.php(432): CodeIgniter\CodeIgniter->runController(Object(App\Controllers\UserController))
#4 C:\xampp\htdocs\www\Nesti_CodeIngniterdebug\system\CodeIgniter.php(333): CodeIgniter\CodeIgniter->handleRequest(NULL, Object(Config\Cache), false)
#5 C:\xampp\htdocs\www\Nesti_CodeIngniterdebug\public\index.php(44): CodeIgniter\CodeIgniter->run()
#6 {main}
CRITICAL - 2021-05-17 21:07:24 --> syntax error, unexpected ';', expecting ')'
#0 C:\xampp\htdocs\www\Nesti_CodeIngniterdebug\system\Autoloader\Autoloader.php(265): CodeIgniter\Autoloader\Autoloader->includeFile('C:\\xampp\\htdocs...')
#1 C:\xampp\htdocs\www\Nesti_CodeIngniterdebug\system\Autoloader\Autoloader.php(228): CodeIgniter\Autoloader\Autoloader->loadInNamespace('App\\Controllers...')
#2 [internal function]: CodeIgniter\Autoloader\Autoloader->loadClass('App\\Controllers...')
#3 [internal function]: spl_autoload_call('App\\Controllers...')
#4 C:\xampp\htdocs\www\Nesti_CodeIngniterdebug\system\CodeIgniter.php(893): class_exists('\\App\\Controller...', true)
#5 C:\xampp\htdocs\www\Nesti_CodeIngniterdebug\system\CodeIgniter.php(417): CodeIgniter\CodeIgniter->startController()
#6 C:\xampp\htdocs\www\Nesti_CodeIngniterdebug\system\CodeIgniter.php(333): CodeIgniter\CodeIgniter->handleRequest(NULL, Object(Config\Cache), false)
#7 C:\xampp\htdocs\www\Nesti_CodeIngniterdebug\public\index.php(44): CodeIgniter\CodeIgniter->run()
#8 {main}
CRITICAL - 2021-05-17 21:10:30 --> Call to undefined function App\Controllers\encrypt()
#0 C:\xampp\htdocs\www\Nesti_CodeIngniterdebug\app\Controllers\UserController.php(41): App\Controllers\UserController::setLoggedInUser(Object(App\Entities\Users), '123', Array)
#1 C:\xampp\htdocs\www\Nesti_CodeIngniterdebug\system\CodeIgniter.php(936): App\Controllers\UserController->login()
#2 C:\xampp\htdocs\www\Nesti_CodeIngniterdebug\system\CodeIgniter.php(432): CodeIgniter\CodeIgniter->runController(Object(App\Controllers\UserController))
#3 C:\xampp\htdocs\www\Nesti_CodeIngniterdebug\system\CodeIgniter.php(333): CodeIgniter\CodeIgniter->handleRequest(NULL, Object(Config\Cache), false)
#4 C:\xampp\htdocs\www\Nesti_CodeIngniterdebug\public\index.php(44): CodeIgniter\CodeIgniter->run()
#5 {main}
CRITICAL - 2021-05-17 21:13:21 --> Using $this when not in object context
#0 C:\xampp\htdocs\www\Nesti_CodeIngniterdebug\app\Controllers\UserController.php(41): App\Controllers\UserController::setLoggedInUser(Object(App\Entities\Users), '123', Array)
#1 C:\xampp\htdocs\www\Nesti_CodeIngniterdebug\system\CodeIgniter.php(936): App\Controllers\UserController->login()
#2 C:\xampp\htdocs\www\Nesti_CodeIngniterdebug\system\CodeIgniter.php(432): CodeIgniter\CodeIgniter->runController(Object(App\Controllers\UserController))
#3 C:\xampp\htdocs\www\Nesti_CodeIngniterdebug\system\CodeIgniter.php(333): CodeIgniter\CodeIgniter->handleRequest(NULL, Object(Config\Cache), false)
#4 C:\xampp\htdocs\www\Nesti_CodeIngniterdebug\public\index.php(44): CodeIgniter\CodeIgniter->run()
#5 {main}
CRITICAL - 2021-05-17 21:13:50 --> syntax error, unexpected '->' (T_OBJECT_OPERATOR)
#0 C:\xampp\htdocs\www\Nesti_CodeIngniterdebug\system\Autoloader\Autoloader.php(265): CodeIgniter\Autoloader\Autoloader->includeFile('C:\\xampp\\htdocs...')
#1 C:\xampp\htdocs\www\Nesti_CodeIngniterdebug\system\Autoloader\Autoloader.php(228): CodeIgniter\Autoloader\Autoloader->loadInNamespace('App\\Controllers...')
#2 [internal function]: CodeIgniter\Autoloader\Autoloader->loadClass('App\\Controllers...')
#3 [internal function]: spl_autoload_call('App\\Controllers...')
#4 C:\xampp\htdocs\www\Nesti_CodeIngniterdebug\system\CodeIgniter.php(893): class_exists('\\App\\Controller...', true)
#5 C:\xampp\htdocs\www\Nesti_CodeIngniterdebug\system\CodeIgniter.php(417): CodeIgniter\CodeIgniter->startController()
#6 C:\xampp\htdocs\www\Nesti_CodeIngniterdebug\system\CodeIgniter.php(333): CodeIgniter\CodeIgniter->handleRequest(NULL, Object(Config\Cache), false)
#7 C:\xampp\htdocs\www\Nesti_CodeIngniterdebug\public\index.php(44): CodeIgniter\CodeIgniter->run()
#8 {main}
CRITICAL - 2021-05-17 21:14:11 --> syntax error, unexpected '->' (T_OBJECT_OPERATOR)
#0 C:\xampp\htdocs\www\Nesti_CodeIngniterdebug\system\Autoloader\Autoloader.php(265): CodeIgniter\Autoloader\Autoloader->includeFile('C:\\xampp\\htdocs...')
#1 C:\xampp\htdocs\www\Nesti_CodeIngniterdebug\system\Autoloader\Autoloader.php(228): CodeIgniter\Autoloader\Autoloader->loadInNamespace('App\\Controllers...')
#2 [internal function]: CodeIgniter\Autoloader\Autoloader->loadClass('App\\Controllers...')
#3 [internal function]: spl_autoload_call('App\\Controllers...')
#4 C:\xampp\htdocs\www\Nesti_CodeIngniterdebug\system\CodeIgniter.php(893): class_exists('\\App\\Controller...', true)
#5 C:\xampp\htdocs\www\Nesti_CodeIngniterdebug\system\CodeIgniter.php(417): CodeIgniter\CodeIgniter->startController()
#6 C:\xampp\htdocs\www\Nesti_CodeIngniterdebug\system\CodeIgniter.php(333): CodeIgniter\CodeIgniter->handleRequest(NULL, Object(Config\Cache), false)
#7 C:\xampp\htdocs\www\Nesti_CodeIngniterdebug\public\index.php(44): CodeIgniter\CodeIgniter->run()
#8 {main}
CRITICAL - 2021-05-17 21:14:16 --> syntax error, unexpected '->' (T_OBJECT_OPERATOR)
#0 C:\xampp\htdocs\www\Nesti_CodeIngniterdebug\system\Autoloader\Autoloader.php(265): CodeIgniter\Autoloader\Autoloader->includeFile('C:\\xampp\\htdocs...')
#1 C:\xampp\htdocs\www\Nesti_CodeIngniterdebug\system\Autoloader\Autoloader.php(228): CodeIgniter\Autoloader\Autoloader->loadInNamespace('App\\Controllers...')
#2 [internal function]: CodeIgniter\Autoloader\Autoloader->loadClass('App\\Controllers...')
#3 [internal function]: spl_autoload_call('App\\Controllers...')
#4 C:\xampp\htdocs\www\Nesti_CodeIngniterdebug\system\CodeIgniter.php(893): class_exists('\\App\\Controller...', true)
#5 C:\xampp\htdocs\www\Nesti_CodeIngniterdebug\system\CodeIgniter.php(417): CodeIgniter\CodeIgniter->startController()
#6 C:\xampp\htdocs\www\Nesti_CodeIngniterdebug\system\CodeIgniter.php(333): CodeIgniter\CodeIgniter->handleRequest(NULL, Object(Config\Cache), false)
#7 C:\xampp\htdocs\www\Nesti_CodeIngniterdebug\public\index.php(44): CodeIgniter\CodeIgniter->run()
#8 {main}
CRITICAL - 2021-05-17 21:15:47 --> Call to undefined function App\Controllers\encode_from_legacy()
#0 C:\xampp\htdocs\www\Nesti_CodeIngniterdebug\app\Controllers\UserController.php(41): App\Controllers\UserController::setLoggedInUser(Object(App\Entities\Users), '123', Array)
#1 C:\xampp\htdocs\www\Nesti_CodeIngniterdebug\system\CodeIgniter.php(936): App\Controllers\UserController->login()
#2 C:\xampp\htdocs\www\Nesti_CodeIngniterdebug\system\CodeIgniter.php(432): CodeIgniter\CodeIgniter->runController(Object(App\Controllers\UserController))
#3 C:\xampp\htdocs\www\Nesti_CodeIngniterdebug\system\CodeIgniter.php(333): CodeIgniter\CodeIgniter->handleRequest(NULL, Object(Config\Cache), false)
#4 C:\xampp\htdocs\www\Nesti_CodeIngniterdebug\public\index.php(44): CodeIgniter\CodeIgniter->run()
#5 {main}
CRITICAL - 2021-05-17 21:16:14 --> Call to undefined function App\Controllers\encode_from_legacy()
#0 C:\xampp\htdocs\www\Nesti_CodeIngniterdebug\app\Controllers\UserController.php(41): App\Controllers\UserController::setLoggedInUser(Object(App\Entities\Users), '123', Array)
#1 C:\xampp\htdocs\www\Nesti_CodeIngniterdebug\system\CodeIgniter.php(936): App\Controllers\UserController->login()
#2 C:\xampp\htdocs\www\Nesti_CodeIngniterdebug\system\CodeIgniter.php(432): CodeIgniter\CodeIgniter->runController(Object(App\Controllers\UserController))
#3 C:\xampp\htdocs\www\Nesti_CodeIngniterdebug\system\CodeIgniter.php(333): CodeIgniter\CodeIgniter->handleRequest(NULL, Object(Config\Cache), false)
#4 C:\xampp\htdocs\www\Nesti_CodeIngniterdebug\public\index.php(44): CodeIgniter\CodeIgniter->run()
#5 {main}
CRITICAL - 2021-05-17 21:17:05 --> Using $this when not in object context
#0 C:\xampp\htdocs\www\Nesti_CodeIngniterdebug\app\Controllers\UserController.php(41): App\Controllers\UserController::setLoggedInUser(Object(App\Entities\Users), '123', Array)
#1 C:\xampp\htdocs\www\Nesti_CodeIngniterdebug\system\CodeIgniter.php(936): App\Controllers\UserController->login()
#2 C:\xampp\htdocs\www\Nesti_CodeIngniterdebug\system\CodeIgniter.php(432): CodeIgniter\CodeIgniter->runController(Object(App\Controllers\UserController))
#3 C:\xampp\htdocs\www\Nesti_CodeIngniterdebug\system\CodeIgniter.php(333): CodeIgniter\CodeIgniter->handleRequest(NULL, Object(Config\Cache), false)
#4 C:\xampp\htdocs\www\Nesti_CodeIngniterdebug\public\index.php(44): CodeIgniter\CodeIgniter->run()
#5 {main}
CRITICAL - 2021-05-17 21:17:24 --> syntax error, unexpected '->' (T_OBJECT_OPERATOR)
#0 C:\xampp\htdocs\www\Nesti_CodeIngniterdebug\system\Autoloader\Autoloader.php(265): CodeIgniter\Autoloader\Autoloader->includeFile('C:\\xampp\\htdocs...')
#1 C:\xampp\htdocs\www\Nesti_CodeIngniterdebug\system\Autoloader\Autoloader.php(228): CodeIgniter\Autoloader\Autoloader->loadInNamespace('App\\Controllers...')
#2 [internal function]: CodeIgniter\Autoloader\Autoloader->loadClass('App\\Controllers...')
#3 [internal function]: spl_autoload_call('App\\Controllers...')
#4 C:\xampp\htdocs\www\Nesti_CodeIngniterdebug\system\CodeIgniter.php(893): class_exists('\\App\\Controller...', true)
#5 C:\xampp\htdocs\www\Nesti_CodeIngniterdebug\system\CodeIgniter.php(417): CodeIgniter\CodeIgniter->startController()
#6 C:\xampp\htdocs\www\Nesti_CodeIngniterdebug\system\CodeIgniter.php(333): CodeIgniter\CodeIgniter->handleRequest(NULL, Object(Config\Cache), false)
#7 C:\xampp\htdocs\www\Nesti_CodeIngniterdebug\public\index.php(44): CodeIgniter\CodeIgniter->run()
#8 {main}
CRITICAL - 2021-05-17 21:17:49 --> Call to a member function encode_from_legacy() on null
#0 C:\xampp\htdocs\www\Nesti_CodeIngniterdebug\app\Controllers\UserController.php(41): App\Controllers\UserController::setLoggedInUser(Object(App\Entities\Users), '123', Array)
#1 C:\xampp\htdocs\www\Nesti_CodeIngniterdebug\system\CodeIgniter.php(936): App\Controllers\UserController->login()
#2 C:\xampp\htdocs\www\Nesti_CodeIngniterdebug\system\CodeIgniter.php(432): CodeIgniter\CodeIgniter->runController(Object(App\Controllers\UserController))
#3 C:\xampp\htdocs\www\Nesti_CodeIngniterdebug\system\CodeIgniter.php(333): CodeIgniter\CodeIgniter->handleRequest(NULL, Object(Config\Cache), false)
#4 C:\xampp\htdocs\www\Nesti_CodeIngniterdebug\public\index.php(44): CodeIgniter\CodeIgniter->run()
#5 {main}
CRITICAL - 2021-05-17 21:18:30 --> Call to a member function encode_from_legacy() on null
#0 C:\xampp\htdocs\www\Nesti_CodeIngniterdebug\app\Controllers\UserController.php(41): App\Controllers\UserController::setLoggedInUser(Object(App\Entities\Users), '123', Array)
#1 C:\xampp\htdocs\www\Nesti_CodeIngniterdebug\system\CodeIgniter.php(936): App\Controllers\UserController->login()
#2 C:\xampp\htdocs\www\Nesti_CodeIngniterdebug\system\CodeIgniter.php(432): CodeIgniter\CodeIgniter->runController(Object(App\Controllers\UserController))
#3 C:\xampp\htdocs\www\Nesti_CodeIngniterdebug\system\CodeIgniter.php(333): CodeIgniter\CodeIgniter->handleRequest(NULL, Object(Config\Cache), false)
#4 C:\xampp\htdocs\www\Nesti_CodeIngniterdebug\public\index.php(44): CodeIgniter\CodeIgniter->run()
#5 {main}
CRITICAL - 2021-05-17 21:20:34 --> Call to a member function encode_from_legacy() on null
#0 C:\xampp\htdocs\www\Nesti_CodeIngniterdebug\app\Controllers\UserController.php(41): App\Controllers\UserController::setLoggedInUser(Object(App\Entities\Users), '123', Array)
#1 C:\xampp\htdocs\www\Nesti_CodeIngniterdebug\system\CodeIgniter.php(936): App\Controllers\UserController->login()
#2 C:\xampp\htdocs\www\Nesti_CodeIngniterdebug\system\CodeIgniter.php(432): CodeIgniter\CodeIgniter->runController(Object(App\Controllers\UserController))
#3 C:\xampp\htdocs\www\Nesti_CodeIngniterdebug\system\CodeIgniter.php(333): CodeIgniter\CodeIgniter->handleRequest(NULL, Object(Config\Cache), false)
#4 C:\xampp\htdocs\www\Nesti_CodeIngniterdebug\public\index.php(44): CodeIgniter\CodeIgniter->run()
#5 {main}
CRITICAL - 2021-05-17 21:30:25 --> Call to undefined method App\Controllers\UserController::getcookie()
#0 C:\xampp\htdocs\www\Nesti_CodeIngniterdebug\app\Controllers\UserController.php(42): App\Controllers\UserController::getCartToUser()
#1 C:\xampp\htdocs\www\Nesti_CodeIngniterdebug\system\CodeIgniter.php(936): App\Controllers\UserController->login()
#2 C:\xampp\htdocs\www\Nesti_CodeIngniterdebug\system\CodeIgniter.php(432): CodeIgniter\CodeIgniter->runController(Object(App\Controllers\UserController))
#3 C:\xampp\htdocs\www\Nesti_CodeIngniterdebug\system\CodeIgniter.php(333): CodeIgniter\CodeIgniter->handleRequest(NULL, Object(Config\Cache), false)
#4 C:\xampp\htdocs\www\Nesti_CodeIngniterdebug\public\index.php(44): CodeIgniter\CodeIgniter->run()
#5 {main}
CRITICAL - 2021-05-17 21:34:48 --> Call to undefined method App\Controllers\UserController::getcookie()
#0 C:\xampp\htdocs\www\Nesti_CodeIngniterdebug\app\Controllers\UserController.php(42): App\Controllers\UserController::getCartToUser()
#1 C:\xampp\htdocs\www\Nesti_CodeIngniterdebug\system\CodeIgniter.php(936): App\Controllers\UserController->login()
#2 C:\xampp\htdocs\www\Nesti_CodeIngniterdebug\system\CodeIgniter.php(432): CodeIgniter\CodeIgniter->runController(Object(App\Controllers\UserController))
#3 C:\xampp\htdocs\www\Nesti_CodeIngniterdebug\system\CodeIgniter.php(333): CodeIgniter\CodeIgniter->handleRequest(NULL, Object(Config\Cache), false)
#4 C:\xampp\htdocs\www\Nesti_CodeIngniterdebug\public\index.php(44): CodeIgniter\CodeIgniter->run()
#5 {main}
CRITICAL - 2021-05-17 21:35:46 --> Call to undefined function App\Controllers\getcookie()
#0 C:\xampp\htdocs\www\Nesti_CodeIngniterdebug\app\Controllers\UserController.php(42): App\Controllers\UserController::getCartToUser()
#1 C:\xampp\htdocs\www\Nesti_CodeIngniterdebug\system\CodeIgniter.php(936): App\Controllers\UserController->login()
#2 C:\xampp\htdocs\www\Nesti_CodeIngniterdebug\system\CodeIgniter.php(432): CodeIgniter\CodeIgniter->runController(Object(App\Controllers\UserController))
#3 C:\xampp\htdocs\www\Nesti_CodeIngniterdebug\system\CodeIgniter.php(333): CodeIgniter\CodeIgniter->handleRequest(NULL, Object(Config\Cache), false)
#4 C:\xampp\htdocs\www\Nesti_CodeIngniterdebug\public\index.php(44): CodeIgniter\CodeIgniter->run()
#5 {main}
CRITICAL - 2021-05-17 21:36:06 --> Using $this when not in object context
#0 C:\xampp\htdocs\www\Nesti_CodeIngniterdebug\app\Controllers\UserController.php(42): App\Controllers\UserController::getCartToUser()
#1 C:\xampp\htdocs\www\Nesti_CodeIngniterdebug\system\CodeIgniter.php(936): App\Controllers\UserController->login()
#2 C:\xampp\htdocs\www\Nesti_CodeIngniterdebug\system\CodeIgniter.php(432): CodeIgniter\CodeIgniter->runController(Object(App\Controllers\UserController))
#3 C:\xampp\htdocs\www\Nesti_CodeIngniterdebug\system\CodeIgniter.php(333): CodeIgniter\CodeIgniter->handleRequest(NULL, Object(Config\Cache), false)
#4 C:\xampp\htdocs\www\Nesti_CodeIngniterdebug\public\index.php(44): CodeIgniter\CodeIgniter->run()
#5 {main}
CRITICAL - 2021-05-17 21:41:48 --> Call to undefined method App\Controllers\UserController::getcookie()
#0 C:\xampp\htdocs\www\Nesti_CodeIngniterdebug\app\Controllers\UserController.php(42): App\Controllers\UserController::getCartToUser()
#1 C:\xampp\htdocs\www\Nesti_CodeIngniterdebug\system\CodeIgniter.php(936): App\Controllers\UserController->login()
#2 C:\xampp\htdocs\www\Nesti_CodeIngniterdebug\system\CodeIgniter.php(432): CodeIgniter\CodeIgniter->runController(Object(App\Controllers\UserController))
#3 C:\xampp\htdocs\www\Nesti_CodeIngniterdebug\system\CodeIgniter.php(333): CodeIgniter\CodeIgniter->handleRequest(NULL, Object(Config\Cache), false)
#4 C:\xampp\htdocs\www\Nesti_CodeIngniterdebug\public\index.php(44): CodeIgniter\CodeIgniter->run()
#5 {main}
CRITICAL - 2021-05-17 21:45:03 --> Call to undefined method App\Controllers\UserController::get_cookie()
#0 C:\xampp\htdocs\www\Nesti_CodeIngniterdebug\app\Controllers\UserController.php(42): App\Controllers\UserController::getCartToUser()
#1 C:\xampp\htdocs\www\Nesti_CodeIngniterdebug\system\CodeIgniter.php(936): App\Controllers\UserController->login()
#2 C:\xampp\htdocs\www\Nesti_CodeIngniterdebug\system\CodeIgniter.php(432): CodeIgniter\CodeIgniter->runController(Object(App\Controllers\UserController))
#3 C:\xampp\htdocs\www\Nesti_CodeIngniterdebug\system\CodeIgniter.php(333): CodeIgniter\CodeIgniter->handleRequest(NULL, Object(Config\Cache), false)
#4 C:\xampp\htdocs\www\Nesti_CodeIngniterdebug\public\index.php(44): CodeIgniter\CodeIgniter->run()
#5 {main}
CRITICAL - 2021-05-17 21:45:16 --> Call to undefined method App\Controllers\UserController::get_cookie()
#0 C:\xampp\htdocs\www\Nesti_CodeIngniterdebug\app\Controllers\UserController.php(42): App\Controllers\UserController::getCartToUser()
#1 C:\xampp\htdocs\www\Nesti_CodeIngniterdebug\system\CodeIgniter.php(936): App\Controllers\UserController->login()
#2 C:\xampp\htdocs\www\Nesti_CodeIngniterdebug\system\CodeIgniter.php(432): CodeIgniter\CodeIgniter->runController(Object(App\Controllers\UserController))
#3 C:\xampp\htdocs\www\Nesti_CodeIngniterdebug\system\CodeIgniter.php(333): CodeIgniter\CodeIgniter->handleRequest(NULL, Object(Config\Cache), false)
#4 C:\xampp\htdocs\www\Nesti_CodeIngniterdebug\public\index.php(44): CodeIgniter\CodeIgniter->run()
#5 {main}
