ERROR - 2021-06-06 15:16:42 --> mysqli_sql_exception: Duplicate entry 'Fred' for key 'login' in C:\xampp\htdocs\www\Nesti_CodeIngniterdebug\system\Database\MySQLi\Connection.php:314
Stack trace:
#0 C:\xampp\htdocs\www\Nesti_CodeIngniterdebug\system\Database\MySQLi\Connection.php(314): mysqli->query('INSERT INTO `us...')
#1 C:\xampp\htdocs\www\Nesti_CodeIngniterdebug\system\Database\BaseConnection.php(713): CodeIgniter\Database\MySQLi\Connection->execute('INSERT INTO `us...')
#2 C:\xampp\htdocs\www\Nesti_CodeIngniterdebug\system\Database\BaseConnection.php(641): CodeIgniter\Database\BaseConnection->simpleQuery('INSERT INTO `us...')
#3 C:\xampp\htdocs\www\Nesti_CodeIngniterdebug\system\Database\BaseBuilder.php(2263): CodeIgniter\Database\BaseConnection->query('INSERT INTO `us...', Array, false)
#4 C:\xampp\htdocs\www\Nesti_CodeIngniterdebug\system\Model.php(278): CodeIgniter\Database\BaseBuilder->insert()
#5 C:\xampp\htdocs\www\Nesti_CodeIngniterdebug\system\BaseModel.php(758): CodeIgniter\Model->doInsert(Array)
#6 C:\xampp\htdocs\www\Nesti_CodeIngniterdebug\system\Model.php(705): CodeIgniter\BaseModel->insert(Array, true)
#7 C:\xampp\htdocs\www\Nesti_CodeIngniterdebug\app\Controllers\UserController.php(153): CodeIgniter\Model->insert(Array)
#8 C:\xampp\htdocs\www\Nesti_CodeIngniterdebug\system\CodeIgniter.php(936): App\Controllers\UserController->register()
#9 C:\xampp\htdocs\www\Nesti_CodeIngniterdebug\system\CodeIgniter.php(432): CodeIgniter\CodeIgniter->runController(Object(App\Controllers\UserController))
#10 C:\xampp\htdocs\www\Nesti_CodeIngniterdebug\system\CodeIgniter.php(333): CodeIgniter\CodeIgniter->handleRequest(NULL, Object(Config\Cache), false)
#11 C:\xampp\htdocs\www\Nesti_CodeIngniterdebug\public\index.php(44): CodeIgniter\CodeIgniter->run()
#12 {main}
CRITICAL - 2021-06-06 15:16:42 --> Duplicate entry 'Fred' for key 'login'
#0 C:\xampp\htdocs\www\Nesti_CodeIngniterdebug\system\Database\MySQLi\Connection.php(314): mysqli->query('INSERT INTO `us...')
#1 C:\xampp\htdocs\www\Nesti_CodeIngniterdebug\system\Database\BaseConnection.php(713): CodeIgniter\Database\MySQLi\Connection->execute('INSERT INTO `us...')
#2 C:\xampp\htdocs\www\Nesti_CodeIngniterdebug\system\Database\BaseConnection.php(641): CodeIgniter\Database\BaseConnection->simpleQuery('INSERT INTO `us...')
#3 C:\xampp\htdocs\www\Nesti_CodeIngniterdebug\system\Database\BaseBuilder.php(2263): CodeIgniter\Database\BaseConnection->query('INSERT INTO `us...', Array, false)
#4 C:\xampp\htdocs\www\Nesti_CodeIngniterdebug\system\Model.php(278): CodeIgniter\Database\BaseBuilder->insert()
#5 C:\xampp\htdocs\www\Nesti_CodeIngniterdebug\system\BaseModel.php(758): CodeIgniter\Model->doInsert(Array)
#6 C:\xampp\htdocs\www\Nesti_CodeIngniterdebug\system\Model.php(705): CodeIgniter\BaseModel->insert(Array, true)
#7 C:\xampp\htdocs\www\Nesti_CodeIngniterdebug\app\Controllers\UserController.php(153): CodeIgniter\Model->insert(Array)
#8 C:\xampp\htdocs\www\Nesti_CodeIngniterdebug\system\CodeIgniter.php(936): App\Controllers\UserController->register()
#9 C:\xampp\htdocs\www\Nesti_CodeIngniterdebug\system\CodeIgniter.php(432): CodeIgniter\CodeIgniter->runController(Object(App\Controllers\UserController))
#10 C:\xampp\htdocs\www\Nesti_CodeIngniterdebug\system\CodeIgniter.php(333): CodeIgniter\CodeIgniter->handleRequest(NULL, Object(Config\Cache), false)
#11 C:\xampp\htdocs\www\Nesti_CodeIngniterdebug\public\index.php(44): CodeIgniter\CodeIgniter->run()
#12 {main}
CRITICAL - 2021-06-06 18:01:59 --> Decrypting: authentication failed.
#0 C:\xampp\htdocs\www\Nesti_CodeIngniterdebug\system\Encryption\Handlers\OpenSSLHandler.php(118): CodeIgniter\Encryption\Exceptions\EncryptionException::forAuthenticationFailed()
#1 C:\xampp\htdocs\www\Nesti_CodeIngniterdebug\app\Controllers\UserController.php(50): CodeIgniter\Encryption\Handlers\OpenSSLHandler->decrypt('')
#2 C:\xampp\htdocs\www\Nesti_CodeIngniterdebug\system\CodeIgniter.php(936): App\Controllers\UserController->login()
#3 C:\xampp\htdocs\www\Nesti_CodeIngniterdebug\system\CodeIgniter.php(432): CodeIgniter\CodeIgniter->runController(Object(App\Controllers\UserController))
#4 C:\xampp\htdocs\www\Nesti_CodeIngniterdebug\system\CodeIgniter.php(333): CodeIgniter\CodeIgniter->handleRequest(NULL, Object(Config\Cache), false)
#5 C:\xampp\htdocs\www\Nesti_CodeIngniterdebug\public\index.php(44): CodeIgniter\CodeIgniter->run()
#6 {main}
CRITICAL - 2021-06-06 18:02:16 --> Decrypting: authentication failed.
#0 C:\xampp\htdocs\www\Nesti_CodeIngniterdebug\system\Encryption\Handlers\OpenSSLHandler.php(118): CodeIgniter\Encryption\Exceptions\EncryptionException::forAuthenticationFailed()
#1 C:\xampp\htdocs\www\Nesti_CodeIngniterdebug\app\Controllers\UserController.php(53): CodeIgniter\Encryption\Handlers\OpenSSLHandler->decrypt('')
#2 C:\xampp\htdocs\www\Nesti_CodeIngniterdebug\system\CodeIgniter.php(936): App\Controllers\UserController->login()
#3 C:\xampp\htdocs\www\Nesti_CodeIngniterdebug\system\CodeIgniter.php(432): CodeIgniter\CodeIgniter->runController(Object(App\Controllers\UserController))
#4 C:\xampp\htdocs\www\Nesti_CodeIngniterdebug\system\CodeIgniter.php(333): CodeIgniter\CodeIgniter->handleRequest(NULL, Object(Config\Cache), false)
#5 C:\xampp\htdocs\www\Nesti_CodeIngniterdebug\public\index.php(44): CodeIgniter\CodeIgniter->run()
#6 {main}
CRITICAL - 2021-06-06 18:23:09 --> Decrypting: authentication failed.
#0 C:\xampp\htdocs\www\Nesti_CodeIngniterdebug\system\Encryption\Handlers\OpenSSLHandler.php(118): CodeIgniter\Encryption\Exceptions\EncryptionException::forAuthenticationFailed()
#1 C:\xampp\htdocs\www\Nesti_CodeIngniterdebug\app\Controllers\UserController.php(54): CodeIgniter\Encryption\Handlers\OpenSSLHandler->decrypt('')
#2 C:\xampp\htdocs\www\Nesti_CodeIngniterdebug\system\CodeIgniter.php(936): App\Controllers\UserController->login()
#3 C:\xampp\htdocs\www\Nesti_CodeIngniterdebug\system\CodeIgniter.php(432): CodeIgniter\CodeIgniter->runController(Object(App\Controllers\UserController))
#4 C:\xampp\htdocs\www\Nesti_CodeIngniterdebug\system\CodeIgniter.php(333): CodeIgniter\CodeIgniter->handleRequest(NULL, Object(Config\Cache), false)
#5 C:\xampp\htdocs\www\Nesti_CodeIngniterdebug\public\index.php(44): CodeIgniter\CodeIgniter->run()
#6 {main}
CRITICAL - 2021-06-06 18:23:27 --> Decrypting: authentication failed.
#0 C:\xampp\htdocs\www\Nesti_CodeIngniterdebug\system\Encryption\Handlers\OpenSSLHandler.php(118): CodeIgniter\Encryption\Exceptions\EncryptionException::forAuthenticationFailed()
#1 C:\xampp\htdocs\www\Nesti_CodeIngniterdebug\app\Controllers\UserController.php(54): CodeIgniter\Encryption\Handlers\OpenSSLHandler->decrypt('')
#2 C:\xampp\htdocs\www\Nesti_CodeIngniterdebug\system\CodeIgniter.php(936): App\Controllers\UserController->login()
#3 C:\xampp\htdocs\www\Nesti_CodeIngniterdebug\system\CodeIgniter.php(432): CodeIgniter\CodeIgniter->runController(Object(App\Controllers\UserController))
#4 C:\xampp\htdocs\www\Nesti_CodeIngniterdebug\system\CodeIgniter.php(333): CodeIgniter\CodeIgniter->handleRequest(NULL, Object(Config\Cache), false)
#5 C:\xampp\htdocs\www\Nesti_CodeIngniterdebug\public\index.php(44): CodeIgniter\CodeIgniter->run()
#6 {main}
CRITICAL - 2021-06-06 18:23:52 --> Decrypting: authentication failed.
#0 C:\xampp\htdocs\www\Nesti_CodeIngniterdebug\system\Encryption\Handlers\OpenSSLHandler.php(118): CodeIgniter\Encryption\Exceptions\EncryptionException::forAuthenticationFailed()
#1 C:\xampp\htdocs\www\Nesti_CodeIngniterdebug\app\Controllers\UserController.php(54): CodeIgniter\Encryption\Handlers\OpenSSLHandler->decrypt('')
#2 C:\xampp\htdocs\www\Nesti_CodeIngniterdebug\system\CodeIgniter.php(936): App\Controllers\UserController->login()
#3 C:\xampp\htdocs\www\Nesti_CodeIngniterdebug\system\CodeIgniter.php(432): CodeIgniter\CodeIgniter->runController(Object(App\Controllers\UserController))
#4 C:\xampp\htdocs\www\Nesti_CodeIngniterdebug\system\CodeIgniter.php(333): CodeIgniter\CodeIgniter->handleRequest(NULL, Object(Config\Cache), false)
#5 C:\xampp\htdocs\www\Nesti_CodeIngniterdebug\public\index.php(44): CodeIgniter\CodeIgniter->run()
#6 {main}
CRITICAL - 2021-06-06 18:25:34 --> Decrypting: authentication failed.
#0 C:\xampp\htdocs\www\Nesti_CodeIngniterdebug\system\Encryption\Handlers\OpenSSLHandler.php(118): CodeIgniter\Encryption\Exceptions\EncryptionException::forAuthenticationFailed()
#1 C:\xampp\htdocs\www\Nesti_CodeIngniterdebug\app\Controllers\UserController.php(54): CodeIgniter\Encryption\Handlers\OpenSSLHandler->decrypt('')
#2 C:\xampp\htdocs\www\Nesti_CodeIngniterdebug\system\CodeIgniter.php(936): App\Controllers\UserController->login()
#3 C:\xampp\htdocs\www\Nesti_CodeIngniterdebug\system\CodeIgniter.php(432): CodeIgniter\CodeIgniter->runController(Object(App\Controllers\UserController))
#4 C:\xampp\htdocs\www\Nesti_CodeIngniterdebug\system\CodeIgniter.php(333): CodeIgniter\CodeIgniter->handleRequest(NULL, Object(Config\Cache), false)
#5 C:\xampp\htdocs\www\Nesti_CodeIngniterdebug\public\index.php(44): CodeIgniter\CodeIgniter->run()
#6 {main}
CRITICAL - 2021-06-06 18:25:52 --> Decrypting: authentication failed.
#0 C:\xampp\htdocs\www\Nesti_CodeIngniterdebug\system\Encryption\Handlers\OpenSSLHandler.php(118): CodeIgniter\Encryption\Exceptions\EncryptionException::forAuthenticationFailed()
#1 C:\xampp\htdocs\www\Nesti_CodeIngniterdebug\app\Controllers\UserController.php(54): CodeIgniter\Encryption\Handlers\OpenSSLHandler->decrypt('')
#2 C:\xampp\htdocs\www\Nesti_CodeIngniterdebug\system\CodeIgniter.php(936): App\Controllers\UserController->login()
#3 C:\xampp\htdocs\www\Nesti_CodeIngniterdebug\system\CodeIgniter.php(432): CodeIgniter\CodeIgniter->runController(Object(App\Controllers\UserController))
#4 C:\xampp\htdocs\www\Nesti_CodeIngniterdebug\system\CodeIgniter.php(333): CodeIgniter\CodeIgniter->handleRequest(NULL, Object(Config\Cache), false)
#5 C:\xampp\htdocs\www\Nesti_CodeIngniterdebug\public\index.php(44): CodeIgniter\CodeIgniter->run()
#6 {main}
CRITICAL - 2021-06-06 18:26:31 --> Decrypting: authentication failed.
#0 C:\xampp\htdocs\www\Nesti_CodeIngniterdebug\system\Encryption\Handlers\OpenSSLHandler.php(118): CodeIgniter\Encryption\Exceptions\EncryptionException::forAuthenticationFailed()
#1 C:\xampp\htdocs\www\Nesti_CodeIngniterdebug\app\Controllers\UserController.php(55): CodeIgniter\Encryption\Handlers\OpenSSLHandler->decrypt('')
#2 C:\xampp\htdocs\www\Nesti_CodeIngniterdebug\system\CodeIgniter.php(936): App\Controllers\UserController->login()
#3 C:\xampp\htdocs\www\Nesti_CodeIngniterdebug\system\CodeIgniter.php(432): CodeIgniter\CodeIgniter->runController(Object(App\Controllers\UserController))
#4 C:\xampp\htdocs\www\Nesti_CodeIngniterdebug\system\CodeIgniter.php(333): CodeIgniter\CodeIgniter->handleRequest(NULL, Object(Config\Cache), false)
#5 C:\xampp\htdocs\www\Nesti_CodeIngniterdebug\public\index.php(44): CodeIgniter\CodeIgniter->run()
#6 {main}
CRITICAL - 2021-06-06 18:29:10 --> Decrypting: authentication failed.
#0 C:\xampp\htdocs\www\Nesti_CodeIngniterdebug\system\Encryption\Handlers\OpenSSLHandler.php(118): CodeIgniter\Encryption\Exceptions\EncryptionException::forAuthenticationFailed()
#1 C:\xampp\htdocs\www\Nesti_CodeIngniterdebug\app\Controllers\UserController.php(52): CodeIgniter\Encryption\Handlers\OpenSSLHandler->decrypt('')
#2 C:\xampp\htdocs\www\Nesti_CodeIngniterdebug\system\CodeIgniter.php(936): App\Controllers\UserController->login()
#3 C:\xampp\htdocs\www\Nesti_CodeIngniterdebug\system\CodeIgniter.php(432): CodeIgniter\CodeIgniter->runController(Object(App\Controllers\UserController))
#4 C:\xampp\htdocs\www\Nesti_CodeIngniterdebug\system\CodeIgniter.php(333): CodeIgniter\CodeIgniter->handleRequest(NULL, Object(Config\Cache), false)
#5 C:\xampp\htdocs\www\Nesti_CodeIngniterdebug\public\index.php(44): CodeIgniter\CodeIgniter->run()
#6 {main}
CRITICAL - 2021-06-06 18:30:11 --> Decrypting: authentication failed.
#0 C:\xampp\htdocs\www\Nesti_CodeIngniterdebug\system\Encryption\Handlers\OpenSSLHandler.php(118): CodeIgniter\Encryption\Exceptions\EncryptionException::forAuthenticationFailed()
#1 C:\xampp\htdocs\www\Nesti_CodeIngniterdebug\app\Controllers\UserController.php(107): CodeIgniter\Encryption\Handlers\OpenSSLHandler->decrypt('')
#2 C:\xampp\htdocs\www\Nesti_CodeIngniterdebug\app\Controllers\UserController.php(61): App\Controllers\UserController::setLoggedInUser(Object(App\Entities\Users), '123')
#3 C:\xampp\htdocs\www\Nesti_CodeIngniterdebug\system\CodeIgniter.php(936): App\Controllers\UserController->login()
#4 C:\xampp\htdocs\www\Nesti_CodeIngniterdebug\system\CodeIgniter.php(432): CodeIgniter\CodeIgniter->runController(Object(App\Controllers\UserController))
#5 C:\xampp\htdocs\www\Nesti_CodeIngniterdebug\system\CodeIgniter.php(333): CodeIgniter\CodeIgniter->handleRequest(NULL, Object(Config\Cache), false)
#6 C:\xampp\htdocs\www\Nesti_CodeIngniterdebug\public\index.php(44): CodeIgniter\CodeIgniter->run()
#7 {main}
CRITICAL - 2021-06-06 18:30:27 --> Decrypting: authentication failed.
#0 C:\xampp\htdocs\www\Nesti_CodeIngniterdebug\system\Encryption\Handlers\OpenSSLHandler.php(118): CodeIgniter\Encryption\Exceptions\EncryptionException::forAuthenticationFailed()
#1 C:\xampp\htdocs\www\Nesti_CodeIngniterdebug\app\Controllers\UserController.php(107): CodeIgniter\Encryption\Handlers\OpenSSLHandler->decrypt('')
#2 C:\xampp\htdocs\www\Nesti_CodeIngniterdebug\app\Controllers\UserController.php(61): App\Controllers\UserController::setLoggedInUser(Object(App\Entities\Users), '123')
#3 C:\xampp\htdocs\www\Nesti_CodeIngniterdebug\system\CodeIgniter.php(936): App\Controllers\UserController->login()
#4 C:\xampp\htdocs\www\Nesti_CodeIngniterdebug\system\CodeIgniter.php(432): CodeIgniter\CodeIgniter->runController(Object(App\Controllers\UserController))
#5 C:\xampp\htdocs\www\Nesti_CodeIngniterdebug\system\CodeIgniter.php(333): CodeIgniter\CodeIgniter->handleRequest(NULL, Object(Config\Cache), false)
#6 C:\xampp\htdocs\www\Nesti_CodeIngniterdebug\public\index.php(44): CodeIgniter\CodeIgniter->run()
#7 {main}
CRITICAL - 2021-06-06 18:31:06 --> Decrypting: authentication failed.
#0 C:\xampp\htdocs\www\Nesti_CodeIngniterdebug\system\Encryption\Handlers\OpenSSLHandler.php(118): CodeIgniter\Encryption\Exceptions\EncryptionException::forAuthenticationFailed()
#1 C:\xampp\htdocs\www\Nesti_CodeIngniterdebug\app\Controllers\UserController.php(107): CodeIgniter\Encryption\Handlers\OpenSSLHandler->decrypt('')
#2 C:\xampp\htdocs\www\Nesti_CodeIngniterdebug\app\Controllers\UserController.php(61): App\Controllers\UserController::setLoggedInUser(Object(App\Entities\Users), '123')
#3 C:\xampp\htdocs\www\Nesti_CodeIngniterdebug\system\CodeIgniter.php(936): App\Controllers\UserController->login()
#4 C:\xampp\htdocs\www\Nesti_CodeIngniterdebug\system\CodeIgniter.php(432): CodeIgniter\CodeIgniter->runController(Object(App\Controllers\UserController))
#5 C:\xampp\htdocs\www\Nesti_CodeIngniterdebug\system\CodeIgniter.php(333): CodeIgniter\CodeIgniter->handleRequest(NULL, Object(Config\Cache), false)
#6 C:\xampp\htdocs\www\Nesti_CodeIngniterdebug\public\index.php(44): CodeIgniter\CodeIgniter->run()
#7 {main}
CRITICAL - 2021-06-06 18:34:44 --> Call to undefined function form_open()
#0 C:\xampp\htdocs\www\Nesti_CodeIngniterdebug\vendor\twig\twig\src\Template.php(171): __TwigTemplate_7f75d8f3e3dfe21a6fd557478a1c7ed138e35a5fdcadbeb3f3ea9a662de17c5c->block_body(Array, Array)
#1 C:\xampp\htdocs\www\Nesti_CodeIngniterdebug\writable\cache\twig\42\429bc18ecf64da83aa73e3842f4a695bc06d104bdaaab46961b41a9a8d09f42b.php(74): Twig\Template->displayBlock('body', Array, Array)
#2 C:\xampp\htdocs\www\Nesti_CodeIngniterdebug\vendor\twig\twig\src\Template.php(394): __TwigTemplate_fe4c5965f1d618e4ff090cd41c2972ec12d17220d931e43dd48b919fa984110b->doDisplay(Array, Array)
#3 C:\xampp\htdocs\www\Nesti_CodeIngniterdebug\vendor\twig\twig\src\Template.php(367): Twig\Template->displayWithErrorHandling(Array, Array)
#4 C:\xampp\htdocs\www\Nesti_CodeIngniterdebug\writable\cache\twig\85\856d1e9ac555e1cdbea6c28472dc5fac897cd6e3ec2eed20600ae2263266a572.php(42): Twig\Template->display(Array, Array)
#5 C:\xampp\htdocs\www\Nesti_CodeIngniterdebug\vendor\twig\twig\src\Template.php(394): __TwigTemplate_7f75d8f3e3dfe21a6fd557478a1c7ed138e35a5fdcadbeb3f3ea9a662de17c5c->doDisplay(Array, Array)
#6 C:\xampp\htdocs\www\Nesti_CodeIngniterdebug\vendor\twig\twig\src\Template.php(367): Twig\Template->displayWithErrorHandling(Array, Array)
#7 C:\xampp\htdocs\www\Nesti_CodeIngniterdebug\vendor\twig\twig\src\Template.php(379): Twig\Template->display(Array)
#8 C:\xampp\htdocs\www\Nesti_CodeIngniterdebug\vendor\twig\twig\src\TemplateWrapper.php(40): Twig\Template->render(Array, Array)
#9 C:\xampp\htdocs\www\Nesti_CodeIngniterdebug\vendor\twig\twig\src\Environment.php(277): Twig\TemplateWrapper->render(Array)
#10 C:\xampp\htdocs\www\Nesti_CodeIngniterdebug\vendor\kenjis\codeigniter-ss-twig\src\CI4Twig\Twig.php(177): Twig\Environment->render('templates/login...', Array)
#11 C:\xampp\htdocs\www\Nesti_CodeIngniterdebug\vendor\kenjis\codeigniter-ss-twig\src\CI4Twig\Twig.php(156): Kenjis\CI4Twig\Twig->render('templates/login...', Array)
#12 C:\xampp\htdocs\www\Nesti_CodeIngniterdebug\app\Controllers\UserController.php(195): Kenjis\CI4Twig\Twig->display('templates/login...')
#13 C:\xampp\htdocs\www\Nesti_CodeIngniterdebug\system\CodeIgniter.php(936): App\Controllers\UserController->logout()
#14 C:\xampp\htdocs\www\Nesti_CodeIngniterdebug\system\CodeIgniter.php(432): CodeIgniter\CodeIgniter->runController(Object(App\Controllers\UserController))
#15 C:\xampp\htdocs\www\Nesti_CodeIngniterdebug\system\CodeIgniter.php(333): CodeIgniter\CodeIgniter->handleRequest(NULL, Object(Config\Cache), false)
#16 C:\xampp\htdocs\www\Nesti_CodeIngniterdebug\public\index.php(44): CodeIgniter\CodeIgniter->run()
#17 {main}
CRITICAL - 2021-06-06 18:35:00 --> Call to undefined function form_open()
#0 C:\xampp\htdocs\www\Nesti_CodeIngniterdebug\vendor\twig\twig\src\Template.php(171): __TwigTemplate_7f75d8f3e3dfe21a6fd557478a1c7ed138e35a5fdcadbeb3f3ea9a662de17c5c->block_body(Array, Array)
#1 C:\xampp\htdocs\www\Nesti_CodeIngniterdebug\writable\cache\twig\42\429bc18ecf64da83aa73e3842f4a695bc06d104bdaaab46961b41a9a8d09f42b.php(74): Twig\Template->displayBlock('body', Array, Array)
#2 C:\xampp\htdocs\www\Nesti_CodeIngniterdebug\vendor\twig\twig\src\Template.php(394): __TwigTemplate_fe4c5965f1d618e4ff090cd41c2972ec12d17220d931e43dd48b919fa984110b->doDisplay(Array, Array)
#3 C:\xampp\htdocs\www\Nesti_CodeIngniterdebug\vendor\twig\twig\src\Template.php(367): Twig\Template->displayWithErrorHandling(Array, Array)
#4 C:\xampp\htdocs\www\Nesti_CodeIngniterdebug\writable\cache\twig\85\856d1e9ac555e1cdbea6c28472dc5fac897cd6e3ec2eed20600ae2263266a572.php(42): Twig\Template->display(Array, Array)
#5 C:\xampp\htdocs\www\Nesti_CodeIngniterdebug\vendor\twig\twig\src\Template.php(394): __TwigTemplate_7f75d8f3e3dfe21a6fd557478a1c7ed138e35a5fdcadbeb3f3ea9a662de17c5c->doDisplay(Array, Array)
#6 C:\xampp\htdocs\www\Nesti_CodeIngniterdebug\vendor\twig\twig\src\Template.php(367): Twig\Template->displayWithErrorHandling(Array, Array)
#7 C:\xampp\htdocs\www\Nesti_CodeIngniterdebug\vendor\twig\twig\src\Template.php(379): Twig\Template->display(Array)
#8 C:\xampp\htdocs\www\Nesti_CodeIngniterdebug\vendor\twig\twig\src\TemplateWrapper.php(40): Twig\Template->render(Array, Array)
#9 C:\xampp\htdocs\www\Nesti_CodeIngniterdebug\vendor\twig\twig\src\Environment.php(277): Twig\TemplateWrapper->render(Array)
#10 C:\xampp\htdocs\www\Nesti_CodeIngniterdebug\vendor\kenjis\codeigniter-ss-twig\src\CI4Twig\Twig.php(177): Twig\Environment->render('templates/login...', Array)
#11 C:\xampp\htdocs\www\Nesti_CodeIngniterdebug\vendor\kenjis\codeigniter-ss-twig\src\CI4Twig\Twig.php(156): Kenjis\CI4Twig\Twig->render('templates/login...', Array)
#12 C:\xampp\htdocs\www\Nesti_CodeIngniterdebug\app\Controllers\UserController.php(195): Kenjis\CI4Twig\Twig->display('templates/login...')
#13 C:\xampp\htdocs\www\Nesti_CodeIngniterdebug\system\CodeIgniter.php(936): App\Controllers\UserController->logout()
#14 C:\xampp\htdocs\www\Nesti_CodeIngniterdebug\system\CodeIgniter.php(432): CodeIgniter\CodeIgniter->runController(Object(App\Controllers\UserController))
#15 C:\xampp\htdocs\www\Nesti_CodeIngniterdebug\system\CodeIgniter.php(333): CodeIgniter\CodeIgniter->handleRequest(NULL, Object(Config\Cache), false)
#16 C:\xampp\htdocs\www\Nesti_CodeIngniterdebug\public\index.php(44): CodeIgniter\CodeIgniter->run()
#17 {main}
